mode: atomic
github.com/smplkit/go-sdk/auth.go:13.78,18.2 3 273
github.com/smplkit/go-sdk/client.go:56.106,59.23 2 191
github.com/smplkit/go-sdk/client.go:59.23,61.3 1 3
github.com/smplkit/go-sdk/client.go:62.2,62.23 1 191
github.com/smplkit/go-sdk/client.go:62.23,68.3 1 2
github.com/smplkit/go-sdk/client.go:71.2,72.27 2 189
github.com/smplkit/go-sdk/client.go:72.27,74.3 1 3
github.com/smplkit/go-sdk/client.go:75.2,75.27 1 189
github.com/smplkit/go-sdk/client.go:75.27,81.3 1 2
github.com/smplkit/go-sdk/client.go:83.2,84.27 2 187
github.com/smplkit/go-sdk/client.go:84.27,86.3 1 145
github.com/smplkit/go-sdk/client.go:89.2,90.16 2 187
github.com/smplkit/go-sdk/client.go:90.16,92.3 1 6
github.com/smplkit/go-sdk/client.go:94.2,95.27 2 181
github.com/smplkit/go-sdk/client.go:95.27,97.3 1 25
github.com/smplkit/go-sdk/client.go:97.8,101.3 1 156
github.com/smplkit/go-sdk/client.go:104.2,105.17 2 181
github.com/smplkit/go-sdk/client.go:105.17,107.3 1 157
github.com/smplkit/go-sdk/client.go:108.2,115.97 2 181
github.com/smplkit/go-sdk/client.go:115.97,119.3 3 88
github.com/smplkit/go-sdk/client.go:120.2,126.101 2 181
github.com/smplkit/go-sdk/client.go:126.101,130.3 3 3
github.com/smplkit/go-sdk/client.go:131.2,132.65 2 181
github.com/smplkit/go-sdk/client.go:132.65,134.3 1 118
github.com/smplkit/go-sdk/client.go:135.2,141.97 2 181
github.com/smplkit/go-sdk/client.go:141.97,145.3 3 1
github.com/smplkit/go-sdk/client.go:146.2,147.65 2 181
github.com/smplkit/go-sdk/client.go:147.65,149.3 1 118
github.com/smplkit/go-sdk/client.go:150.2,156.105 2 181
github.com/smplkit/go-sdk/client.go:156.105,160.3 3 89
github.com/smplkit/go-sdk/client.go:161.2,162.65 2 181
github.com/smplkit/go-sdk/client.go:162.65,164.3 1 118
github.com/smplkit/go-sdk/client.go:165.2,182.15 7 181
github.com/smplkit/go-sdk/client.go:186.39,186.63 1 1
github.com/smplkit/go-sdk/client.go:189.35,189.55 1 3
github.com/smplkit/go-sdk/client.go:192.41,194.2 1 83
github.com/smplkit/go-sdk/client.go:197.39,199.2 1 13
github.com/smplkit/go-sdk/client.go:202.43,204.2 1 100
github.com/smplkit/go-sdk/client.go:207.32,208.22 1 2
github.com/smplkit/go-sdk/client.go:208.22,210.3 1 2
github.com/smplkit/go-sdk/client.go:211.2,212.12 2 2
github.com/smplkit/go-sdk/client.go:217.62,229.16 4 8
github.com/smplkit/go-sdk/client.go:229.16,232.3 2 2
github.com/smplkit/go-sdk/client.go:233.2,233.19 1 6
github.com/smplkit/go-sdk/client.go:237.46,240.17 3 15
github.com/smplkit/go-sdk/client.go:240.17,243.3 2 14
github.com/smplkit/go-sdk/client.go:244.2,244.13 1 15
github.com/smplkit/go-sdk/client.go:248.27,252.15 4 9
github.com/smplkit/go-sdk/client.go:252.15,254.3 1 6
github.com/smplkit/go-sdk/config_client.go:56.70,64.27 2 11
github.com/smplkit/go-sdk/config_client.go:64.27,66.3 1 12
github.com/smplkit/go-sdk/config_client.go:67.2,67.12 1 11
github.com/smplkit/go-sdk/config_client.go:75.78,78.16 3 26
github.com/smplkit/go-sdk/config_client.go:78.16,80.3 1 2
github.com/smplkit/go-sdk/config_client.go:81.2,84.16 3 24
github.com/smplkit/go-sdk/config_client.go:84.16,88.3 1 2
github.com/smplkit/go-sdk/config_client.go:89.2,89.59 1 22
github.com/smplkit/go-sdk/config_client.go:89.59,91.3 1 2
github.com/smplkit/go-sdk/config_client.go:93.2,94.54 2 20
github.com/smplkit/go-sdk/config_client.go:94.54,96.3 1 1
github.com/smplkit/go-sdk/config_client.go:98.2,98.27 1 19
github.com/smplkit/go-sdk/config_client.go:98.27,105.3 1 2
github.com/smplkit/go-sdk/config_client.go:106.2,106.49 1 17
github.com/smplkit/go-sdk/config_client.go:110.81,112.16 2 23
github.com/smplkit/go-sdk/config_client.go:112.16,114.3 1 1
github.com/smplkit/go-sdk/config_client.go:116.2,117.16 2 22
github.com/smplkit/go-sdk/config_client.go:117.16,119.3 1 1
github.com/smplkit/go-sdk/config_client.go:120.2,123.16 3 21
github.com/smplkit/go-sdk/config_client.go:123.16,127.3 1 3
github.com/smplkit/go-sdk/config_client.go:128.2,128.59 1 18
github.com/smplkit/go-sdk/config_client.go:128.59,130.3 1 3
github.com/smplkit/go-sdk/config_client.go:132.2,133.54 2 15
github.com/smplkit/go-sdk/config_client.go:133.54,135.3 1 1
github.com/smplkit/go-sdk/config_client.go:136.2,136.46 1 14
github.com/smplkit/go-sdk/config_client.go:140.69,142.16 2 32
github.com/smplkit/go-sdk/config_client.go:142.16,144.3 1 8
github.com/smplkit/go-sdk/config_client.go:145.2,148.16 3 24
github.com/smplkit/go-sdk/config_client.go:148.16,152.3 1 1
github.com/smplkit/go-sdk/config_client.go:153.2,153.59 1 23
github.com/smplkit/go-sdk/config_client.go:153.59,155.3 1 4
github.com/smplkit/go-sdk/config_client.go:157.2,158.54 2 19
github.com/smplkit/go-sdk/config_client.go:158.54,160.3 1 1
github.com/smplkit/go-sdk/config_client.go:162.2,163.29 2 18
github.com/smplkit/go-sdk/config_client.go:163.29,165.3 1 16
github.com/smplkit/go-sdk/config_client.go:166.2,166.21 1 18
github.com/smplkit/go-sdk/config_client.go:171.70,173.16 2 5
github.com/smplkit/go-sdk/config_client.go:173.16,175.3 1 3
github.com/smplkit/go-sdk/config_client.go:176.2,176.34 1 2
github.com/smplkit/go-sdk/config_client.go:180.73,182.16 2 6
github.com/smplkit/go-sdk/config_client.go:182.16,184.3 1 1
github.com/smplkit/go-sdk/config_client.go:186.2,187.16 2 5
github.com/smplkit/go-sdk/config_client.go:187.16,189.3 1 1
github.com/smplkit/go-sdk/config_client.go:190.2,193.16 3 4
github.com/smplkit/go-sdk/config_client.go:193.16,197.3 1 1
github.com/smplkit/go-sdk/config_client.go:198.2,198.43 1 3
github.com/smplkit/go-sdk/config_client.go:202.77,206.16 3 8
github.com/smplkit/go-sdk/config_client.go:206.16,208.3 1 2
github.com/smplkit/go-sdk/config_client.go:209.2,212.16 3 6
github.com/smplkit/go-sdk/config_client.go:212.16,216.3 1 1
github.com/smplkit/go-sdk/config_client.go:217.2,217.59 1 5
github.com/smplkit/go-sdk/config_client.go:217.59,219.3 1 1
github.com/smplkit/go-sdk/config_client.go:221.2,222.54 2 4
github.com/smplkit/go-sdk/config_client.go:222.54,224.3 1 1
github.com/smplkit/go-sdk/config_client.go:225.2,226.12 2 3
github.com/smplkit/go-sdk/config_client.go:230.77,232.16 2 13
github.com/smplkit/go-sdk/config_client.go:232.16,234.3 1 1
github.com/smplkit/go-sdk/config_client.go:236.2,239.16 3 12
github.com/smplkit/go-sdk/config_client.go:239.16,241.3 1 2
github.com/smplkit/go-sdk/config_client.go:242.2,245.16 3 10
github.com/smplkit/go-sdk/config_client.go:245.16,249.3 1 1
github.com/smplkit/go-sdk/config_client.go:250.2,250.59 1 9
github.com/smplkit/go-sdk/config_client.go:250.59,252.3 1 1
github.com/smplkit/go-sdk/config_client.go:254.2,255.54 2 8
github.com/smplkit/go-sdk/config_client.go:255.54,257.3 1 1
github.com/smplkit/go-sdk/config_client.go:258.2,259.12 2 7
github.com/smplkit/go-sdk/config_client.go:266.97,267.42 1 6
github.com/smplkit/go-sdk/config_client.go:267.42,269.3 1 2
github.com/smplkit/go-sdk/config_client.go:270.2,271.9 2 4
github.com/smplkit/go-sdk/config_client.go:271.9,273.3 1 2
github.com/smplkit/go-sdk/config_client.go:275.2,276.29 2 2
github.com/smplkit/go-sdk/config_client.go:276.29,278.3 1 4
github.com/smplkit/go-sdk/config_client.go:279.2,279.16 1 2
github.com/smplkit/go-sdk/config_client.go:285.95,287.16 2 3
github.com/smplkit/go-sdk/config_client.go:287.16,289.3 1 1
github.com/smplkit/go-sdk/config_client.go:290.2,290.44 1 2
github.com/smplkit/go-sdk/config_client.go:296.88,297.42 1 2
github.com/smplkit/go-sdk/config_client.go:297.42,299.3 1 1
github.com/smplkit/go-sdk/config_client.go:300.2,300.46 1 1
github.com/smplkit/go-sdk/config_client.go:307.62,308.23 1 42
github.com/smplkit/go-sdk/config_client.go:308.23,311.17 3 14
github.com/smplkit/go-sdk/config_client.go:311.17,314.4 2 4
github.com/smplkit/go-sdk/config_client.go:316.3,317.31 2 10
github.com/smplkit/go-sdk/config_client.go:317.31,319.23 2 10
github.com/smplkit/go-sdk/config_client.go:319.23,322.5 2 1
github.com/smplkit/go-sdk/config_client.go:323.4,323.53 1 9
github.com/smplkit/go-sdk/config_client.go:325.3,325.24 1 9
github.com/smplkit/go-sdk/config_client.go:327.2,327.18 1 42
github.com/smplkit/go-sdk/config_client.go:335.59,336.42 1 7
github.com/smplkit/go-sdk/config_client.go:336.42,338.3 1 1
github.com/smplkit/go-sdk/config_client.go:339.2,340.23 2 6
github.com/smplkit/go-sdk/config_client.go:340.23,342.3 1 1
github.com/smplkit/go-sdk/config_client.go:344.2,345.16 2 5
github.com/smplkit/go-sdk/config_client.go:345.16,347.3 1 1
github.com/smplkit/go-sdk/config_client.go:349.2,350.30 2 4
github.com/smplkit/go-sdk/config_client.go:350.30,352.22 2 4
github.com/smplkit/go-sdk/config_client.go:352.22,354.4 1 1
github.com/smplkit/go-sdk/config_client.go:355.3,355.55 1 3
github.com/smplkit/go-sdk/config_client.go:357.2,360.12 4 3
github.com/smplkit/go-sdk/config_client.go:365.92,367.27 2 2
github.com/smplkit/go-sdk/config_client.go:367.27,369.3 1 2
github.com/smplkit/go-sdk/config_client.go:370.2,376.24 3 2
github.com/smplkit/go-sdk/config_client.go:388.53,389.39 1 1
github.com/smplkit/go-sdk/config_client.go:389.39,391.3 1 1
github.com/smplkit/go-sdk/config_client.go:395.51,396.39 1 1
github.com/smplkit/go-sdk/config_client.go:396.39,398.3 1 1
github.com/smplkit/go-sdk/config_client.go:405.112,406.42 1 27
github.com/smplkit/go-sdk/config_client.go:406.42,408.3 1 6
github.com/smplkit/go-sdk/config_client.go:409.2,410.9 2 21
github.com/smplkit/go-sdk/config_client.go:410.9,412.3 1 1
github.com/smplkit/go-sdk/config_client.go:413.2,413.23 1 20
github.com/smplkit/go-sdk/config_client.go:413.23,415.30 2 1
github.com/smplkit/go-sdk/config_client.go:415.30,417.4 1 2
github.com/smplkit/go-sdk/config_client.go:418.3,418.17 1 1
github.com/smplkit/go-sdk/config_client.go:420.2,421.9 2 19
github.com/smplkit/go-sdk/config_client.go:421.9,423.3 1 4
github.com/smplkit/go-sdk/config_client.go:424.2,424.17 1 15
github.com/smplkit/go-sdk/config_client.go:428.120,430.16 2 4
github.com/smplkit/go-sdk/config_client.go:430.16,432.3 1 1
github.com/smplkit/go-sdk/config_client.go:433.2,433.31 1 3
github.com/smplkit/go-sdk/config_client.go:433.31,435.3 1 1
github.com/smplkit/go-sdk/config_client.go:436.2,436.25 1 2
github.com/smplkit/go-sdk/config_client.go:436.25,438.3 1 1
github.com/smplkit/go-sdk/config_client.go:439.2,439.16 1 1
github.com/smplkit/go-sdk/config_client.go:443.111,445.16 2 12
github.com/smplkit/go-sdk/config_client.go:445.16,447.3 1 1
github.com/smplkit/go-sdk/config_client.go:448.2,448.25 1 11
github.com/smplkit/go-sdk/config_client.go:449.11,450.16 1 1
github.com/smplkit/go-sdk/config_client.go:451.15,452.21 1 7
github.com/smplkit/go-sdk/config_client.go:453.13,454.21 1 1
github.com/smplkit/go-sdk/config_client.go:456.2,456.25 1 2
github.com/smplkit/go-sdk/config_client.go:456.25,458.3 1 1
github.com/smplkit/go-sdk/config_client.go:459.2,459.15 1 1
github.com/smplkit/go-sdk/config_client.go:463.114,465.16 2 4
github.com/smplkit/go-sdk/config_client.go:465.16,467.3 1 1
github.com/smplkit/go-sdk/config_client.go:468.2,468.29 1 3
github.com/smplkit/go-sdk/config_client.go:468.29,470.3 1 1
github.com/smplkit/go-sdk/config_client.go:471.2,471.25 1 2
github.com/smplkit/go-sdk/config_client.go:471.25,473.3 1 1
github.com/smplkit/go-sdk/config_client.go:474.2,474.19 1 1
github.com/smplkit/go-sdk/config_client.go:480.105,486.25 5 10
github.com/smplkit/go-sdk/config_client.go:486.25,488.3 1 2
github.com/smplkit/go-sdk/config_client.go:490.2,491.26 2 8
github.com/smplkit/go-sdk/config_client.go:491.26,493.3 1 8
github.com/smplkit/go-sdk/config_client.go:494.2,494.26 1 8
github.com/smplkit/go-sdk/config_client.go:494.26,496.3 1 8
github.com/smplkit/go-sdk/config_client.go:498.2,498.36 1 8
github.com/smplkit/go-sdk/config_client.go:498.36,501.22 3 9
github.com/smplkit/go-sdk/config_client.go:501.22,503.4 1 1
github.com/smplkit/go-sdk/config_client.go:504.3,504.22 1 9
github.com/smplkit/go-sdk/config_client.go:504.22,506.4 1 1
github.com/smplkit/go-sdk/config_client.go:508.3,509.27 2 9
github.com/smplkit/go-sdk/config_client.go:509.27,511.4 1 11
github.com/smplkit/go-sdk/config_client.go:512.3,512.27 1 9
github.com/smplkit/go-sdk/config_client.go:512.27,514.4 1 10
github.com/smplkit/go-sdk/config_client.go:516.3,516.33 1 9
github.com/smplkit/go-sdk/config_client.go:516.33,519.42 3 12
github.com/smplkit/go-sdk/config_client.go:519.42,527.33 2 11
github.com/smplkit/go-sdk/config_client.go:527.33,528.52 1 12
github.com/smplkit/go-sdk/config_client.go:528.52,529.15 1 1
github.com/smplkit/go-sdk/config_client.go:531.6,531.46 1 11
github.com/smplkit/go-sdk/config_client.go:531.46,532.15 1 2
github.com/smplkit/go-sdk/config_client.go:534.6,534.13 1 9
github.com/smplkit/go-sdk/config_client.go:534.13,535.20 1 9
github.com/smplkit/go-sdk/config_client.go:535.20,535.33 1 9
github.com/smplkit/go-sdk/config_client.go:536.7,536.16 1 9
github.com/smplkit/go-sdk/config_client.go:545.93,548.22 3 15
github.com/smplkit/go-sdk/config_client.go:548.22,550.17 2 16
github.com/smplkit/go-sdk/config_client.go:550.17,552.4 1 2
github.com/smplkit/go-sdk/config_client.go:553.3,558.25 2 14
github.com/smplkit/go-sdk/config_client.go:558.25,559.9 1 13
github.com/smplkit/go-sdk/config_client.go:561.3,561.27 1 1
github.com/smplkit/go-sdk/config_client.go:563.2,563.19 1 13
github.com/smplkit/go-sdk/config_client.go:567.76,570.17 3 57
github.com/smplkit/go-sdk/config_client.go:570.17,572.3 1 57
github.com/smplkit/go-sdk/config_client.go:573.2,574.22 2 57
github.com/smplkit/go-sdk/config_client.go:574.22,576.3 1 57
github.com/smplkit/go-sdk/config_client.go:577.2,588.3 1 57
github.com/smplkit/go-sdk/config_client.go:592.164,594.14 2 20
github.com/smplkit/go-sdk/config_client.go:594.14,596.3 1 12
github.com/smplkit/go-sdk/config_client.go:597.2,611.3 2 20
github.com/smplkit/go-sdk/config_client.go:615.83,616.21 1 9
github.com/smplkit/go-sdk/config_client.go:616.21,618.3 1 4
github.com/smplkit/go-sdk/config_client.go:619.2,621.16 3 5
github.com/smplkit/go-sdk/config_client.go:621.16,623.3 1 1
github.com/smplkit/go-sdk/config_client.go:624.2,624.37 1 4
github.com/smplkit/go-sdk/config_client.go:630.79,632.31 2 12
github.com/smplkit/go-sdk/config_client.go:632.31,635.30 3 17
github.com/smplkit/go-sdk/config_client.go:635.30,636.25 1 26
github.com/smplkit/go-sdk/config_client.go:636.25,638.5 1 17
github.com/smplkit/go-sdk/config_client.go:638.10,639.38 1 9
github.com/smplkit/go-sdk/config_client.go:639.38,640.58 1 3
github.com/smplkit/go-sdk/config_client.go:640.58,642.7 1 2
github.com/smplkit/go-sdk/config_client.go:642.12,647.7 3 1
github.com/smplkit/go-sdk/config_client.go:648.11,652.6 3 6
github.com/smplkit/go-sdk/config_client.go:656.2,656.15 1 12
github.com/smplkit/go-sdk/config_client.go:661.84,662.14 1 58
github.com/smplkit/go-sdk/config_client.go:662.14,664.3 1 1
github.com/smplkit/go-sdk/config_client.go:665.2,666.23 2 57
github.com/smplkit/go-sdk/config_client.go:666.23,668.3 1 51
github.com/smplkit/go-sdk/config_client.go:669.2,669.15 1 57
github.com/smplkit/go-sdk/config_client.go:672.82,673.14 1 21
github.com/smplkit/go-sdk/config_client.go:673.14,675.3 1 1
github.com/smplkit/go-sdk/config_client.go:676.2,677.22 2 20
github.com/smplkit/go-sdk/config_client.go:677.22,681.3 3 8
github.com/smplkit/go-sdk/config_client.go:682.2,682.16 1 20
github.com/smplkit/go-sdk/config_client.go:685.98,686.17 1 58
github.com/smplkit/go-sdk/config_client.go:686.17,688.3 1 1
github.com/smplkit/go-sdk/config_client.go:689.2,690.26 2 57
github.com/smplkit/go-sdk/config_client.go:690.26,692.22 2 15
github.com/smplkit/go-sdk/config_client.go:692.22,694.34 2 15
github.com/smplkit/go-sdk/config_client.go:694.34,696.5 1 16
github.com/smplkit/go-sdk/config_client.go:697.4,697.26 1 15
github.com/smplkit/go-sdk/config_client.go:699.3,699.20 1 15
github.com/smplkit/go-sdk/config_client.go:701.2,701.15 1 57
github.com/smplkit/go-sdk/config_client.go:704.96,705.17 1 23
github.com/smplkit/go-sdk/config_client.go:705.17,707.3 1 1
github.com/smplkit/go-sdk/config_client.go:708.2,709.38 2 22
github.com/smplkit/go-sdk/config_client.go:709.38,711.41 2 7
github.com/smplkit/go-sdk/config_client.go:711.41,712.56 1 6
github.com/smplkit/go-sdk/config_client.go:712.56,714.33 2 5
github.com/smplkit/go-sdk/config_client.go:714.33,716.6 1 7
github.com/smplkit/go-sdk/config_client.go:717.5,717.31 1 5
github.com/smplkit/go-sdk/config_client.go:720.3,720.29 1 7
github.com/smplkit/go-sdk/config_client.go:722.2,722.16 1 22
github.com/smplkit/go-sdk/config_client.go:725.77,726.18 1 61
github.com/smplkit/go-sdk/config_client.go:726.18,728.3 1 1
github.com/smplkit/go-sdk/config_client.go:729.2,730.26 2 60
github.com/smplkit/go-sdk/config_client.go:730.26,731.46 1 55
github.com/smplkit/go-sdk/config_client.go:731.46,732.41 1 53
github.com/smplkit/go-sdk/config_client.go:732.41,734.13 2 52
github.com/smplkit/go-sdk/config_client.go:737.3,737.16 1 3
github.com/smplkit/go-sdk/config_client.go:739.2,739.15 1 60
github.com/smplkit/go-sdk/config_client.go:742.100,743.17 1 63
github.com/smplkit/go-sdk/config_client.go:743.17,745.3 1 1
github.com/smplkit/go-sdk/config_client.go:746.2,747.38 2 62
github.com/smplkit/go-sdk/config_client.go:747.38,749.30 2 20
github.com/smplkit/go-sdk/config_client.go:749.30,750.21 1 21
github.com/smplkit/go-sdk/config_client.go:750.21,751.54 1 19
github.com/smplkit/go-sdk/config_client.go:751.54,753.34 2 18
github.com/smplkit/go-sdk/config_client.go:753.34,754.51 1 19
github.com/smplkit/go-sdk/config_client.go:754.51,755.45 1 18
github.com/smplkit/go-sdk/config_client.go:755.45,757.17 2 17
github.com/smplkit/go-sdk/config_client.go:760.7,760.25 1 2
github.com/smplkit/go-sdk/config_client.go:762.6,763.14 2 18
github.com/smplkit/go-sdk/config_client.go:766.4,766.20 1 3
github.com/smplkit/go-sdk/config_client.go:768.3,768.30 1 20
github.com/smplkit/go-sdk/config_client.go:770.2,770.15 1 62
github.com/smplkit/go-sdk/config_client.go:773.74,774.18 1 21
github.com/smplkit/go-sdk/config_client.go:774.18,776.3 1 1
github.com/smplkit/go-sdk/config_client.go:777.2,778.26 2 20
github.com/smplkit/go-sdk/config_client.go:778.26,783.3 1 8
github.com/smplkit/go-sdk/config_client.go:784.2,784.15 1 20
github.com/smplkit/go-sdk/config_client.go:787.97,788.17 1 24
github.com/smplkit/go-sdk/config_client.go:788.17,790.3 1 1
github.com/smplkit/go-sdk/config_client.go:791.2,792.38 2 23
github.com/smplkit/go-sdk/config_client.go:792.38,794.30 2 8
github.com/smplkit/go-sdk/config_client.go:794.30,795.21 1 9
github.com/smplkit/go-sdk/config_client.go:795.21,796.54 1 7
github.com/smplkit/go-sdk/config_client.go:796.54,798.34 2 6
github.com/smplkit/go-sdk/config_client.go:798.34,802.7 1 8
github.com/smplkit/go-sdk/config_client.go:803.6,804.14 2 6
github.com/smplkit/go-sdk/config_client.go:807.4,807.18 1 3
github.com/smplkit/go-sdk/config_client.go:809.3,809.28 1 8
github.com/smplkit/go-sdk/config_client.go:811.2,811.15 1 23
github.com/smplkit/go-sdk/config_models.go:39.47,40.25 1 8
github.com/smplkit/go-sdk/config_models.go:40.25,40.42 1 8
github.com/smplkit/go-sdk/config_models.go:44.54,45.25 1 1
github.com/smplkit/go-sdk/config_models.go:45.25,45.50 1 1
github.com/smplkit/go-sdk/config_models.go:49.53,50.25 1 1
github.com/smplkit/go-sdk/config_models.go:50.25,50.49 1 1
github.com/smplkit/go-sdk/config_models.go:54.65,55.25 1 1
github.com/smplkit/go-sdk/config_models.go:55.25,55.44 1 1
github.com/smplkit/go-sdk/config_models.go:59.82,60.25 1 1
github.com/smplkit/go-sdk/config_models.go:60.25,60.50 1 1
github.com/smplkit/go-sdk/config_models.go:65.50,66.16 1 21
github.com/smplkit/go-sdk/config_models.go:66.16,68.3 1 8
github.com/smplkit/go-sdk/config_models.go:69.2,69.38 1 13
github.com/smplkit/go-sdk/config_models.go:72.39,82.2 9 10
github.com/smplkit/go-sdk/config_models.go:92.54,93.34 1 6
github.com/smplkit/go-sdk/config_models.go:93.34,95.3 1 2
github.com/smplkit/go-sdk/config_models.go:96.2,97.9 2 4
github.com/smplkit/go-sdk/config_models.go:97.9,99.3 1 1
github.com/smplkit/go-sdk/config_models.go:101.2,102.29 2 3
github.com/smplkit/go-sdk/config_models.go:102.29,104.3 1 4
github.com/smplkit/go-sdk/config_models.go:105.2,105.11 1 3
github.com/smplkit/go-sdk/config_models.go:111.59,114.2 2 2
github.com/smplkit/go-sdk/config_runtime.go:12.78,14.25 2 17
github.com/smplkit/go-sdk/config_runtime.go:14.25,16.3 1 8
github.com/smplkit/go-sdk/config_runtime.go:17.2,17.29 1 17
github.com/smplkit/go-sdk/config_runtime.go:17.29,18.36 1 25
github.com/smplkit/go-sdk/config_runtime.go:18.36,19.66 1 5
github.com/smplkit/go-sdk/config_runtime.go:19.66,20.60 1 2
github.com/smplkit/go-sdk/config_runtime.go:20.60,22.14 2 1
github.com/smplkit/go-sdk/config_runtime.go:26.3,26.16 1 24
github.com/smplkit/go-sdk/config_runtime.go:28.2,28.15 1 17
github.com/smplkit/go-sdk/config_runtime.go:35.82,37.39 2 12
github.com/smplkit/go-sdk/config_runtime.go:37.39,42.34 3 12
github.com/smplkit/go-sdk/config_runtime.go:42.34,44.4 1 18
github.com/smplkit/go-sdk/config_runtime.go:47.3,47.24 1 12
github.com/smplkit/go-sdk/config_runtime.go:47.24,48.59 1 12
github.com/smplkit/go-sdk/config_runtime.go:48.59,49.43 1 1
github.com/smplkit/go-sdk/config_runtime.go:49.43,50.58 1 1
github.com/smplkit/go-sdk/config_runtime.go:50.58,52.7 1 1
github.com/smplkit/go-sdk/config_runtime.go:58.3,58.39 1 12
github.com/smplkit/go-sdk/config_runtime.go:60.2,60.15 1 12
github.com/smplkit/go-sdk/errors.go:35.36,36.23 1 30
github.com/smplkit/go-sdk/errors.go:36.23,39.25 3 2
github.com/smplkit/go-sdk/errors.go:39.25,43.4 3 1
github.com/smplkit/go-sdk/errors.go:43.9,45.32 2 1
github.com/smplkit/go-sdk/errors.go:45.32,48.5 2 2
github.com/smplkit/go-sdk/errors.go:50.3,50.20 1 2
github.com/smplkit/go-sdk/errors.go:52.2,52.23 1 28
github.com/smplkit/go-sdk/errors.go:52.23,54.3 1 10
github.com/smplkit/go-sdk/errors.go:55.2,55.18 1 18
github.com/smplkit/go-sdk/errors.go:64.46,64.76 1 11
github.com/smplkit/go-sdk/errors.go:67.46,67.69 1 2
github.com/smplkit/go-sdk/errors.go:75.43,75.73 1 2
github.com/smplkit/go-sdk/errors.go:78.43,78.66 1 1
github.com/smplkit/go-sdk/errors.go:86.44,86.74 1 5
github.com/smplkit/go-sdk/errors.go:89.44,89.67 1 3
github.com/smplkit/go-sdk/errors.go:97.44,97.74 1 1
github.com/smplkit/go-sdk/errors.go:100.44,100.67 1 1
github.com/smplkit/go-sdk/errors.go:108.46,108.76 1 3
github.com/smplkit/go-sdk/errors.go:111.46,111.69 1 1
github.com/smplkit/go-sdk/flags_client.go:30.95,41.27 3 7
github.com/smplkit/go-sdk/flags_client.go:41.27,43.3 1 8
github.com/smplkit/go-sdk/flags_client.go:44.2,44.10 1 7
github.com/smplkit/go-sdk/flags_client.go:48.96,57.27 2 3
github.com/smplkit/go-sdk/flags_client.go:57.27,59.3 1 3
github.com/smplkit/go-sdk/flags_client.go:60.2,60.10 1 3
github.com/smplkit/go-sdk/flags_client.go:64.97,73.27 2 4
github.com/smplkit/go-sdk/flags_client.go:73.27,75.3 1 3
github.com/smplkit/go-sdk/flags_client.go:76.2,76.10 1 4
github.com/smplkit/go-sdk/flags_client.go:80.110,89.27 2 3
github.com/smplkit/go-sdk/flags_client.go:89.27,91.3 1 1
github.com/smplkit/go-sdk/flags_client.go:92.2,92.10 1 3
github.com/smplkit/go-sdk/flags_client.go:100.75,103.16 3 15
github.com/smplkit/go-sdk/flags_client.go:103.16,105.3 1 3
github.com/smplkit/go-sdk/flags_client.go:106.2,109.16 3 12
github.com/smplkit/go-sdk/flags_client.go:109.16,113.3 1 2
github.com/smplkit/go-sdk/flags_client.go:114.2,114.59 1 10
github.com/smplkit/go-sdk/flags_client.go:114.59,116.3 1 4
github.com/smplkit/go-sdk/flags_client.go:118.2,119.54 2 6
github.com/smplkit/go-sdk/flags_client.go:119.54,121.3 1 1
github.com/smplkit/go-sdk/flags_client.go:123.2,123.27 1 5
github.com/smplkit/go-sdk/flags_client.go:123.27,130.3 1 2
github.com/smplkit/go-sdk/flags_client.go:131.2,131.47 1 3
github.com/smplkit/go-sdk/flags_client.go:135.66,137.16 2 5
github.com/smplkit/go-sdk/flags_client.go:137.16,139.3 1 1
github.com/smplkit/go-sdk/flags_client.go:140.2,143.16 3 4
github.com/smplkit/go-sdk/flags_client.go:143.16,147.3 1 1
github.com/smplkit/go-sdk/flags_client.go:148.2,148.59 1 3
github.com/smplkit/go-sdk/flags_client.go:148.59,150.3 1 1
github.com/smplkit/go-sdk/flags_client.go:152.2,153.54 2 2
github.com/smplkit/go-sdk/flags_client.go:153.54,155.3 1 1
github.com/smplkit/go-sdk/flags_client.go:157.2,158.29 2 1
github.com/smplkit/go-sdk/flags_client.go:158.29,160.3 1 1
github.com/smplkit/go-sdk/flags_client.go:161.2,161.19 1 1
github.com/smplkit/go-sdk/flags_client.go:166.69,168.16 2 6
github.com/smplkit/go-sdk/flags_client.go:168.16,170.3 1 5
github.com/smplkit/go-sdk/flags_client.go:171.2,171.35 1 1
github.com/smplkit/go-sdk/flags_client.go:175.76,177.16 2 5
github.com/smplkit/go-sdk/flags_client.go:177.16,179.3 1 1
github.com/smplkit/go-sdk/flags_client.go:181.2,182.16 2 4
github.com/smplkit/go-sdk/flags_client.go:182.16,184.3 1 1
github.com/smplkit/go-sdk/flags_client.go:185.2,188.16 3 3
github.com/smplkit/go-sdk/flags_client.go:188.16,192.3 1 1
github.com/smplkit/go-sdk/flags_client.go:193.2,193.43 1 2
github.com/smplkit/go-sdk/flags_client.go:197.73,201.16 3 7
github.com/smplkit/go-sdk/flags_client.go:201.16,203.3 1 1
github.com/smplkit/go-sdk/flags_client.go:204.2,207.16 3 6
github.com/smplkit/go-sdk/flags_client.go:207.16,211.3 1 1
github.com/smplkit/go-sdk/flags_client.go:212.2,212.59 1 5
github.com/smplkit/go-sdk/flags_client.go:212.59,214.3 1 1
github.com/smplkit/go-sdk/flags_client.go:216.2,217.54 2 4
github.com/smplkit/go-sdk/flags_client.go:217.54,219.3 1 1
github.com/smplkit/go-sdk/flags_client.go:220.2,221.12 2 3
github.com/smplkit/go-sdk/flags_client.go:225.73,227.16 2 10
github.com/smplkit/go-sdk/flags_client.go:227.16,229.3 1 1
github.com/smplkit/go-sdk/flags_client.go:231.2,234.16 3 9
github.com/smplkit/go-sdk/flags_client.go:234.16,236.3 1 1
github.com/smplkit/go-sdk/flags_client.go:237.2,240.16 3 8
github.com/smplkit/go-sdk/flags_client.go:240.16,244.3 1 1
github.com/smplkit/go-sdk/flags_client.go:245.2,245.59 1 7
github.com/smplkit/go-sdk/flags_client.go:245.59,247.3 1 3
github.com/smplkit/go-sdk/flags_client.go:249.2,250.54 2 4
github.com/smplkit/go-sdk/flags_client.go:250.54,252.3 1 1
github.com/smplkit/go-sdk/flags_client.go:253.2,254.12 2 3
github.com/smplkit/go-sdk/flags_client.go:260.109,268.16 3 4
github.com/smplkit/go-sdk/flags_client.go:268.16,270.3 1 1
github.com/smplkit/go-sdk/flags_client.go:271.2,274.16 3 3
github.com/smplkit/go-sdk/flags_client.go:274.16,278.3 1 1
github.com/smplkit/go-sdk/flags_client.go:279.2,279.59 1 2
github.com/smplkit/go-sdk/flags_client.go:279.59,281.3 1 1
github.com/smplkit/go-sdk/flags_client.go:282.2,282.31 1 1
github.com/smplkit/go-sdk/flags_client.go:286.132,288.16 2 5
github.com/smplkit/go-sdk/flags_client.go:288.16,290.3 1 1
github.com/smplkit/go-sdk/flags_client.go:291.2,298.16 3 4
github.com/smplkit/go-sdk/flags_client.go:298.16,300.3 1 1
github.com/smplkit/go-sdk/flags_client.go:301.2,304.16 3 3
github.com/smplkit/go-sdk/flags_client.go:304.16,308.3 1 1
github.com/smplkit/go-sdk/flags_client.go:309.2,309.59 1 2
github.com/smplkit/go-sdk/flags_client.go:309.59,311.3 1 1
github.com/smplkit/go-sdk/flags_client.go:312.2,312.31 1 1
github.com/smplkit/go-sdk/flags_client.go:316.85,318.16 2 5
github.com/smplkit/go-sdk/flags_client.go:318.16,320.3 1 1
github.com/smplkit/go-sdk/flags_client.go:321.2,324.16 3 4
github.com/smplkit/go-sdk/flags_client.go:324.16,328.3 1 1
github.com/smplkit/go-sdk/flags_client.go:329.2,329.59 1 3
github.com/smplkit/go-sdk/flags_client.go:329.59,331.3 1 1
github.com/smplkit/go-sdk/flags_client.go:333.2,334.54 2 2
github.com/smplkit/go-sdk/flags_client.go:334.54,336.3 1 1
github.com/smplkit/go-sdk/flags_client.go:338.2,339.32 2 1
github.com/smplkit/go-sdk/flags_client.go:339.32,344.18 2 2
github.com/smplkit/go-sdk/flags_client.go:344.18,346.4 1 2
github.com/smplkit/go-sdk/flags_client.go:347.3,347.37 1 2
github.com/smplkit/go-sdk/flags_client.go:347.37,349.4 1 2
github.com/smplkit/go-sdk/flags_client.go:350.3,350.28 1 2
github.com/smplkit/go-sdk/flags_client.go:352.2,352.19 1 1
github.com/smplkit/go-sdk/flags_client.go:356.81,358.16 2 5
github.com/smplkit/go-sdk/flags_client.go:358.16,360.3 1 1
github.com/smplkit/go-sdk/flags_client.go:361.2,362.16 2 4
github.com/smplkit/go-sdk/flags_client.go:362.16,364.3 1 1
github.com/smplkit/go-sdk/flags_client.go:365.2,368.16 3 3
github.com/smplkit/go-sdk/flags_client.go:368.16,372.3 1 1
github.com/smplkit/go-sdk/flags_client.go:373.2,373.43 1 2
github.com/smplkit/go-sdk/flags_client.go:377.114,382.16 3 5
github.com/smplkit/go-sdk/flags_client.go:382.16,384.3 1 1
github.com/smplkit/go-sdk/flags_client.go:385.2,388.16 3 4
github.com/smplkit/go-sdk/flags_client.go:388.16,392.3 1 1
github.com/smplkit/go-sdk/flags_client.go:393.2,393.59 1 3
github.com/smplkit/go-sdk/flags_client.go:393.59,395.3 1 1
github.com/smplkit/go-sdk/flags_client.go:397.2,400.54 2 2
github.com/smplkit/go-sdk/flags_client.go:400.54,402.3 1 1
github.com/smplkit/go-sdk/flags_client.go:403.2,403.25 1 1
github.com/smplkit/go-sdk/flags_client.go:409.68,412.17 3 13
github.com/smplkit/go-sdk/flags_client.go:412.17,414.3 1 12
github.com/smplkit/go-sdk/flags_client.go:416.2,417.25 2 13
github.com/smplkit/go-sdk/flags_client.go:417.25,419.35 2 10
github.com/smplkit/go-sdk/flags_client.go:419.35,421.4 1 14
github.com/smplkit/go-sdk/flags_client.go:422.3,422.14 1 10
github.com/smplkit/go-sdk/flags_client.go:425.2,439.3 2 13
github.com/smplkit/go-sdk/flags_client.go:443.96,444.17 1 26
github.com/smplkit/go-sdk/flags_client.go:444.17,446.3 1 4
github.com/smplkit/go-sdk/flags_client.go:447.2,448.34 2 22
github.com/smplkit/go-sdk/flags_client.go:448.34,450.25 2 4
github.com/smplkit/go-sdk/flags_client.go:450.25,452.4 1 4
github.com/smplkit/go-sdk/flags_client.go:453.3,453.25 1 4
github.com/smplkit/go-sdk/flags_client.go:453.25,455.4 1 2
github.com/smplkit/go-sdk/flags_client.go:456.3,456.23 1 4
github.com/smplkit/go-sdk/flags_client.go:456.23,458.33 2 3
github.com/smplkit/go-sdk/flags_client.go:458.33,463.29 2 2
github.com/smplkit/go-sdk/flags_client.go:463.29,465.6 1 1
github.com/smplkit/go-sdk/flags_client.go:466.5,466.23 1 2
github.com/smplkit/go-sdk/flags_client.go:468.4,468.26 1 3
github.com/smplkit/go-sdk/flags_client.go:469.9,471.4 1 1
github.com/smplkit/go-sdk/flags_client.go:472.3,472.26 1 4
github.com/smplkit/go-sdk/flags_client.go:474.2,474.15 1 22
github.com/smplkit/go-sdk/flags_client.go:478.159,480.14 2 19
github.com/smplkit/go-sdk/flags_client.go:480.14,482.3 1 10
github.com/smplkit/go-sdk/flags_client.go:483.2,486.19 3 19
github.com/smplkit/go-sdk/flags_client.go:486.19,488.29 2 17
github.com/smplkit/go-sdk/flags_client.go:488.29,490.4 1 20
github.com/smplkit/go-sdk/flags_client.go:493.2,509.3 2 19
github.com/smplkit/go-sdk/flags_client.go:513.97,514.17 1 25
github.com/smplkit/go-sdk/flags_client.go:514.17,516.3 1 3
github.com/smplkit/go-sdk/flags_client.go:517.2,518.37 2 22
github.com/smplkit/go-sdk/flags_client.go:518.37,520.10 2 8
github.com/smplkit/go-sdk/flags_client.go:520.10,521.12 1 1
github.com/smplkit/go-sdk/flags_client.go:524.3,526.50 2 7
github.com/smplkit/go-sdk/flags_client.go:526.50,528.4 1 4
github.com/smplkit/go-sdk/flags_client.go:529.3,529.40 1 7
github.com/smplkit/go-sdk/flags_client.go:529.40,531.4 1 2
github.com/smplkit/go-sdk/flags_client.go:532.3,532.42 1 7
github.com/smplkit/go-sdk/flags_client.go:532.42,533.54 1 6
github.com/smplkit/go-sdk/flags_client.go:533.54,535.37 2 5
github.com/smplkit/go-sdk/flags_client.go:535.37,536.55 1 4
github.com/smplkit/go-sdk/flags_client.go:536.55,540.66 2 3
github.com/smplkit/go-sdk/flags_client.go:540.66,542.8 1 2
github.com/smplkit/go-sdk/flags_client.go:542.13,544.8 1 1
github.com/smplkit/go-sdk/flags_client.go:545.7,545.55 1 3
github.com/smplkit/go-sdk/flags_client.go:545.55,547.8 1 2
github.com/smplkit/go-sdk/flags_client.go:548.7,548.34 1 3
github.com/smplkit/go-sdk/flags_client.go:551.5,551.23 1 5
github.com/smplkit/go-sdk/flags_client.go:555.3,555.24 1 7
github.com/smplkit/go-sdk/flags_client.go:557.2,557.16 1 22
github.com/smplkit/go-sdk/flags_client.go:561.58,565.54 2 5
github.com/smplkit/go-sdk/flags_client.go:565.54,567.3 1 1
github.com/smplkit/go-sdk/flags_client.go:568.2,568.41 1 4
github.com/smplkit/go-sdk/flags_client.go:572.69,581.51 2 5
github.com/smplkit/go-sdk/flags_client.go:581.51,583.3 1 1
github.com/smplkit/go-sdk/flags_client.go:584.2,585.18 2 4
github.com/smplkit/go-sdk/flags_client.go:585.18,587.3 1 1
github.com/smplkit/go-sdk/flags_client.go:588.2,593.8 1 4
github.com/smplkit/go-sdk/flags_client.go:597.101,599.16 2 14
github.com/smplkit/go-sdk/flags_client.go:599.16,601.3 1 6
github.com/smplkit/go-sdk/flags_client.go:602.2,603.26 2 8
github.com/smplkit/go-sdk/flags_client.go:603.26,606.3 2 6
github.com/smplkit/go-sdk/flags_client.go:607.2,607.19 1 8
github.com/smplkit/go-sdk/flags_client.go:611.93,613.16 2 25
github.com/smplkit/go-sdk/flags_client.go:613.16,615.3 1 2
github.com/smplkit/go-sdk/flags_client.go:616.2,619.16 3 23
github.com/smplkit/go-sdk/flags_client.go:619.16,623.3 1 1
github.com/smplkit/go-sdk/flags_client.go:624.2,624.59 1 22
github.com/smplkit/go-sdk/flags_client.go:624.59,626.3 1 8
github.com/smplkit/go-sdk/flags_client.go:628.2,629.54 2 14
github.com/smplkit/go-sdk/flags_client.go:629.54,631.3 1 1
github.com/smplkit/go-sdk/flags_client.go:633.2,634.32 2 13
github.com/smplkit/go-sdk/flags_client.go:634.32,637.26 3 9
github.com/smplkit/go-sdk/flags_client.go:637.26,639.36 2 9
github.com/smplkit/go-sdk/flags_client.go:639.36,641.5 1 6
github.com/smplkit/go-sdk/flags_client.go:642.4,642.14 1 9
github.com/smplkit/go-sdk/flags_client.go:645.3,654.27 2 9
github.com/smplkit/go-sdk/flags_client.go:656.2,656.19 1 13
github.com/smplkit/go-sdk/flags_client.go:663.85,665.2 1 3
github.com/smplkit/go-sdk/flags_client.go:668.85,670.2 1 1
github.com/smplkit/go-sdk/flags_client.go:673.86,675.2 1 1
github.com/smplkit/go-sdk/flags_client.go:678.97,680.2 1 1
github.com/smplkit/go-sdk/flags_client.go:683.82,685.2 1 1
github.com/smplkit/go-sdk/flags_client.go:688.55,690.2 1 4
github.com/smplkit/go-sdk/flags_client.go:693.58,695.2 1 2
github.com/smplkit/go-sdk/flags_client.go:698.49,700.2 1 1
github.com/smplkit/go-sdk/flags_client.go:703.41,705.2 1 1
github.com/smplkit/go-sdk/flags_client.go:708.59,710.2 1 2
github.com/smplkit/go-sdk/flags_client.go:714.74,716.2 1 1
github.com/smplkit/go-sdk/flags_client.go:719.74,721.2 1 2
github.com/smplkit/go-sdk/flags_client.go:724.58,726.2 1 1
github.com/smplkit/go-sdk/flags_client.go:729.117,731.2 1 5
github.com/smplkit/go-sdk/flags_client.go:734.90,735.21 1 11
github.com/smplkit/go-sdk/flags_client.go:735.21,737.3 1 7
github.com/smplkit/go-sdk/flags_client.go:738.2,739.30 2 4
github.com/smplkit/go-sdk/flags_client.go:739.30,743.68 4 104
github.com/smplkit/go-sdk/flags_client.go:743.68,745.4 1 102
github.com/smplkit/go-sdk/flags_client.go:746.3,746.30 1 104
github.com/smplkit/go-sdk/flags_client.go:748.2,751.31 3 4
github.com/smplkit/go-sdk/flags_client.go:751.31,753.3 1 3
github.com/smplkit/go-sdk/flags_models.go:46.43,47.23 1 10
github.com/smplkit/go-sdk/flags_models.go:47.23,47.40 1 10
github.com/smplkit/go-sdk/flags_models.go:51.50,52.23 1 2
github.com/smplkit/go-sdk/flags_models.go:52.23,52.48 1 2
github.com/smplkit/go-sdk/flags_models.go:56.52,57.23 1 3
github.com/smplkit/go-sdk/flags_models.go:57.23,57.45 1 3
github.com/smplkit/go-sdk/flags_models.go:62.48,63.16 1 10
github.com/smplkit/go-sdk/flags_models.go:63.16,65.3 1 7
github.com/smplkit/go-sdk/flags_models.go:66.2,66.36 1 3
github.com/smplkit/go-sdk/flags_models.go:72.64,74.25 2 8
github.com/smplkit/go-sdk/flags_models.go:74.25,76.3 1 3
github.com/smplkit/go-sdk/flags_models.go:78.2,80.9 3 5
github.com/smplkit/go-sdk/flags_models.go:80.9,82.3 1 3
github.com/smplkit/go-sdk/flags_models.go:82.8,84.3 1 2
github.com/smplkit/go-sdk/flags_models.go:86.2,88.30 3 5
github.com/smplkit/go-sdk/flags_models.go:88.30,89.25 1 20
github.com/smplkit/go-sdk/flags_models.go:89.25,91.4 1 15
github.com/smplkit/go-sdk/flags_models.go:93.2,97.12 5 5
github.com/smplkit/go-sdk/flags_models.go:102.67,105.9 3 3
github.com/smplkit/go-sdk/flags_models.go:105.9,107.3 1 2
github.com/smplkit/go-sdk/flags_models.go:107.8,109.3 1 1
github.com/smplkit/go-sdk/flags_models.go:110.2,112.23 3 3
github.com/smplkit/go-sdk/flags_models.go:117.77,120.9 3 3
github.com/smplkit/go-sdk/flags_models.go:120.9,122.3 1 2
github.com/smplkit/go-sdk/flags_models.go:122.8,124.3 1 1
github.com/smplkit/go-sdk/flags_models.go:125.2,127.23 3 3
github.com/smplkit/go-sdk/flags_models.go:132.42,134.62 2 2
github.com/smplkit/go-sdk/flags_models.go:134.62,139.3 4 1
github.com/smplkit/go-sdk/flags_models.go:142.35,153.2 10 7
github.com/smplkit/go-sdk/flags_models.go:167.66,168.14 1 15
github.com/smplkit/go-sdk/flags_models.go:168.14,170.3 1 1
github.com/smplkit/go-sdk/flags_models.go:171.2,172.22 2 14
github.com/smplkit/go-sdk/flags_models.go:172.22,174.3 1 6
github.com/smplkit/go-sdk/flags_models.go:175.2,175.15 1 14
github.com/smplkit/go-sdk/flags_models.go:178.63,180.22 2 10114
github.com/smplkit/go-sdk/flags_models.go:180.22,182.3 1 14
github.com/smplkit/go-sdk/flags_models.go:183.2,183.15 1 10114
github.com/smplkit/go-sdk/flags_runtime.go:47.55,48.18 1 351
github.com/smplkit/go-sdk/flags_runtime.go:48.18,50.3 1 2
github.com/smplkit/go-sdk/flags_runtime.go:51.2,55.3 1 351
github.com/smplkit/go-sdk/flags_runtime.go:58.63,61.34 3 45
github.com/smplkit/go-sdk/flags_runtime.go:61.34,65.3 3 7
github.com/smplkit/go-sdk/flags_runtime.go:66.2,67.19 2 38
github.com/smplkit/go-sdk/flags_runtime.go:70.62,73.34 3 46
github.com/smplkit/go-sdk/flags_runtime.go:73.34,77.3 3 1
github.com/smplkit/go-sdk/flags_runtime.go:78.2,81.31 4 45
github.com/smplkit/go-sdk/flags_runtime.go:81.31,83.20 2 2
github.com/smplkit/go-sdk/flags_runtime.go:83.20,86.4 2 2
github.com/smplkit/go-sdk/flags_runtime.go:90.35,95.2 4 12
github.com/smplkit/go-sdk/flags_runtime.go:97.54,101.2 3 4
github.com/smplkit/go-sdk/flags_runtime.go:116.64,120.2 1 345
github.com/smplkit/go-sdk/flags_runtime.go:122.65,125.31 3 10107
github.com/smplkit/go-sdk/flags_runtime.go:125.31,127.36 2 10110
github.com/smplkit/go-sdk/flags_runtime.go:127.36,128.12 1 2
github.com/smplkit/go-sdk/flags_runtime.go:130.3,130.48 1 10108
github.com/smplkit/go-sdk/flags_runtime.go:130.48,134.4 1 1
github.com/smplkit/go-sdk/flags_runtime.go:135.3,141.38 3 10108
github.com/smplkit/go-sdk/flags_runtime.go:145.70,151.2 5 8
github.com/smplkit/go-sdk/flags_runtime.go:153.56,157.2 3 7
github.com/smplkit/go-sdk/flags_runtime.go:162.87,168.2 5 12
github.com/smplkit/go-sdk/flags_runtime.go:171.87,177.2 5 5
github.com/smplkit/go-sdk/flags_runtime.go:180.88,186.2 5 9
github.com/smplkit/go-sdk/flags_runtime.go:189.99,195.2 5 5
github.com/smplkit/go-sdk/flags_runtime.go:207.58,211.2 3 5
github.com/smplkit/go-sdk/flags_runtime.go:219.80,221.31 2 8
github.com/smplkit/go-sdk/flags_runtime.go:221.31,223.3 1 6
github.com/smplkit/go-sdk/flags_runtime.go:224.2,224.28 1 2
github.com/smplkit/go-sdk/flags_runtime.go:233.81,235.33 2 5
github.com/smplkit/go-sdk/flags_runtime.go:235.33,237.3 1 3
github.com/smplkit/go-sdk/flags_runtime.go:238.2,238.30 1 2
github.com/smplkit/go-sdk/flags_runtime.go:247.82,249.27 2 9
github.com/smplkit/go-sdk/flags_runtime.go:250.15,251.11 1 5
github.com/smplkit/go-sdk/flags_runtime.go:252.11,253.20 1 1
github.com/smplkit/go-sdk/flags_runtime.go:254.13,255.20 1 1
github.com/smplkit/go-sdk/flags_runtime.go:257.2,257.31 1 2
github.com/smplkit/go-sdk/flags_runtime.go:266.95,268.49 2 5
github.com/smplkit/go-sdk/flags_runtime.go:268.49,270.3 1 3
github.com/smplkit/go-sdk/flags_runtime.go:271.2,271.46 1 2
github.com/smplkit/go-sdk/flags_runtime.go:305.53,314.2 1 342
github.com/smplkit/go-sdk/flags_runtime.go:318.84,322.2 3 3
github.com/smplkit/go-sdk/flags_runtime.go:326.63,327.24 1 39
github.com/smplkit/go-sdk/flags_runtime.go:327.24,328.60 1 6
github.com/smplkit/go-sdk/flags_runtime.go:328.60,331.4 2 1
github.com/smplkit/go-sdk/flags_runtime.go:333.3,341.17 6 5
github.com/smplkit/go-sdk/flags_runtime.go:341.17,344.4 2 2
github.com/smplkit/go-sdk/flags_runtime.go:346.3,356.46 8 3
github.com/smplkit/go-sdk/flags_runtime.go:358.2,358.19 1 39
github.com/smplkit/go-sdk/flags_runtime.go:362.57,363.25 1 4
github.com/smplkit/go-sdk/flags_runtime.go:363.25,367.3 3 3
github.com/smplkit/go-sdk/flags_runtime.go:369.2,381.18 9 4
github.com/smplkit/go-sdk/flags_runtime.go:385.60,387.16 2 2
github.com/smplkit/go-sdk/flags_runtime.go:387.16,389.3 1 1
github.com/smplkit/go-sdk/flags_runtime.go:391.2,397.12 6 1
github.com/smplkit/go-sdk/flags_runtime.go:401.51,402.25 1 3
github.com/smplkit/go-sdk/flags_runtime.go:402.25,404.3 1 1
github.com/smplkit/go-sdk/flags_runtime.go:405.2,405.23 1 2
github.com/smplkit/go-sdk/flags_runtime.go:409.43,412.2 2 2
github.com/smplkit/go-sdk/flags_runtime.go:415.61,419.2 3 10
github.com/smplkit/go-sdk/flags_runtime.go:423.76,427.2 3 5
github.com/smplkit/go-sdk/flags_runtime.go:430.76,432.2 1 2
github.com/smplkit/go-sdk/flags_runtime.go:435.60,438.2 2 1
github.com/smplkit/go-sdk/flags_runtime.go:441.119,445.98 2 10
github.com/smplkit/go-sdk/flags_runtime.go:445.98,446.42 1 2
github.com/smplkit/go-sdk/flags_runtime.go:446.42,448.4 1 1
github.com/smplkit/go-sdk/flags_runtime.go:451.2,455.8 4 10
github.com/smplkit/go-sdk/flags_runtime.go:455.8,457.3 1 4
github.com/smplkit/go-sdk/flags_runtime.go:460.2,461.16 2 6
github.com/smplkit/go-sdk/flags_runtime.go:461.16,463.3 1 2
github.com/smplkit/go-sdk/flags_runtime.go:464.2,464.26 1 4
github.com/smplkit/go-sdk/flags_runtime.go:464.26,465.48 1 2
github.com/smplkit/go-sdk/flags_runtime.go:465.48,467.4 1 2
github.com/smplkit/go-sdk/flags_runtime.go:469.2,469.12 1 2
github.com/smplkit/go-sdk/flags_runtime.go:474.137,475.43 1 35
github.com/smplkit/go-sdk/flags_runtime.go:475.43,478.3 2 2
github.com/smplkit/go-sdk/flags_runtime.go:480.2,485.31 5 33
github.com/smplkit/go-sdk/flags_runtime.go:485.31,487.3 1 2
github.com/smplkit/go-sdk/flags_runtime.go:487.8,492.22 4 31
github.com/smplkit/go-sdk/flags_runtime.go:492.22,496.64 4 2
github.com/smplkit/go-sdk/flags_runtime.go:496.64,498.5 1 1
github.com/smplkit/go-sdk/flags_runtime.go:499.9,501.4 1 29
github.com/smplkit/go-sdk/flags_runtime.go:505.2,505.98 1 33
github.com/smplkit/go-sdk/flags_runtime.go:505.98,506.42 1 2
github.com/smplkit/go-sdk/flags_runtime.go:506.42,508.4 1 1
github.com/smplkit/go-sdk/flags_runtime.go:511.2,514.48 3 33
github.com/smplkit/go-sdk/flags_runtime.go:514.48,516.3 1 1
github.com/smplkit/go-sdk/flags_runtime.go:518.2,522.9 4 32
github.com/smplkit/go-sdk/flags_runtime.go:522.9,525.3 2 14
github.com/smplkit/go-sdk/flags_runtime.go:527.2,528.18 2 18
github.com/smplkit/go-sdk/flags_runtime.go:528.18,530.3 1 1
github.com/smplkit/go-sdk/flags_runtime.go:532.2,533.14 2 18
github.com/smplkit/go-sdk/flags_runtime.go:540.116,544.46 3 38
github.com/smplkit/go-sdk/flags_runtime.go:544.46,546.3 1 2
github.com/smplkit/go-sdk/flags_runtime.go:548.2,549.9 2 36
github.com/smplkit/go-sdk/flags_runtime.go:549.9,551.3 1 17
github.com/smplkit/go-sdk/flags_runtime.go:552.2,553.9 2 19
github.com/smplkit/go-sdk/flags_runtime.go:553.9,555.3 1 1
github.com/smplkit/go-sdk/flags_runtime.go:557.2,559.21 3 18
github.com/smplkit/go-sdk/flags_runtime.go:559.21,561.3 1 11
github.com/smplkit/go-sdk/flags_runtime.go:563.2,564.14 2 18
github.com/smplkit/go-sdk/flags_runtime.go:564.14,566.3 1 2
github.com/smplkit/go-sdk/flags_runtime.go:568.2,569.32 2 16
github.com/smplkit/go-sdk/flags_runtime.go:569.32,571.10 2 14
github.com/smplkit/go-sdk/flags_runtime.go:571.10,572.12 1 1
github.com/smplkit/go-sdk/flags_runtime.go:574.3,575.29 2 13
github.com/smplkit/go-sdk/flags_runtime.go:575.29,576.12 1 2
github.com/smplkit/go-sdk/flags_runtime.go:579.3,580.17 2 11
github.com/smplkit/go-sdk/flags_runtime.go:580.17,582.12 2 1
github.com/smplkit/go-sdk/flags_runtime.go:585.3,585.23 1 10
github.com/smplkit/go-sdk/flags_runtime.go:585.23,587.4 1 9
github.com/smplkit/go-sdk/flags_runtime.go:590.2,590.17 1 7
github.com/smplkit/go-sdk/flags_runtime.go:594.101,596.2 1 11
github.com/smplkit/go-sdk/flags_runtime.go:599.35,600.14 1 20
github.com/smplkit/go-sdk/flags_runtime.go:600.14,602.3 1 1
github.com/smplkit/go-sdk/flags_runtime.go:603.2,603.25 1 19
github.com/smplkit/go-sdk/flags_runtime.go:604.12,605.13 1 12
github.com/smplkit/go-sdk/flags_runtime.go:606.15,607.18 1 2
github.com/smplkit/go-sdk/flags_runtime.go:608.11,609.18 1 2
github.com/smplkit/go-sdk/flags_runtime.go:610.14,611.19 1 2
github.com/smplkit/go-sdk/flags_runtime.go:613.2,613.13 1 1
github.com/smplkit/go-sdk/flags_runtime.go:618.72,621.16 3 5
github.com/smplkit/go-sdk/flags_runtime.go:621.16,623.3 1 2
github.com/smplkit/go-sdk/flags_runtime.go:625.2,630.46 5 3
github.com/smplkit/go-sdk/flags_runtime.go:633.72,635.2 1 1
github.com/smplkit/go-sdk/flags_runtime.go:637.76,638.19 1 19
github.com/smplkit/go-sdk/flags_runtime.go:638.19,640.3 1 2
github.com/smplkit/go-sdk/flags_runtime.go:641.2,650.29 8 17
github.com/smplkit/go-sdk/flags_runtime.go:650.29,651.10 1 8
github.com/smplkit/go-sdk/flags_runtime.go:651.10,652.17 1 8
github.com/smplkit/go-sdk/flags_runtime.go:652.17,653.33 1 8
github.com/smplkit/go-sdk/flags_runtime.go:653.33,655.6 1 1
github.com/smplkit/go-sdk/flags_runtime.go:657.4,657.13 1 8
github.com/smplkit/go-sdk/flags_runtime.go:661.2,661.34 1 17
github.com/smplkit/go-sdk/flags_runtime.go:661.34,662.10 1 5
github.com/smplkit/go-sdk/flags_runtime.go:662.10,663.17 1 5
github.com/smplkit/go-sdk/flags_runtime.go:663.17,664.33 1 5
github.com/smplkit/go-sdk/flags_runtime.go:664.33,666.6 1 1
github.com/smplkit/go-sdk/flags_runtime.go:668.4,668.13 1 5
github.com/smplkit/go-sdk/flags_runtime.go:672.2,676.8 4 17
github.com/smplkit/go-sdk/flags_runtime.go:676.8,682.32 5 4
github.com/smplkit/go-sdk/flags_runtime.go:682.32,683.11 1 5
github.com/smplkit/go-sdk/flags_runtime.go:683.11,684.18 1 5
github.com/smplkit/go-sdk/flags_runtime.go:684.18,685.34 1 5
github.com/smplkit/go-sdk/flags_runtime.go:685.34,687.7 1 2
github.com/smplkit/go-sdk/flags_runtime.go:689.5,689.14 1 5
github.com/smplkit/go-sdk/flags_runtime.go:695.63,698.30 3 2
github.com/smplkit/go-sdk/flags_runtime.go:698.30,700.3 1 3
github.com/smplkit/go-sdk/flags_runtime.go:701.2,703.27 2 2
github.com/smplkit/go-sdk/flags_runtime.go:703.27,705.3 1 3
github.com/smplkit/go-sdk/flags_types.go:56.103,62.26 2 6
github.com/smplkit/go-sdk/flags_types.go:62.26,64.3 1 3
github.com/smplkit/go-sdk/flags_types.go:65.2,65.27 1 6
github.com/smplkit/go-sdk/flags_types.go:65.27,67.3 1 6
github.com/smplkit/go-sdk/flags_types.go:68.2,68.10 1 6
github.com/smplkit/go-sdk/flags_types.go:75.42,76.26 1 3
github.com/smplkit/go-sdk/flags_types.go:76.26,78.3 1 3
github.com/smplkit/go-sdk/flags_types.go:82.60,83.26 1 3
github.com/smplkit/go-sdk/flags_types.go:83.26,85.3 1 3
github.com/smplkit/go-sdk/flags_types.go:102.40,104.2 1 22
github.com/smplkit/go-sdk/flags_types.go:107.49,110.2 2 7
github.com/smplkit/go-sdk/flags_types.go:114.67,116.22 2 19
github.com/smplkit/go-sdk/flags_types.go:116.22,121.3 1 2
github.com/smplkit/go-sdk/flags_types.go:121.8,125.3 1 17
github.com/smplkit/go-sdk/flags_types.go:126.2,127.10 2 19
github.com/smplkit/go-sdk/flags_types.go:131.47,134.2 2 22
github.com/smplkit/go-sdk/flags_types.go:137.47,139.27 2 22
github.com/smplkit/go-sdk/flags_types.go:140.9,141.35 1 5
github.com/smplkit/go-sdk/flags_types.go:142.9,143.26 1 15
github.com/smplkit/go-sdk/flags_types.go:144.10,146.34 2 2
github.com/smplkit/go-sdk/flags_types.go:146.34,148.4 1 4
github.com/smplkit/go-sdk/flags_types.go:149.3,149.47 1 2
github.com/smplkit/go-sdk/flags_types.go:152.2,158.25 2 22
github.com/smplkit/go-sdk/flags_types.go:158.25,160.3 1 7
github.com/smplkit/go-sdk/flags_types.go:162.2,162.15 1 22
github.com/smplkit/go-sdk/flags_types.go:167.68,169.31 2 15
github.com/smplkit/go-sdk/flags_types.go:169.31,172.36 3 8
github.com/smplkit/go-sdk/flags_types.go:172.36,174.4 1 5
github.com/smplkit/go-sdk/flags_types.go:175.3,175.27 1 8
github.com/smplkit/go-sdk/flags_types.go:177.2,177.15 1 15
github.com/smplkit/go-sdk/flags_types.go:181.58,185.2 2 37
github.com/smplkit/go-sdk/flags_types.go:189.51,190.25 1 65
github.com/smplkit/go-sdk/flags_types.go:191.30,193.22 2 49
github.com/smplkit/go-sdk/flags_types.go:193.22,195.4 1 26
github.com/smplkit/go-sdk/flags_types.go:196.3,198.26 3 49
github.com/smplkit/go-sdk/flags_types.go:198.26,202.4 3 26
github.com/smplkit/go-sdk/flags_types.go:203.3,203.55 1 49
github.com/smplkit/go-sdk/flags_types.go:204.10,205.25 1 16
github.com/smplkit/go-sdk/flags_types.go:209.41,210.21 1 52
github.com/smplkit/go-sdk/flags_types.go:210.21,212.3 1 30
github.com/smplkit/go-sdk/flags_types.go:213.2,214.30 2 22
github.com/smplkit/go-sdk/flags_types.go:214.30,216.3 1 8
github.com/smplkit/go-sdk/flags_types.go:217.2,217.15 1 22
github.com/smplkit/go-sdk/helpers.go:11.42,16.26 3 66
github.com/smplkit/go-sdk/helpers.go:16.26,17.17 1 100
github.com/smplkit/go-sdk/helpers.go:17.17,21.4 3 100
github.com/smplkit/go-sdk/helpers.go:23.2,23.33 1 66
github.com/smplkit/go-sdk/logging_client.go:46.81,55.2 1 209
github.com/smplkit/go-sdk/logging_client.go:58.33,59.37 1 6
github.com/smplkit/go-sdk/logging_client.go:59.37,61.3 1 1
github.com/smplkit/go-sdk/logging_client.go:62.2,62.24 1 6
github.com/smplkit/go-sdk/logging_client.go:62.24,65.3 2 3
github.com/smplkit/go-sdk/logging_client.go:72.71,80.27 2 15
github.com/smplkit/go-sdk/logging_client.go:80.27,82.3 1 3
github.com/smplkit/go-sdk/logging_client.go:83.2,83.10 1 15
github.com/smplkit/go-sdk/logging_client.go:87.80,94.27 2 15
github.com/smplkit/go-sdk/logging_client.go:94.27,96.3 1 3
github.com/smplkit/go-sdk/logging_client.go:97.2,97.10 1 15
github.com/smplkit/go-sdk/logging_client.go:103.79,106.16 3 21
github.com/smplkit/go-sdk/logging_client.go:106.16,108.3 1 2
github.com/smplkit/go-sdk/logging_client.go:109.2,112.16 3 19
github.com/smplkit/go-sdk/logging_client.go:112.16,116.3 1 1
github.com/smplkit/go-sdk/logging_client.go:117.2,117.59 1 18
github.com/smplkit/go-sdk/logging_client.go:117.59,119.3 1 1
github.com/smplkit/go-sdk/logging_client.go:121.2,122.54 2 17
github.com/smplkit/go-sdk/logging_client.go:122.54,124.3 1 1
github.com/smplkit/go-sdk/logging_client.go:126.2,126.27 1 16
github.com/smplkit/go-sdk/logging_client.go:126.27,133.3 1 2
github.com/smplkit/go-sdk/logging_client.go:134.2,134.49 1 14
github.com/smplkit/go-sdk/logging_client.go:138.70,140.16 2 24
github.com/smplkit/go-sdk/logging_client.go:140.16,142.3 1 1
github.com/smplkit/go-sdk/logging_client.go:143.2,146.16 3 23
github.com/smplkit/go-sdk/logging_client.go:146.16,150.3 1 1
github.com/smplkit/go-sdk/logging_client.go:151.2,151.59 1 22
github.com/smplkit/go-sdk/logging_client.go:151.59,153.3 1 4
github.com/smplkit/go-sdk/logging_client.go:155.2,156.54 2 18
github.com/smplkit/go-sdk/logging_client.go:156.54,158.3 1 1
github.com/smplkit/go-sdk/logging_client.go:160.2,161.29 2 17
github.com/smplkit/go-sdk/logging_client.go:161.29,163.3 1 8
github.com/smplkit/go-sdk/logging_client.go:164.2,164.21 1 17
github.com/smplkit/go-sdk/logging_client.go:168.71,170.16 2 5
github.com/smplkit/go-sdk/logging_client.go:170.16,172.3 1 2
github.com/smplkit/go-sdk/logging_client.go:173.2,173.43 1 3
github.com/smplkit/go-sdk/logging_client.go:179.86,183.16 2 13
github.com/smplkit/go-sdk/logging_client.go:183.16,185.3 1 1
github.com/smplkit/go-sdk/logging_client.go:186.2,186.27 1 12
github.com/smplkit/go-sdk/logging_client.go:186.27,187.19 1 10
github.com/smplkit/go-sdk/logging_client.go:187.19,189.4 1 10
github.com/smplkit/go-sdk/logging_client.go:191.2,196.3 1 2
github.com/smplkit/go-sdk/logging_client.go:200.78,202.16 2 31
github.com/smplkit/go-sdk/logging_client.go:202.16,204.3 1 1
github.com/smplkit/go-sdk/logging_client.go:205.2,208.16 3 30
github.com/smplkit/go-sdk/logging_client.go:208.16,212.3 1 1
github.com/smplkit/go-sdk/logging_client.go:213.2,213.59 1 29
github.com/smplkit/go-sdk/logging_client.go:213.59,215.3 1 2
github.com/smplkit/go-sdk/logging_client.go:217.2,218.54 2 27
github.com/smplkit/go-sdk/logging_client.go:218.54,220.3 1 1
github.com/smplkit/go-sdk/logging_client.go:222.2,223.29 2 26
github.com/smplkit/go-sdk/logging_client.go:223.29,225.3 1 14
github.com/smplkit/go-sdk/logging_client.go:226.2,226.20 1 26
github.com/smplkit/go-sdk/logging_client.go:230.76,232.16 2 4
github.com/smplkit/go-sdk/logging_client.go:232.16,234.3 1 1
github.com/smplkit/go-sdk/logging_client.go:235.2,235.41 1 3
github.com/smplkit/go-sdk/logging_client.go:243.74,244.15 1 9
github.com/smplkit/go-sdk/logging_client.go:244.15,245.59 1 1
github.com/smplkit/go-sdk/logging_client.go:247.2,247.42 1 8
github.com/smplkit/go-sdk/logging_client.go:253.58,255.24 2 12
github.com/smplkit/go-sdk/logging_client.go:255.24,257.27 1 11
github.com/smplkit/go-sdk/logging_client.go:257.27,259.4 1 5
github.com/smplkit/go-sdk/logging_client.go:262.3,262.38 1 11
github.com/smplkit/go-sdk/logging_client.go:262.38,264.34 2 7
github.com/smplkit/go-sdk/logging_client.go:264.34,266.25 2 6
github.com/smplkit/go-sdk/logging_client.go:266.25,267.14 1 1
github.com/smplkit/go-sdk/logging_client.go:269.5,269.57 1 5
github.com/smplkit/go-sdk/logging_client.go:274.3,274.38 1 11
github.com/smplkit/go-sdk/logging_client.go:274.38,276.4 1 7
github.com/smplkit/go-sdk/logging_client.go:279.3,282.46 2 11
github.com/smplkit/go-sdk/logging_client.go:282.46,285.4 2 1
github.com/smplkit/go-sdk/logging_client.go:288.3,299.19 7 10
github.com/smplkit/go-sdk/logging_client.go:301.2,301.17 1 12
github.com/smplkit/go-sdk/logging_client.go:306.69,309.2 2 2
github.com/smplkit/go-sdk/logging_client.go:312.63,316.2 3 3
github.com/smplkit/go-sdk/logging_client.go:319.78,323.2 3 1
github.com/smplkit/go-sdk/logging_client.go:328.39,329.26 1 11
github.com/smplkit/go-sdk/logging_client.go:329.26,331.3 1 5
github.com/smplkit/go-sdk/logging_client.go:334.2,339.37 3 6
github.com/smplkit/go-sdk/logging_client.go:339.37,340.41 1 7
github.com/smplkit/go-sdk/logging_client.go:340.41,341.21 1 6
github.com/smplkit/go-sdk/logging_client.go:341.21,343.5 1 5
github.com/smplkit/go-sdk/logging_client.go:347.2,347.28 1 6
github.com/smplkit/go-sdk/logging_client.go:347.28,351.3 3 5
github.com/smplkit/go-sdk/logging_client.go:356.64,358.22 2 2
github.com/smplkit/go-sdk/logging_client.go:358.22,360.3 1 1
github.com/smplkit/go-sdk/logging_client.go:361.2,364.15 2 1
github.com/smplkit/go-sdk/logging_client.go:364.15,366.38 2 1
github.com/smplkit/go-sdk/logging_client.go:366.38,368.4 1 1
github.com/smplkit/go-sdk/logging_client.go:374.76,384.16 4 5
github.com/smplkit/go-sdk/logging_client.go:384.16,386.3 1 1
github.com/smplkit/go-sdk/logging_client.go:387.2,390.16 3 4
github.com/smplkit/go-sdk/logging_client.go:390.16,394.3 1 1
github.com/smplkit/go-sdk/logging_client.go:395.2,395.59 1 3
github.com/smplkit/go-sdk/logging_client.go:395.59,397.3 1 1
github.com/smplkit/go-sdk/logging_client.go:399.2,400.54 2 2
github.com/smplkit/go-sdk/logging_client.go:400.54,402.3 1 1
github.com/smplkit/go-sdk/logging_client.go:403.2,404.12 2 1
github.com/smplkit/go-sdk/logging_client.go:407.76,409.16 2 6
github.com/smplkit/go-sdk/logging_client.go:409.16,411.3 1 1
github.com/smplkit/go-sdk/logging_client.go:413.2,423.16 4 5
github.com/smplkit/go-sdk/logging_client.go:423.16,425.3 1 1
github.com/smplkit/go-sdk/logging_client.go:426.2,429.16 3 4
github.com/smplkit/go-sdk/logging_client.go:429.16,433.3 1 1
github.com/smplkit/go-sdk/logging_client.go:434.2,434.59 1 3
github.com/smplkit/go-sdk/logging_client.go:434.59,436.3 1 1
github.com/smplkit/go-sdk/logging_client.go:438.2,439.54 2 2
github.com/smplkit/go-sdk/logging_client.go:439.54,441.3 1 1
github.com/smplkit/go-sdk/logging_client.go:442.2,443.12 2 1
github.com/smplkit/go-sdk/logging_client.go:446.80,448.16 2 7
github.com/smplkit/go-sdk/logging_client.go:448.16,450.3 1 2
github.com/smplkit/go-sdk/logging_client.go:451.2,452.16 2 5
github.com/smplkit/go-sdk/logging_client.go:452.16,454.3 1 1
github.com/smplkit/go-sdk/logging_client.go:455.2,457.16 3 4
github.com/smplkit/go-sdk/logging_client.go:457.16,461.3 1 1
github.com/smplkit/go-sdk/logging_client.go:462.2,462.43 1 3
github.com/smplkit/go-sdk/logging_client.go:465.77,475.16 4 5
github.com/smplkit/go-sdk/logging_client.go:475.16,477.3 1 1
github.com/smplkit/go-sdk/logging_client.go:478.2,481.16 3 4
github.com/smplkit/go-sdk/logging_client.go:481.16,485.3 1 1
github.com/smplkit/go-sdk/logging_client.go:486.2,486.59 1 3
github.com/smplkit/go-sdk/logging_client.go:486.59,488.3 1 1
github.com/smplkit/go-sdk/logging_client.go:490.2,491.54 2 2
github.com/smplkit/go-sdk/logging_client.go:491.54,493.3 1 1
github.com/smplkit/go-sdk/logging_client.go:494.2,495.12 2 1
github.com/smplkit/go-sdk/logging_client.go:498.77,500.16 2 6
github.com/smplkit/go-sdk/logging_client.go:500.16,502.3 1 1
github.com/smplkit/go-sdk/logging_client.go:504.2,514.16 4 5
github.com/smplkit/go-sdk/logging_client.go:514.16,516.3 1 1
github.com/smplkit/go-sdk/logging_client.go:517.2,520.16 3 4
github.com/smplkit/go-sdk/logging_client.go:520.16,524.3 1 1
github.com/smplkit/go-sdk/logging_client.go:525.2,525.59 1 3
github.com/smplkit/go-sdk/logging_client.go:525.59,527.3 1 1
github.com/smplkit/go-sdk/logging_client.go:529.2,530.54 2 2
github.com/smplkit/go-sdk/logging_client.go:530.54,532.3 1 1
github.com/smplkit/go-sdk/logging_client.go:533.2,534.12 2 1
github.com/smplkit/go-sdk/logging_client.go:537.79,539.16 2 7
github.com/smplkit/go-sdk/logging_client.go:539.16,541.3 1 2
github.com/smplkit/go-sdk/logging_client.go:542.2,543.16 2 5
github.com/smplkit/go-sdk/logging_client.go:543.16,545.3 1 1
github.com/smplkit/go-sdk/logging_client.go:546.2,548.16 3 4
github.com/smplkit/go-sdk/logging_client.go:548.16,552.3 1 1
github.com/smplkit/go-sdk/logging_client.go:553.2,553.43 1 3
github.com/smplkit/go-sdk/logging_client.go:558.78,561.17 3 27
github.com/smplkit/go-sdk/logging_client.go:561.17,563.3 1 24
github.com/smplkit/go-sdk/logging_client.go:564.2,565.22 2 27
github.com/smplkit/go-sdk/logging_client.go:565.22,567.3 1 24
github.com/smplkit/go-sdk/logging_client.go:568.2,569.46 2 27
github.com/smplkit/go-sdk/logging_client.go:569.46,572.3 2 17
github.com/smplkit/go-sdk/logging_client.go:573.2,574.26 2 27
github.com/smplkit/go-sdk/logging_client.go:574.26,576.3 1 25
github.com/smplkit/go-sdk/logging_client.go:577.2,578.26 2 27
github.com/smplkit/go-sdk/logging_client.go:578.26,580.3 1 13
github.com/smplkit/go-sdk/logging_client.go:581.2,582.31 2 27
github.com/smplkit/go-sdk/logging_client.go:582.31,584.3 1 24
github.com/smplkit/go-sdk/logging_client.go:584.8,586.3 1 3
github.com/smplkit/go-sdk/logging_client.go:588.2,600.3 1 27
github.com/smplkit/go-sdk/logging_client.go:603.84,606.17 3 18
github.com/smplkit/go-sdk/logging_client.go:606.17,608.3 1 16
github.com/smplkit/go-sdk/logging_client.go:609.2,610.22 2 18
github.com/smplkit/go-sdk/logging_client.go:610.22,612.3 1 16
github.com/smplkit/go-sdk/logging_client.go:613.2,614.46 2 18
github.com/smplkit/go-sdk/logging_client.go:614.46,617.3 2 12
github.com/smplkit/go-sdk/logging_client.go:618.2,619.31 2 18
github.com/smplkit/go-sdk/logging_client.go:619.31,621.3 1 16
github.com/smplkit/go-sdk/logging_client.go:621.8,623.3 1 2
github.com/smplkit/go-sdk/logging_client.go:625.2,635.3 1 18
github.com/smplkit/go-sdk/logging_client.go:638.57,641.20 3 14
github.com/smplkit/go-sdk/logging_client.go:641.20,644.3 2 6
github.com/smplkit/go-sdk/logging_client.go:645.2,646.27 2 14
github.com/smplkit/go-sdk/logging_client.go:646.27,648.3 1 11
github.com/smplkit/go-sdk/logging_client.go:649.2,650.22 2 14
github.com/smplkit/go-sdk/logging_client.go:650.22,652.3 1 6
github.com/smplkit/go-sdk/logging_client.go:653.2,661.3 1 14
github.com/smplkit/go-sdk/logging_client.go:664.63,667.20 3 13
github.com/smplkit/go-sdk/logging_client.go:667.20,670.3 2 6
github.com/smplkit/go-sdk/logging_client.go:671.2,672.27 2 13
github.com/smplkit/go-sdk/logging_client.go:672.27,674.3 1 11
github.com/smplkit/go-sdk/logging_client.go:675.2,681.3 1 13
github.com/smplkit/go-sdk/logging_client.go:686.66,688.16 2 17
github.com/smplkit/go-sdk/logging_client.go:688.16,690.3 1 3
github.com/smplkit/go-sdk/logging_client.go:691.2,692.16 2 14
github.com/smplkit/go-sdk/logging_client.go:692.16,694.3 1 1
github.com/smplkit/go-sdk/logging_client.go:696.2,697.28 2 13
github.com/smplkit/go-sdk/logging_client.go:697.28,704.21 2 6
github.com/smplkit/go-sdk/logging_client.go:704.21,706.4 1 4
github.com/smplkit/go-sdk/logging_client.go:707.3,707.21 1 6
github.com/smplkit/go-sdk/logging_client.go:707.21,709.4 1 1
github.com/smplkit/go-sdk/logging_client.go:710.3,710.30 1 6
github.com/smplkit/go-sdk/logging_client.go:713.2,714.27 2 13
github.com/smplkit/go-sdk/logging_client.go:714.27,720.21 2 2
github.com/smplkit/go-sdk/logging_client.go:720.21,722.4 1 1
github.com/smplkit/go-sdk/logging_client.go:723.3,723.21 1 2
github.com/smplkit/go-sdk/logging_client.go:723.21,725.4 1 1
github.com/smplkit/go-sdk/logging_client.go:726.3,726.28 1 2
github.com/smplkit/go-sdk/logging_client.go:729.2,731.12 3 13
github.com/smplkit/go-sdk/logging_client.go:734.58,736.21 2 15
github.com/smplkit/go-sdk/logging_client.go:736.21,738.3 1 8
github.com/smplkit/go-sdk/logging_client.go:739.2,740.30 2 7
github.com/smplkit/go-sdk/logging_client.go:740.30,745.26 2 9
github.com/smplkit/go-sdk/logging_client.go:745.26,747.4 1 8
github.com/smplkit/go-sdk/logging_client.go:748.3,748.30 1 9
github.com/smplkit/go-sdk/logging_client.go:750.2,752.31 3 7
github.com/smplkit/go-sdk/logging_client.go:752.31,754.3 1 7
github.com/smplkit/go-sdk/logging_client.go:757.59,760.6 3 12
github.com/smplkit/go-sdk/logging_client.go:760.6,761.10 1 13
github.com/smplkit/go-sdk/logging_client.go:762.15,763.10 1 4
github.com/smplkit/go-sdk/logging_client.go:764.19,765.39 1 1
github.com/smplkit/go-sdk/logging_client.go:770.74,772.62 2 2
github.com/smplkit/go-sdk/logging_client.go:772.62,774.3 1 1
github.com/smplkit/go-sdk/logging_client.go:775.2,776.47 2 1
github.com/smplkit/go-sdk/logging_client.go:779.78,780.21 1 6
github.com/smplkit/go-sdk/logging_client.go:780.21,782.3 1 1
github.com/smplkit/go-sdk/logging_client.go:784.2,785.49 2 5
github.com/smplkit/go-sdk/logging_client.go:785.49,789.3 3 4
github.com/smplkit/go-sdk/logging_client.go:791.2,800.29 8 5
github.com/smplkit/go-sdk/logging_client.go:800.29,801.10 1 5
github.com/smplkit/go-sdk/logging_client.go:801.10,802.17 1 5
github.com/smplkit/go-sdk/logging_client.go:802.17,803.33 1 5
github.com/smplkit/go-sdk/logging_client.go:803.33,805.6 1 1
github.com/smplkit/go-sdk/logging_client.go:807.4,807.13 1 5
github.com/smplkit/go-sdk/logging_client.go:811.2,811.34 1 5
github.com/smplkit/go-sdk/logging_client.go:811.34,812.10 1 3
github.com/smplkit/go-sdk/logging_client.go:812.10,813.17 1 3
github.com/smplkit/go-sdk/logging_client.go:813.17,814.33 1 3
github.com/smplkit/go-sdk/logging_client.go:814.33,816.6 1 1
github.com/smplkit/go-sdk/logging_client.go:818.4,818.13 1 3
github.com/smplkit/go-sdk/logging_client.go:837.62,841.2 1 213
github.com/smplkit/go-sdk/logging_client.go:843.68,846.30 3 15
github.com/smplkit/go-sdk/logging_client.go:846.30,848.3 1 2
github.com/smplkit/go-sdk/logging_client.go:849.2,854.4 2 13
github.com/smplkit/go-sdk/logging_client.go:857.70,863.2 5 18
github.com/smplkit/go-sdk/logging_models.go:51.47,52.25 1 2
github.com/smplkit/go-sdk/logging_models.go:52.25,52.42 1 2
github.com/smplkit/go-sdk/logging_models.go:56.51,57.25 1 1
github.com/smplkit/go-sdk/logging_models.go:57.25,57.48 1 1
github.com/smplkit/go-sdk/logging_models.go:62.50,63.16 1 11
github.com/smplkit/go-sdk/logging_models.go:63.16,65.3 1 5
github.com/smplkit/go-sdk/logging_models.go:66.2,66.38 1 6
github.com/smplkit/go-sdk/logging_models.go:70.43,72.2 1 2
github.com/smplkit/go-sdk/logging_models.go:75.31,77.2 1 1
github.com/smplkit/go-sdk/logging_models.go:81.66,82.27 1 5
github.com/smplkit/go-sdk/logging_models.go:82.27,84.3 1 1
github.com/smplkit/go-sdk/logging_models.go:85.2,86.9 2 5
github.com/smplkit/go-sdk/logging_models.go:86.9,88.3 1 5
github.com/smplkit/go-sdk/logging_models.go:89.2,90.31 2 5
github.com/smplkit/go-sdk/logging_models.go:95.52,96.27 1 4
github.com/smplkit/go-sdk/logging_models.go:96.27,98.3 1 1
github.com/smplkit/go-sdk/logging_models.go:99.2,100.9 2 3
github.com/smplkit/go-sdk/logging_models.go:100.9,102.3 1 1
github.com/smplkit/go-sdk/logging_models.go:103.2,104.23 2 2
github.com/smplkit/go-sdk/logging_models.go:104.23,106.3 1 1
github.com/smplkit/go-sdk/logging_models.go:106.8,108.3 1 1
github.com/smplkit/go-sdk/logging_models.go:113.46,115.2 1 1
github.com/smplkit/go-sdk/logging_models.go:117.39,128.2 10 3
github.com/smplkit/go-sdk/logging_models.go:156.51,157.27 1 2
github.com/smplkit/go-sdk/logging_models.go:157.27,157.44 1 2
github.com/smplkit/go-sdk/logging_models.go:161.56,162.27 1 1
github.com/smplkit/go-sdk/logging_models.go:162.27,162.49 1 1
github.com/smplkit/go-sdk/logging_models.go:167.52,168.16 1 11
github.com/smplkit/go-sdk/logging_models.go:168.16,170.3 1 5
github.com/smplkit/go-sdk/logging_models.go:171.2,171.37 1 6
github.com/smplkit/go-sdk/logging_models.go:175.45,177.2 1 2
github.com/smplkit/go-sdk/logging_models.go:180.33,182.2 1 1
github.com/smplkit/go-sdk/logging_models.go:186.68,187.27 1 5
github.com/smplkit/go-sdk/logging_models.go:187.27,189.3 1 1
github.com/smplkit/go-sdk/logging_models.go:190.2,191.9 2 5
github.com/smplkit/go-sdk/logging_models.go:191.9,193.3 1 5
github.com/smplkit/go-sdk/logging_models.go:194.2,195.31 2 5
github.com/smplkit/go-sdk/logging_models.go:200.54,201.27 1 4
github.com/smplkit/go-sdk/logging_models.go:201.27,203.3 1 1
github.com/smplkit/go-sdk/logging_models.go:204.2,205.9 2 3
github.com/smplkit/go-sdk/logging_models.go:205.9,207.3 1 1
github.com/smplkit/go-sdk/logging_models.go:208.2,209.23 2 2
github.com/smplkit/go-sdk/logging_models.go:209.23,211.3 1 1
github.com/smplkit/go-sdk/logging_models.go:211.8,213.3 1 1
github.com/smplkit/go-sdk/logging_models.go:218.48,220.2 1 1
github.com/smplkit/go-sdk/logging_models.go:222.43,231.2 8 3
github.com/smplkit/go-sdk/logging_normalize.go:8.46,11.2 2 24
github.com/smplkit/go-sdk/logging_resolution.go:18.12,19.95 1 27
github.com/smplkit/go-sdk/logging_resolution.go:19.95,21.3 1 15
github.com/smplkit/go-sdk/logging_resolution.go:24.2,25.38 2 12
github.com/smplkit/go-sdk/logging_resolution.go:25.38,27.95 2 18
github.com/smplkit/go-sdk/logging_resolution.go:27.95,29.4 1 2
github.com/smplkit/go-sdk/logging_resolution.go:32.2,32.21 1 10
github.com/smplkit/go-sdk/logging_resolution.go:42.12,44.9 2 45
github.com/smplkit/go-sdk/logging_resolution.go:44.9,46.3 1 22
github.com/smplkit/go-sdk/logging_resolution.go:49.2,49.23 1 23
github.com/smplkit/go-sdk/logging_resolution.go:49.23,50.70 1 22
github.com/smplkit/go-sdk/logging_resolution.go:50.70,51.69 1 22
github.com/smplkit/go-sdk/logging_resolution.go:51.69,52.66 1 3
github.com/smplkit/go-sdk/logging_resolution.go:52.66,54.6 1 2
github.com/smplkit/go-sdk/logging_resolution.go:60.2,60.62 1 21
github.com/smplkit/go-sdk/logging_resolution.go:60.62,62.3 1 11
github.com/smplkit/go-sdk/logging_resolution.go:65.2,65.66 1 10
github.com/smplkit/go-sdk/logging_resolution.go:65.66,66.99 1 7
github.com/smplkit/go-sdk/logging_resolution.go:66.99,68.4 1 4
github.com/smplkit/go-sdk/logging_resolution.go:71.2,71.11 1 6
github.com/smplkit/go-sdk/logging_resolution.go:80.12,81.22 1 10
github.com/smplkit/go-sdk/logging_resolution.go:81.22,83.3 1 1
github.com/smplkit/go-sdk/logging_resolution.go:84.2,87.9 3 9
github.com/smplkit/go-sdk/logging_resolution.go:87.9,89.3 1 1
github.com/smplkit/go-sdk/logging_resolution.go:92.2,92.23 1 8
github.com/smplkit/go-sdk/logging_resolution.go:92.23,93.69 1 8
github.com/smplkit/go-sdk/logging_resolution.go:93.69,94.69 1 8
github.com/smplkit/go-sdk/logging_resolution.go:94.69,95.66 1 2
github.com/smplkit/go-sdk/logging_resolution.go:95.66,97.6 1 1
github.com/smplkit/go-sdk/logging_resolution.go:103.2,103.61 1 7
github.com/smplkit/go-sdk/logging_resolution.go:103.61,105.3 1 3
github.com/smplkit/go-sdk/logging_resolution.go:108.2,108.67 1 4
github.com/smplkit/go-sdk/logging_resolution.go:108.67,110.3 1 3
github.com/smplkit/go-sdk/logging_resolution.go:112.2,112.11 1 1
github.com/smplkit/go-sdk/option.go:17.35,22.2 1 730
github.com/smplkit/go-sdk/option.go:28.43,29.31 1 118
github.com/smplkit/go-sdk/option.go:29.31,31.3 1 118
github.com/smplkit/go-sdk/option.go:35.48,36.31 1 2
github.com/smplkit/go-sdk/option.go:36.31,38.3 1 2
github.com/smplkit/go-sdk/option.go:43.50,44.33 1 25
github.com/smplkit/go-sdk/option.go:44.33,46.3 1 25
github.com/smplkit/go-sdk/resolve.go:13.73,14.20 1 187
github.com/smplkit/go-sdk/resolve.go:14.20,16.3 1 173
github.com/smplkit/go-sdk/resolve.go:18.2,18.58 1 14
github.com/smplkit/go-sdk/resolve.go:18.58,20.3 1 2
github.com/smplkit/go-sdk/resolve.go:22.2,23.16 2 12
github.com/smplkit/go-sdk/resolve.go:23.16,26.17 3 12
github.com/smplkit/go-sdk/resolve.go:26.17,27.80 1 10
github.com/smplkit/go-sdk/resolve.go:27.80,29.5 1 6
github.com/smplkit/go-sdk/resolve.go:33.2,40.3 1 6
github.com/smplkit/go-sdk/resolve.go:45.71,47.78 1 10
github.com/smplkit/go-sdk/resolve.go:47.78,49.3 1 2
github.com/smplkit/go-sdk/resolve.go:50.2,50.55 1 8
github.com/smplkit/go-sdk/resolve.go:54.70,56.52 2 18
github.com/smplkit/go-sdk/resolve.go:56.52,58.55 2 48
github.com/smplkit/go-sdk/resolve.go:58.55,59.12 1 14
github.com/smplkit/go-sdk/resolve.go:61.3,61.38 1 34
github.com/smplkit/go-sdk/resolve.go:61.38,63.12 2 16
github.com/smplkit/go-sdk/resolve.go:65.3,65.57 1 18
github.com/smplkit/go-sdk/resolve.go:65.57,66.57 1 6
github.com/smplkit/go-sdk/resolve.go:66.57,68.20 2 6
github.com/smplkit/go-sdk/resolve.go:68.20,70.6 1 6
github.com/smplkit/go-sdk/resolve.go:74.2,74.11 1 12
github.com/smplkit/go-sdk/transport.go:17.62,21.85 2 60
github.com/smplkit/go-sdk/transport.go:21.85,23.3 1 9
github.com/smplkit/go-sdk/transport.go:25.2,27.15 3 51
github.com/smplkit/go-sdk/transport.go:27.15,29.3 1 6
github.com/smplkit/go-sdk/transport.go:30.2,30.15 1 51
github.com/smplkit/go-sdk/transport.go:30.15,32.3 1 2
github.com/smplkit/go-sdk/transport.go:33.2,33.15 1 51
github.com/smplkit/go-sdk/transport.go:33.15,35.3 1 1
github.com/smplkit/go-sdk/transport.go:36.2,36.30 1 51
github.com/smplkit/go-sdk/transport.go:36.30,38.33 2 2
github.com/smplkit/go-sdk/transport.go:38.33,40.4 1 1
github.com/smplkit/go-sdk/transport.go:41.3,41.13 1 2
github.com/smplkit/go-sdk/transport.go:43.2,43.29 1 51
github.com/smplkit/go-sdk/transport.go:49.47,50.16 1 237
github.com/smplkit/go-sdk/transport.go:50.16,52.3 1 177
github.com/smplkit/go-sdk/transport.go:54.2,56.15 3 60
github.com/smplkit/go-sdk/transport.go:56.15,58.3 1 9
github.com/smplkit/go-sdk/transport.go:60.2,67.14 2 60
github.com/smplkit/go-sdk/transport.go:68.61,69.47 1 11
github.com/smplkit/go-sdk/transport.go:70.27,71.45 1 5
github.com/smplkit/go-sdk/transport.go:72.27,73.45 1 2
github.com/smplkit/go-sdk/transport.go:74.10,75.15 1 42
github.com/smplkit/go-sdk/transport.go:80.37,81.46 1 40
github.com/smplkit/go-sdk/transport.go:81.46,85.3 1 1
github.com/smplkit/go-sdk/transport.go:86.2,86.38 1 39
github.com/smplkit/go-sdk/transport.go:86.38,90.3 1 1
github.com/smplkit/go-sdk/transport.go:93.2,94.49 2 38
github.com/smplkit/go-sdk/transport.go:94.49,98.3 1 1
github.com/smplkit/go-sdk/transport.go:101.2,103.3 1 37
