mode: atomic
github.com/smplkit/go-sdk/auth.go:12.78,17.2 3 282
github.com/smplkit/go-sdk/client.go:58.106,61.23 2 203
github.com/smplkit/go-sdk/client.go:61.23,63.3 1 5
github.com/smplkit/go-sdk/client.go:64.2,64.23 1 203
github.com/smplkit/go-sdk/client.go:64.23,70.3 1 2
github.com/smplkit/go-sdk/client.go:73.2,74.27 2 201
github.com/smplkit/go-sdk/client.go:74.27,76.3 1 5
github.com/smplkit/go-sdk/client.go:77.2,77.27 1 201
github.com/smplkit/go-sdk/client.go:77.27,83.3 1 2
github.com/smplkit/go-sdk/client.go:85.2,86.27 2 199
github.com/smplkit/go-sdk/client.go:86.27,88.3 1 162
github.com/smplkit/go-sdk/client.go:91.2,92.16 2 199
github.com/smplkit/go-sdk/client.go:92.16,94.3 1 6
github.com/smplkit/go-sdk/client.go:96.2,97.27 2 193
github.com/smplkit/go-sdk/client.go:97.27,99.3 1 31
github.com/smplkit/go-sdk/client.go:99.8,103.3 1 162
github.com/smplkit/go-sdk/client.go:106.2,107.17 2 193
github.com/smplkit/go-sdk/client.go:107.17,109.3 1 163
github.com/smplkit/go-sdk/client.go:110.2,117.97 2 193
github.com/smplkit/go-sdk/client.go:117.97,121.3 3 90
github.com/smplkit/go-sdk/client.go:122.2,128.101 2 193
github.com/smplkit/go-sdk/client.go:128.101,132.3 3 3
github.com/smplkit/go-sdk/client.go:133.2,134.65 2 193
github.com/smplkit/go-sdk/client.go:134.65,136.3 1 128
github.com/smplkit/go-sdk/client.go:137.2,143.97 2 193
github.com/smplkit/go-sdk/client.go:143.97,147.3 3 1
github.com/smplkit/go-sdk/client.go:148.2,149.65 2 193
github.com/smplkit/go-sdk/client.go:149.65,151.3 1 128
github.com/smplkit/go-sdk/client.go:152.2,158.105 2 193
github.com/smplkit/go-sdk/client.go:158.105,162.3 3 93
github.com/smplkit/go-sdk/client.go:163.2,164.65 2 193
github.com/smplkit/go-sdk/client.go:164.65,166.3 1 128
github.com/smplkit/go-sdk/client.go:167.2,181.27 3 193
github.com/smplkit/go-sdk/client.go:181.27,183.3 1 192
github.com/smplkit/go-sdk/client.go:185.2,189.15 5 193
github.com/smplkit/go-sdk/client.go:193.39,193.63 1 1
github.com/smplkit/go-sdk/client.go:196.35,196.55 1 3
github.com/smplkit/go-sdk/client.go:199.41,201.2 1 87
github.com/smplkit/go-sdk/client.go:204.39,206.2 1 13
github.com/smplkit/go-sdk/client.go:209.43,211.2 1 106
github.com/smplkit/go-sdk/client.go:214.32,215.22 1 4
github.com/smplkit/go-sdk/client.go:215.22,217.3 1 4
github.com/smplkit/go-sdk/client.go:218.2,219.22 2 4
github.com/smplkit/go-sdk/client.go:219.22,221.3 1 3
github.com/smplkit/go-sdk/client.go:222.2,222.12 1 4
github.com/smplkit/go-sdk/client.go:227.62,239.16 4 8
github.com/smplkit/go-sdk/client.go:239.16,242.3 2 2
github.com/smplkit/go-sdk/client.go:243.2,243.19 1 6
github.com/smplkit/go-sdk/client.go:247.46,250.17 3 15
github.com/smplkit/go-sdk/client.go:250.17,253.3 2 14
github.com/smplkit/go-sdk/client.go:254.2,254.13 1 15
github.com/smplkit/go-sdk/client.go:258.27,262.15 4 11
github.com/smplkit/go-sdk/client.go:262.15,264.3 1 6
github.com/smplkit/go-sdk/config_client.go:52.69,60.27 2 16
github.com/smplkit/go-sdk/config_client.go:60.27,62.3 1 17
github.com/smplkit/go-sdk/config_client.go:63.2,63.12 1 16
github.com/smplkit/go-sdk/config_client.go:68.77,70.16 2 20
github.com/smplkit/go-sdk/config_client.go:70.16,72.3 1 1
github.com/smplkit/go-sdk/config_client.go:73.2,76.16 3 19
github.com/smplkit/go-sdk/config_client.go:76.16,80.3 1 1
github.com/smplkit/go-sdk/config_client.go:81.2,81.59 1 18
github.com/smplkit/go-sdk/config_client.go:81.59,83.3 1 3
github.com/smplkit/go-sdk/config_client.go:85.2,86.54 2 15
github.com/smplkit/go-sdk/config_client.go:86.54,88.3 1 1
github.com/smplkit/go-sdk/config_client.go:90.2,90.46 1 14
github.com/smplkit/go-sdk/config_client.go:94.81,96.16 2 22
github.com/smplkit/go-sdk/config_client.go:96.16,98.3 1 1
github.com/smplkit/go-sdk/config_client.go:99.2,102.16 3 21
github.com/smplkit/go-sdk/config_client.go:102.16,106.3 1 3
github.com/smplkit/go-sdk/config_client.go:107.2,107.59 1 18
github.com/smplkit/go-sdk/config_client.go:107.59,109.3 1 3
github.com/smplkit/go-sdk/config_client.go:111.2,112.54 2 15
github.com/smplkit/go-sdk/config_client.go:112.54,114.3 1 1
github.com/smplkit/go-sdk/config_client.go:115.2,115.46 1 14
github.com/smplkit/go-sdk/config_client.go:119.69,121.16 2 32
github.com/smplkit/go-sdk/config_client.go:121.16,123.3 1 8
github.com/smplkit/go-sdk/config_client.go:124.2,127.16 3 24
github.com/smplkit/go-sdk/config_client.go:127.16,131.3 1 1
github.com/smplkit/go-sdk/config_client.go:132.2,132.59 1 23
github.com/smplkit/go-sdk/config_client.go:132.59,134.3 1 4
github.com/smplkit/go-sdk/config_client.go:136.2,137.54 2 19
github.com/smplkit/go-sdk/config_client.go:137.54,139.3 1 1
github.com/smplkit/go-sdk/config_client.go:141.2,142.29 2 18
github.com/smplkit/go-sdk/config_client.go:142.29,144.3 1 16
github.com/smplkit/go-sdk/config_client.go:145.2,145.21 1 18
github.com/smplkit/go-sdk/config_client.go:149.69,151.16 2 8
github.com/smplkit/go-sdk/config_client.go:151.16,153.3 1 2
github.com/smplkit/go-sdk/config_client.go:154.2,157.16 3 6
github.com/smplkit/go-sdk/config_client.go:157.16,161.3 1 2
github.com/smplkit/go-sdk/config_client.go:162.2,162.43 1 4
github.com/smplkit/go-sdk/config_client.go:166.77,170.16 3 5
github.com/smplkit/go-sdk/config_client.go:170.16,172.3 1 1
github.com/smplkit/go-sdk/config_client.go:173.2,176.16 3 4
github.com/smplkit/go-sdk/config_client.go:176.16,180.3 1 1
github.com/smplkit/go-sdk/config_client.go:181.2,181.59 1 3
github.com/smplkit/go-sdk/config_client.go:181.59,183.3 1 1
github.com/smplkit/go-sdk/config_client.go:185.2,186.54 2 2
github.com/smplkit/go-sdk/config_client.go:186.54,188.3 1 1
github.com/smplkit/go-sdk/config_client.go:189.2,190.12 2 1
github.com/smplkit/go-sdk/config_client.go:194.77,198.16 3 20
github.com/smplkit/go-sdk/config_client.go:198.16,200.3 1 4
github.com/smplkit/go-sdk/config_client.go:201.2,204.16 3 16
github.com/smplkit/go-sdk/config_client.go:204.16,208.3 1 2
github.com/smplkit/go-sdk/config_client.go:209.2,209.59 1 14
github.com/smplkit/go-sdk/config_client.go:209.59,211.3 1 2
github.com/smplkit/go-sdk/config_client.go:213.2,214.54 2 12
github.com/smplkit/go-sdk/config_client.go:214.54,216.3 1 2
github.com/smplkit/go-sdk/config_client.go:217.2,218.12 2 10
github.com/smplkit/go-sdk/config_client.go:222.96,223.42 1 8
github.com/smplkit/go-sdk/config_client.go:223.42,225.3 1 2
github.com/smplkit/go-sdk/config_client.go:226.2,226.49 1 6
github.com/smplkit/go-sdk/config_client.go:226.49,228.3 1 1
github.com/smplkit/go-sdk/config_client.go:229.2,230.9 2 6
github.com/smplkit/go-sdk/config_client.go:230.9,232.3 1 2
github.com/smplkit/go-sdk/config_client.go:234.2,235.29 2 4
github.com/smplkit/go-sdk/config_client.go:235.29,237.3 1 6
github.com/smplkit/go-sdk/config_client.go:238.2,238.16 1 4
github.com/smplkit/go-sdk/config_client.go:244.94,246.16 2 3
github.com/smplkit/go-sdk/config_client.go:246.16,248.3 1 1
github.com/smplkit/go-sdk/config_client.go:249.2,249.44 1 2
github.com/smplkit/go-sdk/config_client.go:254.87,255.42 1 2
github.com/smplkit/go-sdk/config_client.go:255.42,257.3 1 1
github.com/smplkit/go-sdk/config_client.go:258.2,258.44 1 1
github.com/smplkit/go-sdk/config_client.go:262.62,263.23 1 44
github.com/smplkit/go-sdk/config_client.go:263.23,266.17 3 14
github.com/smplkit/go-sdk/config_client.go:266.17,269.4 2 4
github.com/smplkit/go-sdk/config_client.go:271.3,272.31 2 10
github.com/smplkit/go-sdk/config_client.go:272.31,274.23 2 10
github.com/smplkit/go-sdk/config_client.go:274.23,277.5 2 1
github.com/smplkit/go-sdk/config_client.go:278.4,278.52 1 9
github.com/smplkit/go-sdk/config_client.go:280.3,280.24 1 9
github.com/smplkit/go-sdk/config_client.go:282.2,282.18 1 44
github.com/smplkit/go-sdk/config_client.go:287.59,288.42 1 7
github.com/smplkit/go-sdk/config_client.go:288.42,290.3 1 1
github.com/smplkit/go-sdk/config_client.go:291.2,292.23 2 6
github.com/smplkit/go-sdk/config_client.go:292.23,294.3 1 1
github.com/smplkit/go-sdk/config_client.go:296.2,297.16 2 5
github.com/smplkit/go-sdk/config_client.go:297.16,299.3 1 1
github.com/smplkit/go-sdk/config_client.go:301.2,302.30 2 4
github.com/smplkit/go-sdk/config_client.go:302.30,304.22 2 4
github.com/smplkit/go-sdk/config_client.go:304.22,306.4 1 1
github.com/smplkit/go-sdk/config_client.go:307.3,307.54 1 3
github.com/smplkit/go-sdk/config_client.go:309.2,312.12 4 3
github.com/smplkit/go-sdk/config_client.go:317.92,319.27 2 4
github.com/smplkit/go-sdk/config_client.go:319.27,321.3 1 2
github.com/smplkit/go-sdk/config_client.go:322.2,328.24 3 4
github.com/smplkit/go-sdk/config_client.go:340.51,341.39 1 1
github.com/smplkit/go-sdk/config_client.go:341.39,343.3 1 1
github.com/smplkit/go-sdk/config_client.go:347.51,348.39 1 1
github.com/smplkit/go-sdk/config_client.go:348.39,350.3 1 1
github.com/smplkit/go-sdk/config_client.go:354.111,355.42 1 27
github.com/smplkit/go-sdk/config_client.go:355.42,357.3 1 6
github.com/smplkit/go-sdk/config_client.go:358.2,359.9 2 21
github.com/smplkit/go-sdk/config_client.go:359.9,361.3 1 1
github.com/smplkit/go-sdk/config_client.go:362.2,362.23 1 20
github.com/smplkit/go-sdk/config_client.go:362.23,364.30 2 1
github.com/smplkit/go-sdk/config_client.go:364.30,366.4 1 2
github.com/smplkit/go-sdk/config_client.go:367.3,367.17 1 1
github.com/smplkit/go-sdk/config_client.go:369.2,370.9 2 19
github.com/smplkit/go-sdk/config_client.go:370.9,372.3 1 4
github.com/smplkit/go-sdk/config_client.go:373.2,373.17 1 15
github.com/smplkit/go-sdk/config_client.go:377.119,379.16 2 4
github.com/smplkit/go-sdk/config_client.go:379.16,381.3 1 1
github.com/smplkit/go-sdk/config_client.go:382.2,382.31 1 3
github.com/smplkit/go-sdk/config_client.go:382.31,384.3 1 1
github.com/smplkit/go-sdk/config_client.go:385.2,385.25 1 2
github.com/smplkit/go-sdk/config_client.go:385.25,387.3 1 1
github.com/smplkit/go-sdk/config_client.go:388.2,388.16 1 1
github.com/smplkit/go-sdk/config_client.go:392.110,394.16 2 12
github.com/smplkit/go-sdk/config_client.go:394.16,396.3 1 1
github.com/smplkit/go-sdk/config_client.go:397.2,397.25 1 11
github.com/smplkit/go-sdk/config_client.go:398.11,399.16 1 1
github.com/smplkit/go-sdk/config_client.go:400.15,401.21 1 7
github.com/smplkit/go-sdk/config_client.go:402.13,403.21 1 1
github.com/smplkit/go-sdk/config_client.go:405.2,405.25 1 2
github.com/smplkit/go-sdk/config_client.go:405.25,407.3 1 1
github.com/smplkit/go-sdk/config_client.go:408.2,408.15 1 1
github.com/smplkit/go-sdk/config_client.go:412.113,414.16 2 4
github.com/smplkit/go-sdk/config_client.go:414.16,416.3 1 1
github.com/smplkit/go-sdk/config_client.go:417.2,417.29 1 3
github.com/smplkit/go-sdk/config_client.go:417.29,419.3 1 1
github.com/smplkit/go-sdk/config_client.go:420.2,420.25 1 2
github.com/smplkit/go-sdk/config_client.go:420.25,422.3 1 1
github.com/smplkit/go-sdk/config_client.go:423.2,423.19 1 1
github.com/smplkit/go-sdk/config_client.go:427.105,433.25 5 12
github.com/smplkit/go-sdk/config_client.go:433.25,435.3 1 2
github.com/smplkit/go-sdk/config_client.go:437.2,438.26 2 10
github.com/smplkit/go-sdk/config_client.go:438.26,440.3 1 10
github.com/smplkit/go-sdk/config_client.go:441.2,441.26 1 10
github.com/smplkit/go-sdk/config_client.go:441.26,443.3 1 10
github.com/smplkit/go-sdk/config_client.go:445.2,445.36 1 10
github.com/smplkit/go-sdk/config_client.go:445.36,448.22 3 11
github.com/smplkit/go-sdk/config_client.go:448.22,450.4 1 1
github.com/smplkit/go-sdk/config_client.go:451.3,451.22 1 11
github.com/smplkit/go-sdk/config_client.go:451.22,453.4 1 1
github.com/smplkit/go-sdk/config_client.go:455.3,456.27 2 11
github.com/smplkit/go-sdk/config_client.go:456.27,458.4 1 13
github.com/smplkit/go-sdk/config_client.go:459.3,459.27 1 11
github.com/smplkit/go-sdk/config_client.go:459.27,461.4 1 12
github.com/smplkit/go-sdk/config_client.go:463.3,463.33 1 11
github.com/smplkit/go-sdk/config_client.go:463.33,466.42 3 14
github.com/smplkit/go-sdk/config_client.go:466.42,467.24 1 12
github.com/smplkit/go-sdk/config_client.go:467.24,468.53 1 4
github.com/smplkit/go-sdk/config_client.go:468.53,470.7 1 4
github.com/smplkit/go-sdk/config_client.go:472.5,479.33 2 12
github.com/smplkit/go-sdk/config_client.go:479.33,480.50 1 13
github.com/smplkit/go-sdk/config_client.go:480.50,481.15 1 1
github.com/smplkit/go-sdk/config_client.go:483.6,483.46 1 12
github.com/smplkit/go-sdk/config_client.go:483.46,484.15 1 2
github.com/smplkit/go-sdk/config_client.go:486.6,486.13 1 10
github.com/smplkit/go-sdk/config_client.go:486.13,487.20 1 10
github.com/smplkit/go-sdk/config_client.go:487.20,487.33 1 10
github.com/smplkit/go-sdk/config_client.go:488.7,488.16 1 10
github.com/smplkit/go-sdk/config_client.go:497.93,500.22 3 15
github.com/smplkit/go-sdk/config_client.go:500.22,502.17 2 16
github.com/smplkit/go-sdk/config_client.go:502.17,504.4 1 2
github.com/smplkit/go-sdk/config_client.go:505.3,510.25 2 14
github.com/smplkit/go-sdk/config_client.go:510.25,511.9 1 13
github.com/smplkit/go-sdk/config_client.go:513.3,513.27 1 1
github.com/smplkit/go-sdk/config_client.go:515.2,515.19 1 13
github.com/smplkit/go-sdk/config_client.go:519.76,522.17 3 55
github.com/smplkit/go-sdk/config_client.go:522.17,524.3 1 55
github.com/smplkit/go-sdk/config_client.go:525.2,535.3 1 55
github.com/smplkit/go-sdk/config_client.go:539.167,541.14 2 25
github.com/smplkit/go-sdk/config_client.go:541.14,543.3 1 20
github.com/smplkit/go-sdk/config_client.go:544.2,558.3 2 25
github.com/smplkit/go-sdk/config_client.go:562.83,563.21 1 9
github.com/smplkit/go-sdk/config_client.go:563.21,565.3 1 4
github.com/smplkit/go-sdk/config_client.go:566.2,568.16 3 5
github.com/smplkit/go-sdk/config_client.go:568.16,570.3 1 1
github.com/smplkit/go-sdk/config_client.go:571.2,571.37 1 4
github.com/smplkit/go-sdk/config_client.go:577.79,579.31 2 13
github.com/smplkit/go-sdk/config_client.go:579.31,582.30 3 19
github.com/smplkit/go-sdk/config_client.go:582.30,583.25 1 29
github.com/smplkit/go-sdk/config_client.go:583.25,585.5 1 19
github.com/smplkit/go-sdk/config_client.go:585.10,586.38 1 10
github.com/smplkit/go-sdk/config_client.go:586.38,587.58 1 3
github.com/smplkit/go-sdk/config_client.go:587.58,589.7 1 2
github.com/smplkit/go-sdk/config_client.go:589.12,594.7 3 1
github.com/smplkit/go-sdk/config_client.go:595.11,599.6 3 7
github.com/smplkit/go-sdk/config_client.go:603.2,603.15 1 13
github.com/smplkit/go-sdk/config_client.go:606.84,607.14 1 56
github.com/smplkit/go-sdk/config_client.go:607.14,609.3 1 1
github.com/smplkit/go-sdk/config_client.go:610.2,611.23 2 55
github.com/smplkit/go-sdk/config_client.go:611.23,613.3 1 62
github.com/smplkit/go-sdk/config_client.go:614.2,614.15 1 55
github.com/smplkit/go-sdk/config_client.go:617.82,618.14 1 26
github.com/smplkit/go-sdk/config_client.go:618.14,620.3 1 1
github.com/smplkit/go-sdk/config_client.go:621.2,622.22 2 25
github.com/smplkit/go-sdk/config_client.go:622.22,626.3 3 15
github.com/smplkit/go-sdk/config_client.go:627.2,627.16 1 25
github.com/smplkit/go-sdk/config_client.go:630.98,631.17 1 56
github.com/smplkit/go-sdk/config_client.go:631.17,633.3 1 1
github.com/smplkit/go-sdk/config_client.go:634.2,635.26 2 55
github.com/smplkit/go-sdk/config_client.go:635.26,637.22 2 26
github.com/smplkit/go-sdk/config_client.go:637.22,639.34 2 26
github.com/smplkit/go-sdk/config_client.go:639.34,641.5 1 27
github.com/smplkit/go-sdk/config_client.go:642.4,642.26 1 26
github.com/smplkit/go-sdk/config_client.go:644.3,644.20 1 26
github.com/smplkit/go-sdk/config_client.go:646.2,646.15 1 55
github.com/smplkit/go-sdk/config_client.go:649.96,650.17 1 28
github.com/smplkit/go-sdk/config_client.go:650.17,652.3 1 1
github.com/smplkit/go-sdk/config_client.go:653.2,654.38 2 27
github.com/smplkit/go-sdk/config_client.go:654.38,656.41 2 15
github.com/smplkit/go-sdk/config_client.go:656.41,657.56 1 14
github.com/smplkit/go-sdk/config_client.go:657.56,659.33 2 13
github.com/smplkit/go-sdk/config_client.go:659.33,661.6 1 15
github.com/smplkit/go-sdk/config_client.go:662.5,662.31 1 13
github.com/smplkit/go-sdk/config_client.go:665.3,665.29 1 15
github.com/smplkit/go-sdk/config_client.go:667.2,667.16 1 27
github.com/smplkit/go-sdk/config_client.go:670.77,671.18 1 59
github.com/smplkit/go-sdk/config_client.go:671.18,673.3 1 1
github.com/smplkit/go-sdk/config_client.go:674.2,675.26 2 58
github.com/smplkit/go-sdk/config_client.go:675.26,676.46 1 66
github.com/smplkit/go-sdk/config_client.go:676.46,677.41 1 64
github.com/smplkit/go-sdk/config_client.go:677.41,679.13 2 63
github.com/smplkit/go-sdk/config_client.go:682.3,682.16 1 3
github.com/smplkit/go-sdk/config_client.go:684.2,684.15 1 58
github.com/smplkit/go-sdk/config_client.go:687.100,688.17 1 61
github.com/smplkit/go-sdk/config_client.go:688.17,690.3 1 1
github.com/smplkit/go-sdk/config_client.go:691.2,692.38 2 60
github.com/smplkit/go-sdk/config_client.go:692.38,694.30 2 31
github.com/smplkit/go-sdk/config_client.go:694.30,695.21 1 32
github.com/smplkit/go-sdk/config_client.go:695.21,696.54 1 30
github.com/smplkit/go-sdk/config_client.go:696.54,698.34 2 29
github.com/smplkit/go-sdk/config_client.go:698.34,699.51 1 30
github.com/smplkit/go-sdk/config_client.go:699.51,700.45 1 29
github.com/smplkit/go-sdk/config_client.go:700.45,702.17 2 28
github.com/smplkit/go-sdk/config_client.go:705.7,705.25 1 2
github.com/smplkit/go-sdk/config_client.go:707.6,708.14 2 29
github.com/smplkit/go-sdk/config_client.go:711.4,711.20 1 3
github.com/smplkit/go-sdk/config_client.go:713.3,713.30 1 31
github.com/smplkit/go-sdk/config_client.go:715.2,715.15 1 60
github.com/smplkit/go-sdk/config_client.go:718.74,719.18 1 26
github.com/smplkit/go-sdk/config_client.go:719.18,721.3 1 1
github.com/smplkit/go-sdk/config_client.go:722.2,723.26 2 25
github.com/smplkit/go-sdk/config_client.go:723.26,728.3 1 15
github.com/smplkit/go-sdk/config_client.go:729.2,729.15 1 25
github.com/smplkit/go-sdk/config_client.go:732.97,733.17 1 29
github.com/smplkit/go-sdk/config_client.go:733.17,735.3 1 1
github.com/smplkit/go-sdk/config_client.go:736.2,737.38 2 28
github.com/smplkit/go-sdk/config_client.go:737.38,739.30 2 16
github.com/smplkit/go-sdk/config_client.go:739.30,740.21 1 17
github.com/smplkit/go-sdk/config_client.go:740.21,741.54 1 15
github.com/smplkit/go-sdk/config_client.go:741.54,743.34 2 14
github.com/smplkit/go-sdk/config_client.go:743.34,747.7 1 16
github.com/smplkit/go-sdk/config_client.go:748.6,749.14 2 14
github.com/smplkit/go-sdk/config_client.go:752.4,752.18 1 3
github.com/smplkit/go-sdk/config_client.go:754.3,754.28 1 16
github.com/smplkit/go-sdk/config_client.go:756.2,756.15 1 28
github.com/smplkit/go-sdk/config_models.go:35.47,36.25 1 13
github.com/smplkit/go-sdk/config_models.go:36.25,36.42 1 13
github.com/smplkit/go-sdk/config_models.go:40.54,41.25 1 1
github.com/smplkit/go-sdk/config_models.go:41.25,41.50 1 1
github.com/smplkit/go-sdk/config_models.go:45.53,46.25 1 1
github.com/smplkit/go-sdk/config_models.go:46.25,46.49 1 1
github.com/smplkit/go-sdk/config_models.go:50.65,51.25 1 1
github.com/smplkit/go-sdk/config_models.go:51.25,51.44 1 1
github.com/smplkit/go-sdk/config_models.go:55.82,56.25 1 1
github.com/smplkit/go-sdk/config_models.go:56.25,56.50 1 1
github.com/smplkit/go-sdk/config_models.go:61.50,62.16 1 25
github.com/smplkit/go-sdk/config_models.go:62.16,64.3 1 5
github.com/smplkit/go-sdk/config_models.go:65.2,65.38 1 20
github.com/smplkit/go-sdk/config_models.go:68.39,77.2 8 11
github.com/smplkit/go-sdk/config_models.go:87.54,88.34 1 6
github.com/smplkit/go-sdk/config_models.go:88.34,90.3 1 2
github.com/smplkit/go-sdk/config_models.go:91.2,92.9 2 4
github.com/smplkit/go-sdk/config_models.go:92.9,94.3 1 1
github.com/smplkit/go-sdk/config_models.go:96.2,97.29 2 3
github.com/smplkit/go-sdk/config_models.go:97.29,99.3 1 4
github.com/smplkit/go-sdk/config_models.go:100.2,100.11 1 3
github.com/smplkit/go-sdk/config_models.go:106.59,109.2 2 2
github.com/smplkit/go-sdk/config_runtime.go:12.78,14.25 2 17
github.com/smplkit/go-sdk/config_runtime.go:14.25,16.3 1 8
github.com/smplkit/go-sdk/config_runtime.go:17.2,17.29 1 17
github.com/smplkit/go-sdk/config_runtime.go:17.29,18.36 1 25
github.com/smplkit/go-sdk/config_runtime.go:18.36,19.66 1 5
github.com/smplkit/go-sdk/config_runtime.go:19.66,20.60 1 2
github.com/smplkit/go-sdk/config_runtime.go:20.60,22.14 2 1
github.com/smplkit/go-sdk/config_runtime.go:26.3,26.16 1 24
github.com/smplkit/go-sdk/config_runtime.go:28.2,28.15 1 17
github.com/smplkit/go-sdk/config_runtime.go:33.82,35.39 2 12
github.com/smplkit/go-sdk/config_runtime.go:35.39,40.34 3 12
github.com/smplkit/go-sdk/config_runtime.go:40.34,42.4 1 18
github.com/smplkit/go-sdk/config_runtime.go:45.3,45.24 1 12
github.com/smplkit/go-sdk/config_runtime.go:45.24,46.59 1 12
github.com/smplkit/go-sdk/config_runtime.go:46.59,47.43 1 1
github.com/smplkit/go-sdk/config_runtime.go:47.43,48.58 1 1
github.com/smplkit/go-sdk/config_runtime.go:48.58,50.7 1 1
github.com/smplkit/go-sdk/config_runtime.go:56.3,56.39 1 12
github.com/smplkit/go-sdk/config_runtime.go:58.2,58.15 1 12
github.com/smplkit/go-sdk/errors.go:33.36,34.23 1 27
github.com/smplkit/go-sdk/errors.go:34.23,37.25 3 2
github.com/smplkit/go-sdk/errors.go:37.25,41.4 3 1
github.com/smplkit/go-sdk/errors.go:41.9,43.32 2 1
github.com/smplkit/go-sdk/errors.go:43.32,46.5 2 2
github.com/smplkit/go-sdk/errors.go:48.3,48.20 1 2
github.com/smplkit/go-sdk/errors.go:50.2,50.23 1 25
github.com/smplkit/go-sdk/errors.go:50.23,52.3 1 7
github.com/smplkit/go-sdk/errors.go:53.2,53.18 1 18
github.com/smplkit/go-sdk/errors.go:62.46,62.76 1 11
github.com/smplkit/go-sdk/errors.go:65.46,65.69 1 2
github.com/smplkit/go-sdk/errors.go:73.43,73.73 1 2
github.com/smplkit/go-sdk/errors.go:76.43,76.66 1 1
github.com/smplkit/go-sdk/errors.go:84.44,84.74 1 2
github.com/smplkit/go-sdk/errors.go:87.44,87.67 1 3
github.com/smplkit/go-sdk/errors.go:95.44,95.74 1 1
github.com/smplkit/go-sdk/errors.go:98.44,98.67 1 1
github.com/smplkit/go-sdk/errors.go:106.46,106.76 1 3
github.com/smplkit/go-sdk/errors.go:109.46,109.69 1 1
github.com/smplkit/go-sdk/flags_client.go:25.94,36.27 3 12
github.com/smplkit/go-sdk/flags_client.go:36.27,38.3 1 13
github.com/smplkit/go-sdk/flags_client.go:39.2,39.10 1 12
github.com/smplkit/go-sdk/flags_client.go:43.95,52.27 2 3
github.com/smplkit/go-sdk/flags_client.go:52.27,54.3 1 3
github.com/smplkit/go-sdk/flags_client.go:55.2,55.10 1 3
github.com/smplkit/go-sdk/flags_client.go:59.96,68.27 2 4
github.com/smplkit/go-sdk/flags_client.go:68.27,70.3 1 3
github.com/smplkit/go-sdk/flags_client.go:71.2,71.10 1 4
github.com/smplkit/go-sdk/flags_client.go:75.109,84.27 2 3
github.com/smplkit/go-sdk/flags_client.go:84.27,86.3 1 1
github.com/smplkit/go-sdk/flags_client.go:87.2,87.10 1 3
github.com/smplkit/go-sdk/flags_client.go:92.74,94.16 2 9
github.com/smplkit/go-sdk/flags_client.go:94.16,96.3 1 2
github.com/smplkit/go-sdk/flags_client.go:97.2,100.16 3 7
github.com/smplkit/go-sdk/flags_client.go:100.16,104.3 1 1
github.com/smplkit/go-sdk/flags_client.go:105.2,105.59 1 6
github.com/smplkit/go-sdk/flags_client.go:105.59,107.3 1 3
github.com/smplkit/go-sdk/flags_client.go:109.2,110.54 2 3
github.com/smplkit/go-sdk/flags_client.go:110.54,112.3 1 1
github.com/smplkit/go-sdk/flags_client.go:114.2,114.44 1 2
github.com/smplkit/go-sdk/flags_client.go:118.66,120.16 2 5
github.com/smplkit/go-sdk/flags_client.go:120.16,122.3 1 1
github.com/smplkit/go-sdk/flags_client.go:123.2,126.16 3 4
github.com/smplkit/go-sdk/flags_client.go:126.16,130.3 1 1
github.com/smplkit/go-sdk/flags_client.go:131.2,131.59 1 3
github.com/smplkit/go-sdk/flags_client.go:131.59,133.3 1 1
github.com/smplkit/go-sdk/flags_client.go:135.2,136.54 2 2
github.com/smplkit/go-sdk/flags_client.go:136.54,138.3 1 1
github.com/smplkit/go-sdk/flags_client.go:140.2,141.29 2 1
github.com/smplkit/go-sdk/flags_client.go:141.29,143.3 1 1
github.com/smplkit/go-sdk/flags_client.go:144.2,144.19 1 1
github.com/smplkit/go-sdk/flags_client.go:148.68,150.16 2 6
github.com/smplkit/go-sdk/flags_client.go:150.16,152.3 1 1
github.com/smplkit/go-sdk/flags_client.go:153.2,156.16 3 5
github.com/smplkit/go-sdk/flags_client.go:156.16,160.3 1 1
github.com/smplkit/go-sdk/flags_client.go:161.2,161.43 1 4
github.com/smplkit/go-sdk/flags_client.go:165.73,169.16 3 5
github.com/smplkit/go-sdk/flags_client.go:169.16,171.3 1 1
github.com/smplkit/go-sdk/flags_client.go:172.2,175.16 3 4
github.com/smplkit/go-sdk/flags_client.go:175.16,179.3 1 1
github.com/smplkit/go-sdk/flags_client.go:180.2,180.59 1 3
github.com/smplkit/go-sdk/flags_client.go:180.59,182.3 1 1
github.com/smplkit/go-sdk/flags_client.go:184.2,185.54 2 2
github.com/smplkit/go-sdk/flags_client.go:185.54,187.3 1 1
github.com/smplkit/go-sdk/flags_client.go:188.2,189.12 2 1
github.com/smplkit/go-sdk/flags_client.go:193.73,197.16 3 16
github.com/smplkit/go-sdk/flags_client.go:197.16,199.3 1 2
github.com/smplkit/go-sdk/flags_client.go:200.2,203.16 3 14
github.com/smplkit/go-sdk/flags_client.go:203.16,207.3 1 2
github.com/smplkit/go-sdk/flags_client.go:208.2,208.59 1 12
github.com/smplkit/go-sdk/flags_client.go:208.59,210.3 1 4
github.com/smplkit/go-sdk/flags_client.go:212.2,213.54 2 8
github.com/smplkit/go-sdk/flags_client.go:213.54,215.3 1 2
github.com/smplkit/go-sdk/flags_client.go:216.2,217.12 2 6
github.com/smplkit/go-sdk/flags_client.go:221.108,229.16 3 4
github.com/smplkit/go-sdk/flags_client.go:229.16,231.3 1 1
github.com/smplkit/go-sdk/flags_client.go:232.2,235.16 3 3
github.com/smplkit/go-sdk/flags_client.go:235.16,239.3 1 1
github.com/smplkit/go-sdk/flags_client.go:240.2,240.59 1 2
github.com/smplkit/go-sdk/flags_client.go:240.59,242.3 1 1
github.com/smplkit/go-sdk/flags_client.go:243.2,243.31 1 1
github.com/smplkit/go-sdk/flags_client.go:247.132,255.16 3 4
github.com/smplkit/go-sdk/flags_client.go:255.16,257.3 1 1
github.com/smplkit/go-sdk/flags_client.go:258.2,261.16 3 3
github.com/smplkit/go-sdk/flags_client.go:261.16,265.3 1 1
github.com/smplkit/go-sdk/flags_client.go:266.2,266.59 1 2
github.com/smplkit/go-sdk/flags_client.go:266.59,268.3 1 1
github.com/smplkit/go-sdk/flags_client.go:269.2,269.31 1 1
github.com/smplkit/go-sdk/flags_client.go:273.85,275.16 2 5
github.com/smplkit/go-sdk/flags_client.go:275.16,277.3 1 1
github.com/smplkit/go-sdk/flags_client.go:278.2,281.16 3 4
github.com/smplkit/go-sdk/flags_client.go:281.16,285.3 1 1
github.com/smplkit/go-sdk/flags_client.go:286.2,286.59 1 3
github.com/smplkit/go-sdk/flags_client.go:286.59,288.3 1 1
github.com/smplkit/go-sdk/flags_client.go:290.2,291.54 2 2
github.com/smplkit/go-sdk/flags_client.go:291.54,293.3 1 1
github.com/smplkit/go-sdk/flags_client.go:295.2,296.32 2 1
github.com/smplkit/go-sdk/flags_client.go:296.32,300.18 2 2
github.com/smplkit/go-sdk/flags_client.go:300.18,302.4 1 2
github.com/smplkit/go-sdk/flags_client.go:303.3,303.37 1 2
github.com/smplkit/go-sdk/flags_client.go:303.37,305.4 1 2
github.com/smplkit/go-sdk/flags_client.go:306.3,306.28 1 2
github.com/smplkit/go-sdk/flags_client.go:308.2,308.19 1 1
github.com/smplkit/go-sdk/flags_client.go:312.81,314.16 2 4
github.com/smplkit/go-sdk/flags_client.go:314.16,316.3 1 1
github.com/smplkit/go-sdk/flags_client.go:317.2,320.16 3 3
github.com/smplkit/go-sdk/flags_client.go:320.16,324.3 1 1
github.com/smplkit/go-sdk/flags_client.go:325.2,325.43 1 2
github.com/smplkit/go-sdk/flags_client.go:329.114,334.16 3 5
github.com/smplkit/go-sdk/flags_client.go:334.16,336.3 1 1
github.com/smplkit/go-sdk/flags_client.go:337.2,340.16 3 4
github.com/smplkit/go-sdk/flags_client.go:340.16,344.3 1 1
github.com/smplkit/go-sdk/flags_client.go:345.2,345.59 1 3
github.com/smplkit/go-sdk/flags_client.go:345.59,347.3 1 1
github.com/smplkit/go-sdk/flags_client.go:349.2,352.54 2 2
github.com/smplkit/go-sdk/flags_client.go:352.54,354.3 1 1
github.com/smplkit/go-sdk/flags_client.go:355.2,355.25 1 1
github.com/smplkit/go-sdk/flags_client.go:359.68,362.17 3 13
github.com/smplkit/go-sdk/flags_client.go:362.17,364.3 1 12
github.com/smplkit/go-sdk/flags_client.go:366.2,367.25 2 13
github.com/smplkit/go-sdk/flags_client.go:367.25,369.36 2 10
github.com/smplkit/go-sdk/flags_client.go:369.36,371.4 1 16
github.com/smplkit/go-sdk/flags_client.go:372.3,372.14 1 10
github.com/smplkit/go-sdk/flags_client.go:375.2,378.21 3 13
github.com/smplkit/go-sdk/flags_client.go:378.21,380.3 1 12
github.com/smplkit/go-sdk/flags_client.go:382.2,382.14 1 13
github.com/smplkit/go-sdk/flags_client.go:382.14,384.3 1 1
github.com/smplkit/go-sdk/flags_client.go:386.2,397.3 1 13
github.com/smplkit/go-sdk/flags_client.go:401.96,402.17 1 26
github.com/smplkit/go-sdk/flags_client.go:402.17,404.3 1 4
github.com/smplkit/go-sdk/flags_client.go:405.2,406.34 2 22
github.com/smplkit/go-sdk/flags_client.go:406.34,408.25 2 4
github.com/smplkit/go-sdk/flags_client.go:408.25,410.4 1 4
github.com/smplkit/go-sdk/flags_client.go:411.3,411.25 1 4
github.com/smplkit/go-sdk/flags_client.go:411.25,413.4 1 2
github.com/smplkit/go-sdk/flags_client.go:414.3,414.23 1 4
github.com/smplkit/go-sdk/flags_client.go:414.23,416.33 2 3
github.com/smplkit/go-sdk/flags_client.go:416.33,421.29 2 2
github.com/smplkit/go-sdk/flags_client.go:421.29,423.6 1 1
github.com/smplkit/go-sdk/flags_client.go:424.5,424.23 1 2
github.com/smplkit/go-sdk/flags_client.go:426.4,426.26 1 3
github.com/smplkit/go-sdk/flags_client.go:427.9,429.4 1 1
github.com/smplkit/go-sdk/flags_client.go:430.3,430.26 1 4
github.com/smplkit/go-sdk/flags_client.go:432.2,432.15 1 22
github.com/smplkit/go-sdk/flags_client.go:436.162,438.14 2 24
github.com/smplkit/go-sdk/flags_client.go:438.14,440.3 1 17
github.com/smplkit/go-sdk/flags_client.go:441.2,444.19 3 24
github.com/smplkit/go-sdk/flags_client.go:444.19,446.29 2 22
github.com/smplkit/go-sdk/flags_client.go:446.29,448.4 1 30
github.com/smplkit/go-sdk/flags_client.go:449.3,449.18 1 22
github.com/smplkit/go-sdk/flags_client.go:452.2,468.3 2 24
github.com/smplkit/go-sdk/flags_client.go:472.97,473.17 1 30
github.com/smplkit/go-sdk/flags_client.go:473.17,475.3 1 3
github.com/smplkit/go-sdk/flags_client.go:476.2,477.37 2 27
github.com/smplkit/go-sdk/flags_client.go:477.37,479.10 2 8
github.com/smplkit/go-sdk/flags_client.go:479.10,480.12 1 1
github.com/smplkit/go-sdk/flags_client.go:483.3,485.50 2 7
github.com/smplkit/go-sdk/flags_client.go:485.50,487.4 1 4
github.com/smplkit/go-sdk/flags_client.go:488.3,488.40 1 7
github.com/smplkit/go-sdk/flags_client.go:488.40,490.4 1 2
github.com/smplkit/go-sdk/flags_client.go:491.3,491.42 1 7
github.com/smplkit/go-sdk/flags_client.go:491.42,492.54 1 6
github.com/smplkit/go-sdk/flags_client.go:492.54,494.37 2 5
github.com/smplkit/go-sdk/flags_client.go:494.37,495.55 1 4
github.com/smplkit/go-sdk/flags_client.go:495.55,499.66 2 3
github.com/smplkit/go-sdk/flags_client.go:499.66,501.8 1 2
github.com/smplkit/go-sdk/flags_client.go:501.13,503.8 1 1
github.com/smplkit/go-sdk/flags_client.go:504.7,504.55 1 3
github.com/smplkit/go-sdk/flags_client.go:504.55,506.8 1 2
github.com/smplkit/go-sdk/flags_client.go:507.7,507.34 1 3
github.com/smplkit/go-sdk/flags_client.go:510.5,510.23 1 5
github.com/smplkit/go-sdk/flags_client.go:514.3,514.24 1 7
github.com/smplkit/go-sdk/flags_client.go:516.2,516.16 1 27
github.com/smplkit/go-sdk/flags_client.go:520.58,524.54 2 5
github.com/smplkit/go-sdk/flags_client.go:524.54,526.3 1 1
github.com/smplkit/go-sdk/flags_client.go:527.2,527.41 1 4
github.com/smplkit/go-sdk/flags_client.go:531.69,540.51 2 6
github.com/smplkit/go-sdk/flags_client.go:540.51,542.3 1 1
github.com/smplkit/go-sdk/flags_client.go:543.2,544.18 2 5
github.com/smplkit/go-sdk/flags_client.go:544.18,546.3 1 1
github.com/smplkit/go-sdk/flags_client.go:547.2,548.16 2 5
github.com/smplkit/go-sdk/flags_client.go:548.16,550.3 1 1
github.com/smplkit/go-sdk/flags_client.go:551.2,555.8 1 5
github.com/smplkit/go-sdk/flags_client.go:559.101,561.16 2 14
github.com/smplkit/go-sdk/flags_client.go:561.16,563.3 1 6
github.com/smplkit/go-sdk/flags_client.go:564.2,565.26 2 8
github.com/smplkit/go-sdk/flags_client.go:565.26,568.3 2 6
github.com/smplkit/go-sdk/flags_client.go:569.2,569.19 1 8
github.com/smplkit/go-sdk/flags_client.go:573.93,575.16 2 25
github.com/smplkit/go-sdk/flags_client.go:575.16,577.3 1 2
github.com/smplkit/go-sdk/flags_client.go:578.2,581.16 3 23
github.com/smplkit/go-sdk/flags_client.go:581.16,585.3 1 1
github.com/smplkit/go-sdk/flags_client.go:586.2,586.59 1 22
github.com/smplkit/go-sdk/flags_client.go:586.59,588.3 1 8
github.com/smplkit/go-sdk/flags_client.go:590.2,591.54 2 14
github.com/smplkit/go-sdk/flags_client.go:591.54,593.3 1 1
github.com/smplkit/go-sdk/flags_client.go:595.2,596.32 2 13
github.com/smplkit/go-sdk/flags_client.go:596.32,599.26 3 9
github.com/smplkit/go-sdk/flags_client.go:599.26,601.37 2 9
github.com/smplkit/go-sdk/flags_client.go:601.37,603.5 1 6
github.com/smplkit/go-sdk/flags_client.go:604.4,604.14 1 9
github.com/smplkit/go-sdk/flags_client.go:607.3,608.18 2 9
github.com/smplkit/go-sdk/flags_client.go:608.18,610.4 1 9
github.com/smplkit/go-sdk/flags_client.go:611.3,620.27 2 9
github.com/smplkit/go-sdk/flags_client.go:622.2,622.19 1 13
github.com/smplkit/go-sdk/flags_client.go:626.85,628.2 1 3
github.com/smplkit/go-sdk/flags_client.go:631.85,633.2 1 1
github.com/smplkit/go-sdk/flags_client.go:636.86,638.2 1 1
github.com/smplkit/go-sdk/flags_client.go:641.97,643.2 1 1
github.com/smplkit/go-sdk/flags_client.go:646.82,648.2 1 1
github.com/smplkit/go-sdk/flags_client.go:651.55,653.2 1 4
github.com/smplkit/go-sdk/flags_client.go:656.58,658.2 1 2
github.com/smplkit/go-sdk/flags_client.go:661.49,663.2 1 1
github.com/smplkit/go-sdk/flags_client.go:666.41,668.2 1 1
github.com/smplkit/go-sdk/flags_client.go:671.59,673.2 1 2
github.com/smplkit/go-sdk/flags_client.go:677.74,679.2 1 1
github.com/smplkit/go-sdk/flags_client.go:682.74,684.2 1 2
github.com/smplkit/go-sdk/flags_client.go:687.58,689.2 1 1
github.com/smplkit/go-sdk/flags_client.go:692.117,694.2 1 5
github.com/smplkit/go-sdk/flags_client.go:697.90,698.21 1 11
github.com/smplkit/go-sdk/flags_client.go:698.21,700.3 1 7
github.com/smplkit/go-sdk/flags_client.go:701.2,702.30 2 4
github.com/smplkit/go-sdk/flags_client.go:702.30,706.68 4 104
github.com/smplkit/go-sdk/flags_client.go:706.68,708.4 1 102
github.com/smplkit/go-sdk/flags_client.go:709.3,709.30 1 104
github.com/smplkit/go-sdk/flags_client.go:711.2,713.31 3 4
github.com/smplkit/go-sdk/flags_client.go:713.31,715.3 1 3
github.com/smplkit/go-sdk/flags_models.go:44.43,45.23 1 15
github.com/smplkit/go-sdk/flags_models.go:45.23,45.40 1 15
github.com/smplkit/go-sdk/flags_models.go:49.50,50.23 1 2
github.com/smplkit/go-sdk/flags_models.go:50.23,50.48 1 2
github.com/smplkit/go-sdk/flags_models.go:54.52,55.23 1 3
github.com/smplkit/go-sdk/flags_models.go:55.23,55.45 1 3
github.com/smplkit/go-sdk/flags_models.go:60.48,61.16 1 15
github.com/smplkit/go-sdk/flags_models.go:61.16,63.3 1 5
github.com/smplkit/go-sdk/flags_models.go:64.2,64.36 1 10
github.com/smplkit/go-sdk/flags_models.go:70.64,72.25 2 8
github.com/smplkit/go-sdk/flags_models.go:72.25,74.3 1 3
github.com/smplkit/go-sdk/flags_models.go:76.2,78.9 3 5
github.com/smplkit/go-sdk/flags_models.go:78.9,80.3 1 3
github.com/smplkit/go-sdk/flags_models.go:80.8,82.3 1 2
github.com/smplkit/go-sdk/flags_models.go:84.2,86.30 3 5
github.com/smplkit/go-sdk/flags_models.go:86.30,87.25 1 20
github.com/smplkit/go-sdk/flags_models.go:87.25,89.4 1 15
github.com/smplkit/go-sdk/flags_models.go:91.2,95.12 5 5
github.com/smplkit/go-sdk/flags_models.go:100.67,103.9 3 3
github.com/smplkit/go-sdk/flags_models.go:103.9,105.3 1 2
github.com/smplkit/go-sdk/flags_models.go:105.8,107.3 1 1
github.com/smplkit/go-sdk/flags_models.go:108.2,110.23 3 3
github.com/smplkit/go-sdk/flags_models.go:115.77,118.9 3 3
github.com/smplkit/go-sdk/flags_models.go:118.9,120.3 1 2
github.com/smplkit/go-sdk/flags_models.go:120.8,122.3 1 1
github.com/smplkit/go-sdk/flags_models.go:123.2,125.23 3 3
github.com/smplkit/go-sdk/flags_models.go:130.42,132.62 2 2
github.com/smplkit/go-sdk/flags_models.go:132.62,137.3 4 1
github.com/smplkit/go-sdk/flags_models.go:140.35,150.2 9 8
github.com/smplkit/go-sdk/flags_models.go:162.66,163.14 1 15
github.com/smplkit/go-sdk/flags_models.go:163.14,165.3 1 1
github.com/smplkit/go-sdk/flags_models.go:166.2,167.22 2 14
github.com/smplkit/go-sdk/flags_models.go:167.22,169.3 1 6
github.com/smplkit/go-sdk/flags_models.go:170.2,170.15 1 14
github.com/smplkit/go-sdk/flags_models.go:173.63,175.22 2 10114
github.com/smplkit/go-sdk/flags_models.go:175.22,177.3 1 14
github.com/smplkit/go-sdk/flags_models.go:178.2,178.15 1 10114
github.com/smplkit/go-sdk/flags_runtime.go:45.55,46.18 1 367
github.com/smplkit/go-sdk/flags_runtime.go:46.18,48.3 1 2
github.com/smplkit/go-sdk/flags_runtime.go:49.2,53.3 1 367
github.com/smplkit/go-sdk/flags_runtime.go:56.63,59.34 3 51
github.com/smplkit/go-sdk/flags_runtime.go:59.34,63.3 3 8
github.com/smplkit/go-sdk/flags_runtime.go:64.2,65.19 2 43
github.com/smplkit/go-sdk/flags_runtime.go:68.62,71.34 3 51
github.com/smplkit/go-sdk/flags_runtime.go:71.34,75.3 3 1
github.com/smplkit/go-sdk/flags_runtime.go:76.2,79.31 4 50
github.com/smplkit/go-sdk/flags_runtime.go:79.31,81.20 2 2
github.com/smplkit/go-sdk/flags_runtime.go:81.20,84.4 2 2
github.com/smplkit/go-sdk/flags_runtime.go:88.35,93.2 4 12
github.com/smplkit/go-sdk/flags_runtime.go:95.54,99.2 3 4
github.com/smplkit/go-sdk/flags_runtime.go:112.64,116.2 1 361
github.com/smplkit/go-sdk/flags_runtime.go:118.65,121.31 3 10107
github.com/smplkit/go-sdk/flags_runtime.go:121.31,123.36 2 10110
github.com/smplkit/go-sdk/flags_runtime.go:123.36,124.12 1 2
github.com/smplkit/go-sdk/flags_runtime.go:126.3,126.48 1 10108
github.com/smplkit/go-sdk/flags_runtime.go:126.48,130.4 1 1
github.com/smplkit/go-sdk/flags_runtime.go:131.3,137.38 3 10108
github.com/smplkit/go-sdk/flags_runtime.go:141.70,147.2 5 8
github.com/smplkit/go-sdk/flags_runtime.go:149.56,153.2 3 7
github.com/smplkit/go-sdk/flags_runtime.go:156.87,162.2 5 12
github.com/smplkit/go-sdk/flags_runtime.go:165.87,171.2 5 5
github.com/smplkit/go-sdk/flags_runtime.go:174.88,180.2 5 9
github.com/smplkit/go-sdk/flags_runtime.go:183.99,189.2 5 5
github.com/smplkit/go-sdk/flags_runtime.go:201.58,205.2 3 5
github.com/smplkit/go-sdk/flags_runtime.go:213.80,215.31 2 8
github.com/smplkit/go-sdk/flags_runtime.go:215.31,217.3 1 6
github.com/smplkit/go-sdk/flags_runtime.go:218.2,218.28 1 2
github.com/smplkit/go-sdk/flags_runtime.go:227.81,229.33 2 5
github.com/smplkit/go-sdk/flags_runtime.go:229.33,231.3 1 3
github.com/smplkit/go-sdk/flags_runtime.go:232.2,232.30 1 2
github.com/smplkit/go-sdk/flags_runtime.go:241.82,243.27 2 9
github.com/smplkit/go-sdk/flags_runtime.go:244.15,245.11 1 5
github.com/smplkit/go-sdk/flags_runtime.go:246.11,247.20 1 1
github.com/smplkit/go-sdk/flags_runtime.go:248.13,249.20 1 1
github.com/smplkit/go-sdk/flags_runtime.go:251.2,251.31 1 2
github.com/smplkit/go-sdk/flags_runtime.go:260.95,262.49 2 5
github.com/smplkit/go-sdk/flags_runtime.go:262.49,264.3 1 3
github.com/smplkit/go-sdk/flags_runtime.go:265.2,265.46 1 2
github.com/smplkit/go-sdk/flags_runtime.go:296.53,305.2 1 358
github.com/smplkit/go-sdk/flags_runtime.go:308.84,312.2 3 3
github.com/smplkit/go-sdk/flags_runtime.go:315.63,316.24 1 45
github.com/smplkit/go-sdk/flags_runtime.go:316.24,317.60 1 6
github.com/smplkit/go-sdk/flags_runtime.go:317.60,320.4 2 1
github.com/smplkit/go-sdk/flags_runtime.go:322.3,330.17 6 5
github.com/smplkit/go-sdk/flags_runtime.go:330.17,333.4 2 2
github.com/smplkit/go-sdk/flags_runtime.go:335.3,345.46 8 3
github.com/smplkit/go-sdk/flags_runtime.go:347.2,347.19 1 45
github.com/smplkit/go-sdk/flags_runtime.go:351.57,352.25 1 4
github.com/smplkit/go-sdk/flags_runtime.go:352.25,356.3 3 3
github.com/smplkit/go-sdk/flags_runtime.go:358.2,370.18 9 4
github.com/smplkit/go-sdk/flags_runtime.go:375.60,377.16 2 2
github.com/smplkit/go-sdk/flags_runtime.go:377.16,379.3 1 1
github.com/smplkit/go-sdk/flags_runtime.go:381.2,387.12 6 1
github.com/smplkit/go-sdk/flags_runtime.go:391.51,392.25 1 3
github.com/smplkit/go-sdk/flags_runtime.go:392.25,394.3 1 1
github.com/smplkit/go-sdk/flags_runtime.go:395.2,395.23 1 2
github.com/smplkit/go-sdk/flags_runtime.go:399.43,402.2 2 2
github.com/smplkit/go-sdk/flags_runtime.go:405.61,409.2 3 10
github.com/smplkit/go-sdk/flags_runtime.go:413.76,417.2 3 5
github.com/smplkit/go-sdk/flags_runtime.go:420.76,422.2 1 2
github.com/smplkit/go-sdk/flags_runtime.go:425.60,428.2 2 1
github.com/smplkit/go-sdk/flags_runtime.go:431.119,435.98 2 10
github.com/smplkit/go-sdk/flags_runtime.go:435.98,436.42 1 2
github.com/smplkit/go-sdk/flags_runtime.go:436.42,438.4 1 1
github.com/smplkit/go-sdk/flags_runtime.go:441.2,445.8 4 10
github.com/smplkit/go-sdk/flags_runtime.go:445.8,447.3 1 4
github.com/smplkit/go-sdk/flags_runtime.go:450.2,451.16 2 6
github.com/smplkit/go-sdk/flags_runtime.go:451.16,453.3 1 2
github.com/smplkit/go-sdk/flags_runtime.go:454.2,454.26 1 4
github.com/smplkit/go-sdk/flags_runtime.go:454.26,455.45 1 2
github.com/smplkit/go-sdk/flags_runtime.go:455.45,457.4 1 2
github.com/smplkit/go-sdk/flags_runtime.go:459.2,459.12 1 2
github.com/smplkit/go-sdk/flags_runtime.go:462.137,463.43 1 41
github.com/smplkit/go-sdk/flags_runtime.go:463.43,466.3 2 2
github.com/smplkit/go-sdk/flags_runtime.go:468.2,473.31 5 39
github.com/smplkit/go-sdk/flags_runtime.go:473.31,475.3 1 2
github.com/smplkit/go-sdk/flags_runtime.go:475.8,480.22 4 37
github.com/smplkit/go-sdk/flags_runtime.go:480.22,484.64 4 2
github.com/smplkit/go-sdk/flags_runtime.go:484.64,486.5 1 1
github.com/smplkit/go-sdk/flags_runtime.go:487.9,489.4 1 35
github.com/smplkit/go-sdk/flags_runtime.go:493.2,493.98 1 39
github.com/smplkit/go-sdk/flags_runtime.go:493.98,494.42 1 7
github.com/smplkit/go-sdk/flags_runtime.go:494.42,496.4 1 6
github.com/smplkit/go-sdk/flags_runtime.go:499.2,503.59 4 39
github.com/smplkit/go-sdk/flags_runtime.go:503.59,505.3 1 12
github.com/smplkit/go-sdk/flags_runtime.go:507.2,507.48 1 39
github.com/smplkit/go-sdk/flags_runtime.go:507.48,508.21 1 2
github.com/smplkit/go-sdk/flags_runtime.go:508.21,511.4 2 1
github.com/smplkit/go-sdk/flags_runtime.go:512.3,512.16 1 2
github.com/smplkit/go-sdk/flags_runtime.go:515.2,515.20 1 37
github.com/smplkit/go-sdk/flags_runtime.go:515.20,517.3 1 3
github.com/smplkit/go-sdk/flags_runtime.go:519.2,523.9 4 37
github.com/smplkit/go-sdk/flags_runtime.go:523.9,525.21 2 15
github.com/smplkit/go-sdk/flags_runtime.go:525.21,527.4 1 1
github.com/smplkit/go-sdk/flags_runtime.go:528.3,528.20 1 15
github.com/smplkit/go-sdk/flags_runtime.go:531.2,532.18 2 22
github.com/smplkit/go-sdk/flags_runtime.go:532.18,534.3 1 1
github.com/smplkit/go-sdk/flags_runtime.go:536.2,537.20 2 22
github.com/smplkit/go-sdk/flags_runtime.go:537.20,539.3 1 2
github.com/smplkit/go-sdk/flags_runtime.go:540.2,540.14 1 22
github.com/smplkit/go-sdk/flags_runtime.go:545.116,549.46 3 42
github.com/smplkit/go-sdk/flags_runtime.go:549.46,551.3 1 2
github.com/smplkit/go-sdk/flags_runtime.go:553.2,554.9 2 40
github.com/smplkit/go-sdk/flags_runtime.go:554.9,556.3 1 21
github.com/smplkit/go-sdk/flags_runtime.go:557.2,558.9 2 19
github.com/smplkit/go-sdk/flags_runtime.go:558.9,560.3 1 1
github.com/smplkit/go-sdk/flags_runtime.go:562.2,564.21 3 18
github.com/smplkit/go-sdk/flags_runtime.go:564.21,566.3 1 11
github.com/smplkit/go-sdk/flags_runtime.go:568.2,569.14 2 18
github.com/smplkit/go-sdk/flags_runtime.go:569.14,571.3 1 2
github.com/smplkit/go-sdk/flags_runtime.go:573.2,574.32 2 16
github.com/smplkit/go-sdk/flags_runtime.go:574.32,576.10 2 14
github.com/smplkit/go-sdk/flags_runtime.go:576.10,577.12 1 1
github.com/smplkit/go-sdk/flags_runtime.go:579.3,580.29 2 13
github.com/smplkit/go-sdk/flags_runtime.go:580.29,581.12 1 2
github.com/smplkit/go-sdk/flags_runtime.go:584.3,585.17 2 11
github.com/smplkit/go-sdk/flags_runtime.go:585.17,587.12 2 1
github.com/smplkit/go-sdk/flags_runtime.go:590.3,590.23 1 10
github.com/smplkit/go-sdk/flags_runtime.go:590.23,592.4 1 9
github.com/smplkit/go-sdk/flags_runtime.go:595.2,595.17 1 7
github.com/smplkit/go-sdk/flags_runtime.go:599.101,601.2 1 11
github.com/smplkit/go-sdk/flags_runtime.go:604.35,605.14 1 20
github.com/smplkit/go-sdk/flags_runtime.go:605.14,607.3 1 1
github.com/smplkit/go-sdk/flags_runtime.go:608.2,608.25 1 19
github.com/smplkit/go-sdk/flags_runtime.go:609.12,610.13 1 12
github.com/smplkit/go-sdk/flags_runtime.go:611.15,612.18 1 2
github.com/smplkit/go-sdk/flags_runtime.go:613.11,614.18 1 2
github.com/smplkit/go-sdk/flags_runtime.go:615.14,616.19 1 2
github.com/smplkit/go-sdk/flags_runtime.go:618.2,618.13 1 1
github.com/smplkit/go-sdk/flags_runtime.go:621.72,624.16 3 5
github.com/smplkit/go-sdk/flags_runtime.go:624.16,626.3 1 2
github.com/smplkit/go-sdk/flags_runtime.go:628.2,633.46 5 3
github.com/smplkit/go-sdk/flags_runtime.go:636.72,638.2 1 1
github.com/smplkit/go-sdk/flags_runtime.go:640.76,641.19 1 19
github.com/smplkit/go-sdk/flags_runtime.go:641.19,643.3 1 2
github.com/smplkit/go-sdk/flags_runtime.go:644.2,653.29 8 17
github.com/smplkit/go-sdk/flags_runtime.go:653.29,654.10 1 8
github.com/smplkit/go-sdk/flags_runtime.go:654.10,655.17 1 8
github.com/smplkit/go-sdk/flags_runtime.go:655.17,656.33 1 8
github.com/smplkit/go-sdk/flags_runtime.go:656.33,658.6 1 1
github.com/smplkit/go-sdk/flags_runtime.go:660.4,660.13 1 8
github.com/smplkit/go-sdk/flags_runtime.go:664.2,664.34 1 17
github.com/smplkit/go-sdk/flags_runtime.go:664.34,665.10 1 5
github.com/smplkit/go-sdk/flags_runtime.go:665.10,666.17 1 5
github.com/smplkit/go-sdk/flags_runtime.go:666.17,667.33 1 5
github.com/smplkit/go-sdk/flags_runtime.go:667.33,669.6 1 1
github.com/smplkit/go-sdk/flags_runtime.go:671.4,671.13 1 5
github.com/smplkit/go-sdk/flags_runtime.go:675.2,679.8 4 17
github.com/smplkit/go-sdk/flags_runtime.go:679.8,685.32 5 4
github.com/smplkit/go-sdk/flags_runtime.go:685.32,686.11 1 5
github.com/smplkit/go-sdk/flags_runtime.go:686.11,687.18 1 5
github.com/smplkit/go-sdk/flags_runtime.go:687.18,688.34 1 5
github.com/smplkit/go-sdk/flags_runtime.go:688.34,690.7 1 2
github.com/smplkit/go-sdk/flags_runtime.go:692.5,692.14 1 5
github.com/smplkit/go-sdk/flags_runtime.go:698.63,701.30 3 2
github.com/smplkit/go-sdk/flags_runtime.go:701.30,703.3 1 3
github.com/smplkit/go-sdk/flags_runtime.go:704.2,706.27 2 2
github.com/smplkit/go-sdk/flags_runtime.go:706.27,708.3 1 3
github.com/smplkit/go-sdk/flags_types.go:56.103,62.26 2 6
github.com/smplkit/go-sdk/flags_types.go:62.26,64.3 1 3
github.com/smplkit/go-sdk/flags_types.go:65.2,65.27 1 6
github.com/smplkit/go-sdk/flags_types.go:65.27,67.3 1 6
github.com/smplkit/go-sdk/flags_types.go:68.2,68.10 1 6
github.com/smplkit/go-sdk/flags_types.go:75.42,76.26 1 3
github.com/smplkit/go-sdk/flags_types.go:76.26,78.3 1 3
github.com/smplkit/go-sdk/flags_types.go:82.60,83.26 1 3
github.com/smplkit/go-sdk/flags_types.go:83.26,85.3 1 3
github.com/smplkit/go-sdk/flags_types.go:102.40,104.2 1 22
github.com/smplkit/go-sdk/flags_types.go:107.49,110.2 2 7
github.com/smplkit/go-sdk/flags_types.go:114.67,116.22 2 19
github.com/smplkit/go-sdk/flags_types.go:116.22,121.3 1 2
github.com/smplkit/go-sdk/flags_types.go:121.8,125.3 1 17
github.com/smplkit/go-sdk/flags_types.go:126.2,127.10 2 19
github.com/smplkit/go-sdk/flags_types.go:131.47,134.2 2 22
github.com/smplkit/go-sdk/flags_types.go:137.47,139.27 2 22
github.com/smplkit/go-sdk/flags_types.go:140.9,141.35 1 5
github.com/smplkit/go-sdk/flags_types.go:142.9,143.26 1 15
github.com/smplkit/go-sdk/flags_types.go:144.10,146.34 2 2
github.com/smplkit/go-sdk/flags_types.go:146.34,148.4 1 4
github.com/smplkit/go-sdk/flags_types.go:149.3,149.47 1 2
github.com/smplkit/go-sdk/flags_types.go:152.2,158.25 2 22
github.com/smplkit/go-sdk/flags_types.go:158.25,160.3 1 7
github.com/smplkit/go-sdk/flags_types.go:162.2,162.15 1 22
github.com/smplkit/go-sdk/flags_types.go:166.68,168.31 2 15
github.com/smplkit/go-sdk/flags_types.go:168.31,171.36 3 8
github.com/smplkit/go-sdk/flags_types.go:171.36,173.4 1 5
github.com/smplkit/go-sdk/flags_types.go:174.3,174.27 1 8
github.com/smplkit/go-sdk/flags_types.go:176.2,176.15 1 15
github.com/smplkit/go-sdk/flags_types.go:180.58,184.2 2 43
github.com/smplkit/go-sdk/flags_types.go:188.51,189.25 1 81
github.com/smplkit/go-sdk/flags_types.go:190.30,192.22 2 60
github.com/smplkit/go-sdk/flags_types.go:192.22,194.4 1 36
github.com/smplkit/go-sdk/flags_types.go:195.3,197.26 3 60
github.com/smplkit/go-sdk/flags_types.go:197.26,201.4 3 36
github.com/smplkit/go-sdk/flags_types.go:202.3,202.55 1 60
github.com/smplkit/go-sdk/flags_types.go:203.10,204.25 1 21
github.com/smplkit/go-sdk/flags_types.go:208.41,209.21 1 63
github.com/smplkit/go-sdk/flags_types.go:209.21,211.3 1 31
github.com/smplkit/go-sdk/flags_types.go:212.2,213.30 2 32
github.com/smplkit/go-sdk/flags_types.go:213.30,215.3 1 8
github.com/smplkit/go-sdk/flags_types.go:216.2,216.15 1 32
github.com/smplkit/go-sdk/helpers.go:11.42,16.26 3 84
github.com/smplkit/go-sdk/helpers.go:16.26,17.17 1 121
github.com/smplkit/go-sdk/helpers.go:17.17,21.4 3 121
github.com/smplkit/go-sdk/helpers.go:23.2,23.33 1 84
github.com/smplkit/go-sdk/logging_client.go:44.81,53.2 1 220
github.com/smplkit/go-sdk/logging_client.go:56.33,57.37 1 8
github.com/smplkit/go-sdk/logging_client.go:57.37,59.3 1 1
github.com/smplkit/go-sdk/logging_client.go:60.2,60.24 1 8
github.com/smplkit/go-sdk/logging_client.go:60.24,63.3 2 3
github.com/smplkit/go-sdk/logging_client.go:68.70,76.27 2 19
github.com/smplkit/go-sdk/logging_client.go:76.27,78.3 1 4
github.com/smplkit/go-sdk/logging_client.go:79.2,79.10 1 19
github.com/smplkit/go-sdk/logging_client.go:83.79,90.27 2 19
github.com/smplkit/go-sdk/logging_client.go:90.27,92.3 1 4
github.com/smplkit/go-sdk/logging_client.go:93.2,93.10 1 19
github.com/smplkit/go-sdk/logging_client.go:97.78,99.16 2 16
github.com/smplkit/go-sdk/logging_client.go:99.16,101.3 1 1
github.com/smplkit/go-sdk/logging_client.go:102.2,105.16 3 15
github.com/smplkit/go-sdk/logging_client.go:105.16,109.3 1 1
github.com/smplkit/go-sdk/logging_client.go:110.2,110.59 1 14
github.com/smplkit/go-sdk/logging_client.go:110.59,112.3 1 2
github.com/smplkit/go-sdk/logging_client.go:114.2,115.54 2 12
github.com/smplkit/go-sdk/logging_client.go:115.54,117.3 1 1
github.com/smplkit/go-sdk/logging_client.go:119.2,119.46 1 11
github.com/smplkit/go-sdk/logging_client.go:123.70,125.16 2 25
github.com/smplkit/go-sdk/logging_client.go:125.16,127.3 1 1
github.com/smplkit/go-sdk/logging_client.go:128.2,131.16 3 24
github.com/smplkit/go-sdk/logging_client.go:131.16,135.3 1 1
github.com/smplkit/go-sdk/logging_client.go:136.2,136.59 1 23
github.com/smplkit/go-sdk/logging_client.go:136.59,138.3 1 4
github.com/smplkit/go-sdk/logging_client.go:140.2,141.54 2 19
github.com/smplkit/go-sdk/logging_client.go:141.54,143.3 1 1
github.com/smplkit/go-sdk/logging_client.go:145.2,146.29 2 18
github.com/smplkit/go-sdk/logging_client.go:146.29,148.3 1 9
github.com/smplkit/go-sdk/logging_client.go:149.2,149.21 1 18
github.com/smplkit/go-sdk/logging_client.go:153.70,155.2 1 4
github.com/smplkit/go-sdk/logging_client.go:158.85,162.16 2 9
github.com/smplkit/go-sdk/logging_client.go:162.16,164.3 1 1
github.com/smplkit/go-sdk/logging_client.go:165.2,165.27 1 8
github.com/smplkit/go-sdk/logging_client.go:165.27,166.17 1 7
github.com/smplkit/go-sdk/logging_client.go:166.17,168.4 1 7
github.com/smplkit/go-sdk/logging_client.go:170.2,175.3 1 1
github.com/smplkit/go-sdk/logging_client.go:179.78,181.16 2 28
github.com/smplkit/go-sdk/logging_client.go:181.16,183.3 1 1
github.com/smplkit/go-sdk/logging_client.go:184.2,187.16 3 27
github.com/smplkit/go-sdk/logging_client.go:187.16,191.3 1 1
github.com/smplkit/go-sdk/logging_client.go:192.2,192.59 1 26
github.com/smplkit/go-sdk/logging_client.go:192.59,194.3 1 2
github.com/smplkit/go-sdk/logging_client.go:196.2,197.54 2 24
github.com/smplkit/go-sdk/logging_client.go:197.54,199.3 1 1
github.com/smplkit/go-sdk/logging_client.go:201.2,202.29 2 23
github.com/smplkit/go-sdk/logging_client.go:202.29,204.3 1 11
github.com/smplkit/go-sdk/logging_client.go:205.2,205.20 1 23
github.com/smplkit/go-sdk/logging_client.go:209.75,211.2 1 3
github.com/smplkit/go-sdk/logging_client.go:215.74,216.15 1 9
github.com/smplkit/go-sdk/logging_client.go:216.15,217.59 1 1
github.com/smplkit/go-sdk/logging_client.go:219.2,219.42 1 8
github.com/smplkit/go-sdk/logging_client.go:224.58,226.24 2 12
github.com/smplkit/go-sdk/logging_client.go:226.24,228.27 1 11
github.com/smplkit/go-sdk/logging_client.go:228.27,230.4 1 5
github.com/smplkit/go-sdk/logging_client.go:233.3,233.38 1 11
github.com/smplkit/go-sdk/logging_client.go:233.38,235.34 2 7
github.com/smplkit/go-sdk/logging_client.go:235.34,237.25 2 6
github.com/smplkit/go-sdk/logging_client.go:237.25,238.14 1 1
github.com/smplkit/go-sdk/logging_client.go:240.5,240.57 1 5
github.com/smplkit/go-sdk/logging_client.go:245.3,245.38 1 11
github.com/smplkit/go-sdk/logging_client.go:245.38,247.4 1 7
github.com/smplkit/go-sdk/logging_client.go:250.3,253.46 2 11
github.com/smplkit/go-sdk/logging_client.go:253.46,256.4 2 1
github.com/smplkit/go-sdk/logging_client.go:259.3,270.19 7 10
github.com/smplkit/go-sdk/logging_client.go:272.2,272.17 1 12
github.com/smplkit/go-sdk/logging_client.go:277.69,280.2 2 2
github.com/smplkit/go-sdk/logging_client.go:283.63,287.2 3 4
github.com/smplkit/go-sdk/logging_client.go:290.78,294.2 3 1
github.com/smplkit/go-sdk/logging_client.go:297.39,298.26 1 12
github.com/smplkit/go-sdk/logging_client.go:298.26,300.3 1 6
github.com/smplkit/go-sdk/logging_client.go:303.2,308.37 3 6
github.com/smplkit/go-sdk/logging_client.go:308.37,309.41 1 7
github.com/smplkit/go-sdk/logging_client.go:309.41,310.21 1 6
github.com/smplkit/go-sdk/logging_client.go:310.21,312.5 1 5
github.com/smplkit/go-sdk/logging_client.go:316.2,316.28 1 6
github.com/smplkit/go-sdk/logging_client.go:316.28,320.50 4 5
github.com/smplkit/go-sdk/logging_client.go:320.50,322.4 1 5
github.com/smplkit/go-sdk/logging_client.go:327.64,329.22 2 2
github.com/smplkit/go-sdk/logging_client.go:329.22,331.3 1 1
github.com/smplkit/go-sdk/logging_client.go:332.2,335.15 2 1
github.com/smplkit/go-sdk/logging_client.go:335.15,337.38 2 1
github.com/smplkit/go-sdk/logging_client.go:337.38,339.4 1 1
github.com/smplkit/go-sdk/logging_client.go:340.3,340.50 1 1
github.com/smplkit/go-sdk/logging_client.go:340.50,342.4 1 1
github.com/smplkit/go-sdk/logging_client.go:346.76,356.16 4 5
github.com/smplkit/go-sdk/logging_client.go:356.16,358.3 1 1
github.com/smplkit/go-sdk/logging_client.go:359.2,362.16 3 4
github.com/smplkit/go-sdk/logging_client.go:362.16,366.3 1 1
github.com/smplkit/go-sdk/logging_client.go:367.2,367.59 1 3
github.com/smplkit/go-sdk/logging_client.go:367.59,369.3 1 1
github.com/smplkit/go-sdk/logging_client.go:371.2,372.54 2 2
github.com/smplkit/go-sdk/logging_client.go:372.54,374.3 1 1
github.com/smplkit/go-sdk/logging_client.go:375.2,376.12 2 1
github.com/smplkit/go-sdk/logging_client.go:379.76,390.16 4 10
github.com/smplkit/go-sdk/logging_client.go:390.16,392.3 1 2
github.com/smplkit/go-sdk/logging_client.go:393.2,396.16 3 8
github.com/smplkit/go-sdk/logging_client.go:396.16,400.3 1 2
github.com/smplkit/go-sdk/logging_client.go:401.2,401.59 1 6
github.com/smplkit/go-sdk/logging_client.go:401.59,403.3 1 2
github.com/smplkit/go-sdk/logging_client.go:405.2,406.54 2 4
github.com/smplkit/go-sdk/logging_client.go:406.54,408.3 1 2
github.com/smplkit/go-sdk/logging_client.go:409.2,410.12 2 2
github.com/smplkit/go-sdk/logging_client.go:413.80,415.16 2 7
github.com/smplkit/go-sdk/logging_client.go:415.16,417.3 1 2
github.com/smplkit/go-sdk/logging_client.go:418.2,420.16 3 5
github.com/smplkit/go-sdk/logging_client.go:420.16,424.3 1 1
github.com/smplkit/go-sdk/logging_client.go:425.2,425.43 1 4
github.com/smplkit/go-sdk/logging_client.go:428.77,438.16 4 5
github.com/smplkit/go-sdk/logging_client.go:438.16,440.3 1 1
github.com/smplkit/go-sdk/logging_client.go:441.2,444.16 3 4
github.com/smplkit/go-sdk/logging_client.go:444.16,448.3 1 1
github.com/smplkit/go-sdk/logging_client.go:449.2,449.59 1 3
github.com/smplkit/go-sdk/logging_client.go:449.59,451.3 1 1
github.com/smplkit/go-sdk/logging_client.go:453.2,454.54 2 2
github.com/smplkit/go-sdk/logging_client.go:454.54,456.3 1 1
github.com/smplkit/go-sdk/logging_client.go:457.2,458.12 2 1
github.com/smplkit/go-sdk/logging_client.go:461.77,472.16 4 10
github.com/smplkit/go-sdk/logging_client.go:472.16,474.3 1 2
github.com/smplkit/go-sdk/logging_client.go:475.2,478.16 3 8
github.com/smplkit/go-sdk/logging_client.go:478.16,482.3 1 2
github.com/smplkit/go-sdk/logging_client.go:483.2,483.59 1 6
github.com/smplkit/go-sdk/logging_client.go:483.59,485.3 1 2
github.com/smplkit/go-sdk/logging_client.go:487.2,488.54 2 4
github.com/smplkit/go-sdk/logging_client.go:488.54,490.3 1 2
github.com/smplkit/go-sdk/logging_client.go:491.2,492.12 2 2
github.com/smplkit/go-sdk/logging_client.go:495.79,497.16 2 6
github.com/smplkit/go-sdk/logging_client.go:497.16,499.3 1 1
github.com/smplkit/go-sdk/logging_client.go:500.2,502.16 3 5
github.com/smplkit/go-sdk/logging_client.go:502.16,506.3 1 1
github.com/smplkit/go-sdk/logging_client.go:507.2,507.43 1 4
github.com/smplkit/go-sdk/logging_client.go:510.78,513.17 3 26
github.com/smplkit/go-sdk/logging_client.go:513.17,515.3 1 23
github.com/smplkit/go-sdk/logging_client.go:516.2,517.46 2 26
github.com/smplkit/go-sdk/logging_client.go:517.46,520.3 2 17
github.com/smplkit/go-sdk/logging_client.go:521.2,522.26 2 26
github.com/smplkit/go-sdk/logging_client.go:522.26,524.3 1 24
github.com/smplkit/go-sdk/logging_client.go:525.2,526.26 2 26
github.com/smplkit/go-sdk/logging_client.go:526.26,528.3 1 12
github.com/smplkit/go-sdk/logging_client.go:529.2,530.31 2 26
github.com/smplkit/go-sdk/logging_client.go:530.31,532.3 1 23
github.com/smplkit/go-sdk/logging_client.go:532.8,534.3 1 3
github.com/smplkit/go-sdk/logging_client.go:536.2,547.3 1 26
github.com/smplkit/go-sdk/logging_client.go:550.84,553.17 3 16
github.com/smplkit/go-sdk/logging_client.go:553.17,555.3 1 14
github.com/smplkit/go-sdk/logging_client.go:556.2,557.46 2 16
github.com/smplkit/go-sdk/logging_client.go:557.46,560.3 2 11
github.com/smplkit/go-sdk/logging_client.go:561.2,562.31 2 16
github.com/smplkit/go-sdk/logging_client.go:562.31,564.3 1 14
github.com/smplkit/go-sdk/logging_client.go:564.8,566.3 1 2
github.com/smplkit/go-sdk/logging_client.go:568.2,577.3 1 16
github.com/smplkit/go-sdk/logging_client.go:580.57,583.20 3 19
github.com/smplkit/go-sdk/logging_client.go:583.20,586.3 2 6
github.com/smplkit/go-sdk/logging_client.go:587.2,588.27 2 19
github.com/smplkit/go-sdk/logging_client.go:588.27,590.3 1 16
github.com/smplkit/go-sdk/logging_client.go:591.2,592.22 2 19
github.com/smplkit/go-sdk/logging_client.go:592.22,594.3 1 6
github.com/smplkit/go-sdk/logging_client.go:595.2,603.3 1 19
github.com/smplkit/go-sdk/logging_client.go:606.63,609.20 3 18
github.com/smplkit/go-sdk/logging_client.go:609.20,612.3 2 6
github.com/smplkit/go-sdk/logging_client.go:613.2,614.27 2 18
github.com/smplkit/go-sdk/logging_client.go:614.27,616.3 1 16
github.com/smplkit/go-sdk/logging_client.go:617.2,623.3 1 18
github.com/smplkit/go-sdk/logging_client.go:626.66,628.16 2 18
github.com/smplkit/go-sdk/logging_client.go:628.16,630.3 1 3
github.com/smplkit/go-sdk/logging_client.go:631.2,632.16 2 15
github.com/smplkit/go-sdk/logging_client.go:632.16,634.3 1 1
github.com/smplkit/go-sdk/logging_client.go:636.2,637.28 2 14
github.com/smplkit/go-sdk/logging_client.go:637.28,644.21 2 7
github.com/smplkit/go-sdk/logging_client.go:644.21,646.4 1 5
github.com/smplkit/go-sdk/logging_client.go:647.3,647.21 1 7
github.com/smplkit/go-sdk/logging_client.go:647.21,649.4 1 1
github.com/smplkit/go-sdk/logging_client.go:650.3,650.29 1 7
github.com/smplkit/go-sdk/logging_client.go:653.2,654.27 2 14
github.com/smplkit/go-sdk/logging_client.go:654.27,660.21 2 2
github.com/smplkit/go-sdk/logging_client.go:660.21,662.4 1 1
github.com/smplkit/go-sdk/logging_client.go:663.3,663.21 1 2
github.com/smplkit/go-sdk/logging_client.go:663.21,665.4 1 1
github.com/smplkit/go-sdk/logging_client.go:666.3,666.28 1 2
github.com/smplkit/go-sdk/logging_client.go:669.2,671.12 3 14
github.com/smplkit/go-sdk/logging_client.go:674.58,676.21 2 15
github.com/smplkit/go-sdk/logging_client.go:676.21,678.3 1 8
github.com/smplkit/go-sdk/logging_client.go:679.2,679.67 1 7
github.com/smplkit/go-sdk/logging_client.go:679.67,681.3 1 4
github.com/smplkit/go-sdk/logging_client.go:682.2,683.30 2 7
github.com/smplkit/go-sdk/logging_client.go:683.30,688.26 2 9
github.com/smplkit/go-sdk/logging_client.go:688.26,690.4 1 8
github.com/smplkit/go-sdk/logging_client.go:691.3,691.30 1 9
github.com/smplkit/go-sdk/logging_client.go:693.2,695.31 3 7
github.com/smplkit/go-sdk/logging_client.go:695.31,697.3 1 7
github.com/smplkit/go-sdk/logging_client.go:700.59,703.6 3 12
github.com/smplkit/go-sdk/logging_client.go:703.6,704.10 1 13
github.com/smplkit/go-sdk/logging_client.go:705.15,706.10 1 4
github.com/smplkit/go-sdk/logging_client.go:707.19,708.39 1 1
github.com/smplkit/go-sdk/logging_client.go:713.74,715.20 2 3
github.com/smplkit/go-sdk/logging_client.go:715.20,717.3 1 1
github.com/smplkit/go-sdk/logging_client.go:718.2,718.62 1 3
github.com/smplkit/go-sdk/logging_client.go:718.62,720.3 1 1
github.com/smplkit/go-sdk/logging_client.go:721.2,722.46 2 2
github.com/smplkit/go-sdk/logging_client.go:725.77,726.20 1 7
github.com/smplkit/go-sdk/logging_client.go:726.20,728.3 1 1
github.com/smplkit/go-sdk/logging_client.go:730.2,731.48 2 6
github.com/smplkit/go-sdk/logging_client.go:731.48,735.3 3 5
github.com/smplkit/go-sdk/logging_client.go:737.2,746.29 8 6
github.com/smplkit/go-sdk/logging_client.go:746.29,747.10 1 6
github.com/smplkit/go-sdk/logging_client.go:747.10,748.17 1 6
github.com/smplkit/go-sdk/logging_client.go:748.17,749.33 1 6
github.com/smplkit/go-sdk/logging_client.go:749.33,751.6 1 1
github.com/smplkit/go-sdk/logging_client.go:753.4,753.13 1 6
github.com/smplkit/go-sdk/logging_client.go:757.2,757.34 1 6
github.com/smplkit/go-sdk/logging_client.go:757.34,758.10 1 3
github.com/smplkit/go-sdk/logging_client.go:758.10,759.17 1 3
github.com/smplkit/go-sdk/logging_client.go:759.17,760.33 1 3
github.com/smplkit/go-sdk/logging_client.go:760.33,762.6 1 1
github.com/smplkit/go-sdk/logging_client.go:764.4,764.13 1 3
github.com/smplkit/go-sdk/logging_client.go:781.62,785.2 1 224
github.com/smplkit/go-sdk/logging_client.go:787.68,790.30 3 15
github.com/smplkit/go-sdk/logging_client.go:790.30,792.3 1 2
github.com/smplkit/go-sdk/logging_client.go:793.2,798.4 2 13
github.com/smplkit/go-sdk/logging_client.go:801.70,807.2 5 18
github.com/smplkit/go-sdk/logging_models.go:49.47,50.25 1 3
github.com/smplkit/go-sdk/logging_models.go:50.25,50.42 1 3
github.com/smplkit/go-sdk/logging_models.go:54.51,55.25 1 1
github.com/smplkit/go-sdk/logging_models.go:55.25,55.48 1 1
github.com/smplkit/go-sdk/logging_models.go:60.50,61.16 1 15
github.com/smplkit/go-sdk/logging_models.go:61.16,63.3 1 5
github.com/smplkit/go-sdk/logging_models.go:64.2,64.38 1 10
github.com/smplkit/go-sdk/logging_models.go:68.43,70.2 1 2
github.com/smplkit/go-sdk/logging_models.go:73.31,75.2 1 1
github.com/smplkit/go-sdk/logging_models.go:79.66,80.27 1 5
github.com/smplkit/go-sdk/logging_models.go:80.27,82.3 1 1
github.com/smplkit/go-sdk/logging_models.go:83.2,84.9 2 5
github.com/smplkit/go-sdk/logging_models.go:84.9,86.3 1 5
github.com/smplkit/go-sdk/logging_models.go:87.2,88.31 2 5
github.com/smplkit/go-sdk/logging_models.go:93.52,94.27 1 4
github.com/smplkit/go-sdk/logging_models.go:94.27,96.3 1 1
github.com/smplkit/go-sdk/logging_models.go:97.2,98.9 2 3
github.com/smplkit/go-sdk/logging_models.go:98.9,100.3 1 1
github.com/smplkit/go-sdk/logging_models.go:101.2,102.23 2 2
github.com/smplkit/go-sdk/logging_models.go:102.23,104.3 1 1
github.com/smplkit/go-sdk/logging_models.go:104.8,106.3 1 1
github.com/smplkit/go-sdk/logging_models.go:111.46,113.2 1 1
github.com/smplkit/go-sdk/logging_models.go:115.39,125.2 9 4
github.com/smplkit/go-sdk/logging_models.go:151.51,152.27 1 3
github.com/smplkit/go-sdk/logging_models.go:152.27,152.44 1 3
github.com/smplkit/go-sdk/logging_models.go:156.56,157.27 1 1
github.com/smplkit/go-sdk/logging_models.go:157.27,157.49 1 1
github.com/smplkit/go-sdk/logging_models.go:162.52,163.16 1 15
github.com/smplkit/go-sdk/logging_models.go:163.16,165.3 1 5
github.com/smplkit/go-sdk/logging_models.go:166.2,166.37 1 10
github.com/smplkit/go-sdk/logging_models.go:170.45,172.2 1 2
github.com/smplkit/go-sdk/logging_models.go:175.33,177.2 1 1
github.com/smplkit/go-sdk/logging_models.go:181.68,182.27 1 5
github.com/smplkit/go-sdk/logging_models.go:182.27,184.3 1 1
github.com/smplkit/go-sdk/logging_models.go:185.2,186.9 2 5
github.com/smplkit/go-sdk/logging_models.go:186.9,188.3 1 5
github.com/smplkit/go-sdk/logging_models.go:189.2,190.31 2 5
github.com/smplkit/go-sdk/logging_models.go:195.54,196.27 1 4
github.com/smplkit/go-sdk/logging_models.go:196.27,198.3 1 1
github.com/smplkit/go-sdk/logging_models.go:199.2,200.9 2 3
github.com/smplkit/go-sdk/logging_models.go:200.9,202.3 1 1
github.com/smplkit/go-sdk/logging_models.go:203.2,204.23 2 2
github.com/smplkit/go-sdk/logging_models.go:204.23,206.3 1 1
github.com/smplkit/go-sdk/logging_models.go:206.8,208.3 1 1
github.com/smplkit/go-sdk/logging_models.go:213.48,215.2 1 1
github.com/smplkit/go-sdk/logging_models.go:217.43,225.2 7 4
github.com/smplkit/go-sdk/logging_normalize.go:7.46,10.2 2 24
github.com/smplkit/go-sdk/logging_resolution.go:13.12,14.95 1 28
github.com/smplkit/go-sdk/logging_resolution.go:14.95,16.3 1 16
github.com/smplkit/go-sdk/logging_resolution.go:19.2,20.38 2 12
github.com/smplkit/go-sdk/logging_resolution.go:20.38,22.95 2 18
github.com/smplkit/go-sdk/logging_resolution.go:22.95,24.4 1 2
github.com/smplkit/go-sdk/logging_resolution.go:27.2,27.21 1 10
github.com/smplkit/go-sdk/logging_resolution.go:37.12,39.9 2 46
github.com/smplkit/go-sdk/logging_resolution.go:39.9,41.3 1 22
github.com/smplkit/go-sdk/logging_resolution.go:44.2,44.23 1 24
github.com/smplkit/go-sdk/logging_resolution.go:44.23,45.70 1 23
github.com/smplkit/go-sdk/logging_resolution.go:45.70,46.69 1 23
github.com/smplkit/go-sdk/logging_resolution.go:46.69,47.66 1 3
github.com/smplkit/go-sdk/logging_resolution.go:47.66,49.6 1 2
github.com/smplkit/go-sdk/logging_resolution.go:55.2,55.62 1 22
github.com/smplkit/go-sdk/logging_resolution.go:55.62,57.3 1 12
github.com/smplkit/go-sdk/logging_resolution.go:60.2,60.66 1 10
github.com/smplkit/go-sdk/logging_resolution.go:60.66,61.99 1 7
github.com/smplkit/go-sdk/logging_resolution.go:61.99,63.4 1 4
github.com/smplkit/go-sdk/logging_resolution.go:66.2,66.11 1 6
github.com/smplkit/go-sdk/logging_resolution.go:75.12,76.22 1 10
github.com/smplkit/go-sdk/logging_resolution.go:76.22,78.3 1 1
github.com/smplkit/go-sdk/logging_resolution.go:79.2,82.9 3 9
github.com/smplkit/go-sdk/logging_resolution.go:82.9,84.3 1 1
github.com/smplkit/go-sdk/logging_resolution.go:87.2,87.23 1 8
github.com/smplkit/go-sdk/logging_resolution.go:87.23,88.69 1 8
github.com/smplkit/go-sdk/logging_resolution.go:88.69,89.69 1 8
github.com/smplkit/go-sdk/logging_resolution.go:89.69,90.66 1 2
github.com/smplkit/go-sdk/logging_resolution.go:90.66,92.6 1 1
github.com/smplkit/go-sdk/logging_resolution.go:98.2,98.61 1 7
github.com/smplkit/go-sdk/logging_resolution.go:98.61,100.3 1 3
github.com/smplkit/go-sdk/logging_resolution.go:103.2,103.67 1 4
github.com/smplkit/go-sdk/logging_resolution.go:103.67,105.3 1 3
github.com/smplkit/go-sdk/logging_resolution.go:107.2,107.11 1 1
github.com/smplkit/go-sdk/metrics.go:46.137,47.24 1 234
github.com/smplkit/go-sdk/metrics.go:47.24,49.3 1 193
github.com/smplkit/go-sdk/metrics.go:50.2,58.3 1 234
github.com/smplkit/go-sdk/metrics.go:62.85,67.31 2 1068
github.com/smplkit/go-sdk/metrics.go:67.31,69.3 1 27
github.com/smplkit/go-sdk/metrics.go:72.2,73.27 2 1068
github.com/smplkit/go-sdk/metrics.go:73.27,75.3 1 2163
github.com/smplkit/go-sdk/metrics.go:76.2,77.52 2 1068
github.com/smplkit/go-sdk/metrics.go:81.62,85.30 4 54
github.com/smplkit/go-sdk/metrics.go:85.30,88.3 2 126
github.com/smplkit/go-sdk/metrics.go:89.2,89.19 1 54
github.com/smplkit/go-sdk/metrics.go:93.101,98.9 5 1054
github.com/smplkit/go-sdk/metrics.go:98.9,101.3 2 48
github.com/smplkit/go-sdk/metrics.go:102.2,103.32 2 1054
github.com/smplkit/go-sdk/metrics.go:103.32,105.3 1 1
github.com/smplkit/go-sdk/metrics.go:106.2,106.22 1 1054
github.com/smplkit/go-sdk/metrics.go:110.106,115.9 5 11
github.com/smplkit/go-sdk/metrics.go:115.9,118.3 2 8
github.com/smplkit/go-sdk/metrics.go:119.2,120.32 2 11
github.com/smplkit/go-sdk/metrics.go:120.32,122.3 1 1
github.com/smplkit/go-sdk/metrics.go:123.2,123.22 1 11
github.com/smplkit/go-sdk/metrics.go:127.35,129.2 1 1
github.com/smplkit/go-sdk/metrics.go:132.35,134.14 2 46
github.com/smplkit/go-sdk/metrics.go:134.14,137.3 2 1
github.com/smplkit/go-sdk/metrics.go:138.2,139.21 2 45
github.com/smplkit/go-sdk/metrics.go:139.21,143.3 3 34
github.com/smplkit/go-sdk/metrics.go:144.2,145.11 2 45
github.com/smplkit/go-sdk/metrics.go:150.46,151.34 1 1065
github.com/smplkit/go-sdk/metrics.go:151.34,155.3 3 41
github.com/smplkit/go-sdk/metrics.go:158.77,159.6 1 41
github.com/smplkit/go-sdk/metrics.go:159.6,160.10 1 43
github.com/smplkit/go-sdk/metrics.go:161.15,162.10 1 34
github.com/smplkit/go-sdk/metrics.go:163.19,164.13 1 2
github.com/smplkit/go-sdk/metrics.go:169.35,177.44 7 59
github.com/smplkit/go-sdk/metrics.go:177.44,179.3 1 25
github.com/smplkit/go-sdk/metrics.go:181.2,190.16 8 34
github.com/smplkit/go-sdk/metrics.go:190.16,193.3 2 1
github.com/smplkit/go-sdk/metrics.go:194.2,194.19 1 33
github.com/smplkit/go-sdk/metrics.go:197.101,199.31 2 34
github.com/smplkit/go-sdk/metrics.go:199.31,201.3 1 35
github.com/smplkit/go-sdk/metrics.go:202.2,202.29 1 34
github.com/smplkit/go-sdk/metrics.go:202.29,204.3 1 8
github.com/smplkit/go-sdk/metrics.go:205.2,205.45 1 34
github.com/smplkit/go-sdk/metrics.go:208.80,217.18 3 43
github.com/smplkit/go-sdk/metrics.go:217.18,219.3 1 23
github.com/smplkit/go-sdk/metrics.go:219.8,221.3 1 20
github.com/smplkit/go-sdk/metrics.go:222.2,225.3 1 43
github.com/smplkit/go-sdk/option.go:17.35,22.2 1 779
github.com/smplkit/go-sdk/option.go:28.43,29.31 1 128
github.com/smplkit/go-sdk/option.go:29.31,31.3 1 128
github.com/smplkit/go-sdk/option.go:35.48,36.31 1 2
github.com/smplkit/go-sdk/option.go:36.31,38.3 1 2
github.com/smplkit/go-sdk/option.go:43.50,44.33 1 31
github.com/smplkit/go-sdk/option.go:44.33,46.3 1 31
github.com/smplkit/go-sdk/option.go:51.38,52.33 1 2
github.com/smplkit/go-sdk/option.go:52.33,54.3 1 2
github.com/smplkit/go-sdk/resolve.go:13.73,14.20 1 199
github.com/smplkit/go-sdk/resolve.go:14.20,16.3 1 183
github.com/smplkit/go-sdk/resolve.go:18.2,18.58 1 16
github.com/smplkit/go-sdk/resolve.go:18.58,20.3 1 4
github.com/smplkit/go-sdk/resolve.go:22.2,23.16 2 12
github.com/smplkit/go-sdk/resolve.go:23.16,26.17 3 12
github.com/smplkit/go-sdk/resolve.go:26.17,27.80 1 10
github.com/smplkit/go-sdk/resolve.go:27.80,29.5 1 6
github.com/smplkit/go-sdk/resolve.go:33.2,40.3 1 6
github.com/smplkit/go-sdk/resolve.go:45.71,47.78 1 10
github.com/smplkit/go-sdk/resolve.go:47.78,49.3 1 2
github.com/smplkit/go-sdk/resolve.go:50.2,50.55 1 8
github.com/smplkit/go-sdk/resolve.go:54.70,56.52 2 18
github.com/smplkit/go-sdk/resolve.go:56.52,58.55 2 48
github.com/smplkit/go-sdk/resolve.go:58.55,59.12 1 14
github.com/smplkit/go-sdk/resolve.go:61.3,61.38 1 34
github.com/smplkit/go-sdk/resolve.go:61.38,63.12 2 16
github.com/smplkit/go-sdk/resolve.go:65.3,65.57 1 18
github.com/smplkit/go-sdk/resolve.go:65.57,66.57 1 6
github.com/smplkit/go-sdk/resolve.go:66.57,68.20 2 6
github.com/smplkit/go-sdk/resolve.go:68.20,70.6 1 6
github.com/smplkit/go-sdk/resolve.go:74.2,74.11 1 12
github.com/smplkit/go-sdk/transport.go:15.62,19.85 2 70
github.com/smplkit/go-sdk/transport.go:19.85,21.3 1 9
github.com/smplkit/go-sdk/transport.go:23.2,25.15 3 61
github.com/smplkit/go-sdk/transport.go:25.15,27.3 1 6
github.com/smplkit/go-sdk/transport.go:28.2,28.15 1 61
github.com/smplkit/go-sdk/transport.go:28.15,30.3 1 2
github.com/smplkit/go-sdk/transport.go:31.2,31.15 1 61
github.com/smplkit/go-sdk/transport.go:31.15,33.3 1 1
github.com/smplkit/go-sdk/transport.go:34.2,34.30 1 61
github.com/smplkit/go-sdk/transport.go:34.30,36.33 2 2
github.com/smplkit/go-sdk/transport.go:36.33,38.4 1 1
github.com/smplkit/go-sdk/transport.go:39.3,39.13 1 2
github.com/smplkit/go-sdk/transport.go:41.2,41.29 1 61
github.com/smplkit/go-sdk/transport.go:45.47,46.16 1 240
github.com/smplkit/go-sdk/transport.go:46.16,48.3 1 170
github.com/smplkit/go-sdk/transport.go:50.2,52.15 3 70
github.com/smplkit/go-sdk/transport.go:52.15,54.3 1 9
github.com/smplkit/go-sdk/transport.go:56.2,63.14 2 70
github.com/smplkit/go-sdk/transport.go:64.61,65.47 1 15
github.com/smplkit/go-sdk/transport.go:66.27,67.45 1 12
github.com/smplkit/go-sdk/transport.go:68.27,69.45 1 2
github.com/smplkit/go-sdk/transport.go:70.10,71.15 1 41
github.com/smplkit/go-sdk/transport.go:76.37,77.46 1 43
github.com/smplkit/go-sdk/transport.go:77.46,81.3 1 1
github.com/smplkit/go-sdk/transport.go:82.2,82.38 1 42
github.com/smplkit/go-sdk/transport.go:82.38,86.3 1 1
github.com/smplkit/go-sdk/transport.go:89.2,90.49 2 41
github.com/smplkit/go-sdk/transport.go:90.49,94.3 1 1
github.com/smplkit/go-sdk/transport.go:97.2,99.3 1 40
github.com/smplkit/go-sdk/ws.go:46.31,51.2 4 19
github.com/smplkit/go-sdk/ws.go:53.95,64.2 1 41
github.com/smplkit/go-sdk/ws.go:67.88,72.2 4 19
github.com/smplkit/go-sdk/ws.go:75.82,85.18 4 8
github.com/smplkit/go-sdk/ws.go:85.18,87.3 1 7
github.com/smplkit/go-sdk/ws.go:90.84,96.25 5 5
github.com/smplkit/go-sdk/ws.go:96.25,97.10 1 3
github.com/smplkit/go-sdk/ws.go:97.10,98.17 1 3
github.com/smplkit/go-sdk/ws.go:98.17,99.33 1 3
github.com/smplkit/go-sdk/ws.go:99.33,101.6 1 1
github.com/smplkit/go-sdk/ws.go:103.4,103.15 1 3
github.com/smplkit/go-sdk/ws.go:108.54,112.2 3 9
github.com/smplkit/go-sdk/ws.go:114.48,118.2 3 77
github.com/smplkit/go-sdk/ws.go:120.59,123.2 2 23
github.com/smplkit/go-sdk/ws.go:126.36,128.2 1 15
github.com/smplkit/go-sdk/ws.go:131.35,132.25 1 7
github.com/smplkit/go-sdk/ws.go:132.25,134.3 1 7
github.com/smplkit/go-sdk/ws.go:135.2,136.30 2 7
github.com/smplkit/go-sdk/ws.go:139.48,141.38 2 41
github.com/smplkit/go-sdk/ws.go:141.38,143.3 1 30
github.com/smplkit/go-sdk/ws.go:143.8,143.44 1 11
github.com/smplkit/go-sdk/ws.go:143.44,145.3 1 10
github.com/smplkit/go-sdk/ws.go:145.8,147.3 1 1
github.com/smplkit/go-sdk/ws.go:148.2,149.79 2 41
github.com/smplkit/go-sdk/ws.go:152.34,153.15 1 21
github.com/smplkit/go-sdk/ws.go:153.15,156.3 2 13
github.com/smplkit/go-sdk/ws.go:158.2,159.18 2 21
github.com/smplkit/go-sdk/ws.go:159.18,161.3 1 18
github.com/smplkit/go-sdk/ws.go:162.2,163.21 2 21
github.com/smplkit/go-sdk/ws.go:163.21,165.3 1 18
github.com/smplkit/go-sdk/ws.go:167.2,167.6 1 21
github.com/smplkit/go-sdk/ws.go:167.6,168.10 1 30
github.com/smplkit/go-sdk/ws.go:169.21,170.10 1 3
github.com/smplkit/go-sdk/ws.go:171.11,171.11 0 27
github.com/smplkit/go-sdk/ws.go:174.3,175.13 2 27
github.com/smplkit/go-sdk/ws.go:175.13,177.4 1 5
github.com/smplkit/go-sdk/ws.go:180.3,181.10 2 14
github.com/smplkit/go-sdk/ws.go:182.21,183.10 1 5
github.com/smplkit/go-sdk/ws.go:184.30,184.30 0 9
github.com/smplkit/go-sdk/ws.go:186.3,186.27 1 9
github.com/smplkit/go-sdk/ws.go:186.27,188.28 2 4
github.com/smplkit/go-sdk/ws.go:188.28,190.5 1 1
github.com/smplkit/go-sdk/ws.go:195.52,200.17 4 37
github.com/smplkit/go-sdk/ws.go:200.17,202.3 1 1
github.com/smplkit/go-sdk/ws.go:204.2,205.20 2 37
github.com/smplkit/go-sdk/ws.go:205.20,206.10 1 20
github.com/smplkit/go-sdk/ws.go:207.21,208.15 1 6
github.com/smplkit/go-sdk/ws.go:209.11,209.11 0 14
github.com/smplkit/go-sdk/ws.go:211.3,211.15 1 14
github.com/smplkit/go-sdk/ws.go:213.2,217.44 3 9
github.com/smplkit/go-sdk/ws.go:217.44,218.10 1 4
github.com/smplkit/go-sdk/ws.go:219.21,220.15 1 1
github.com/smplkit/go-sdk/ws.go:221.11,221.11 0 3
github.com/smplkit/go-sdk/ws.go:223.3,223.15 1 3
github.com/smplkit/go-sdk/ws.go:226.2,226.60 1 5
github.com/smplkit/go-sdk/ws.go:226.60,229.3 2 1
github.com/smplkit/go-sdk/ws.go:231.2,232.23 2 4
github.com/smplkit/go-sdk/ws.go:232.23,234.3 1 0
github.com/smplkit/go-sdk/ws.go:237.2,239.12 3 4
github.com/smplkit/go-sdk/ws.go:239.12,240.10 1 4
github.com/smplkit/go-sdk/ws.go:241.21,242.16 1 1
github.com/smplkit/go-sdk/ws.go:243.22,243.22 0 3
github.com/smplkit/go-sdk/ws.go:248.2,248.6 1 4
github.com/smplkit/go-sdk/ws.go:248.6,250.21 2 8
github.com/smplkit/go-sdk/ws.go:250.21,251.25 1 4
github.com/smplkit/go-sdk/ws.go:251.25,253.5 1 0
github.com/smplkit/go-sdk/ws.go:254.4,254.11 1 4
github.com/smplkit/go-sdk/ws.go:255.22,256.16 1 1
github.com/smplkit/go-sdk/ws.go:257.12,257.12 0 3
github.com/smplkit/go-sdk/ws.go:259.4,259.16 1 3
github.com/smplkit/go-sdk/ws.go:263.3,263.32 1 4
github.com/smplkit/go-sdk/ws.go:263.32,265.12 2 1
github.com/smplkit/go-sdk/ws.go:268.3,269.56 2 3
github.com/smplkit/go-sdk/ws.go:269.56,270.12 1 1
github.com/smplkit/go-sdk/ws.go:273.3,274.18 2 2
github.com/smplkit/go-sdk/ws.go:274.18,276.4 1 1
github.com/smplkit/go-sdk/internal/generated/config/gen.go:33.48,34.11 1 0
github.com/smplkit/go-sdk/internal/generated/config/gen.go:35.15,36.14 1 0
github.com/smplkit/go-sdk/internal/generated/config/gen.go:37.12,38.14 1 0
github.com/smplkit/go-sdk/internal/generated/config/gen.go:39.14,40.14 1 0
github.com/smplkit/go-sdk/internal/generated/config/gen.go:41.14,42.14 1 0
github.com/smplkit/go-sdk/internal/generated/config/gen.go:43.10,44.15 1 0
github.com/smplkit/go-sdk/internal/generated/config/gen.go:54.42,55.11 1 0
github.com/smplkit/go-sdk/internal/generated/config/gen.go:56.32,57.14 1 0
github.com/smplkit/go-sdk/internal/generated/config/gen.go:58.10,59.15 1 0
github.com/smplkit/go-sdk/internal/generated/config/gen.go:162.88,166.2 3 0
github.com/smplkit/go-sdk/internal/generated/config/gen.go:169.89,173.2 3 0
github.com/smplkit/go-sdk/internal/generated/config/gen.go:176.90,178.16 2 0
github.com/smplkit/go-sdk/internal/generated/config/gen.go:178.16,180.3 1 0
github.com/smplkit/go-sdk/internal/generated/config/gen.go:182.2,184.12 3 0
github.com/smplkit/go-sdk/internal/generated/config/gen.go:188.88,192.2 3 0
github.com/smplkit/go-sdk/internal/generated/config/gen.go:195.89,199.2 3 0
github.com/smplkit/go-sdk/internal/generated/config/gen.go:202.90,204.16 2 0
github.com/smplkit/go-sdk/internal/generated/config/gen.go:204.16,206.3 1 0
github.com/smplkit/go-sdk/internal/generated/config/gen.go:208.2,210.12 3 0
github.com/smplkit/go-sdk/internal/generated/config/gen.go:213.65,216.2 2 0
github.com/smplkit/go-sdk/internal/generated/config/gen.go:218.66,221.2 2 0
github.com/smplkit/go-sdk/internal/generated/config/gen.go:254.70,260.25 2 0
github.com/smplkit/go-sdk/internal/generated/config/gen.go:260.25,261.36 1 0
github.com/smplkit/go-sdk/internal/generated/config/gen.go:261.36,263.4 1 0
github.com/smplkit/go-sdk/internal/generated/config/gen.go:266.2,266.44 1 0
github.com/smplkit/go-sdk/internal/generated/config/gen.go:266.44,268.3 1 0
github.com/smplkit/go-sdk/internal/generated/config/gen.go:270.2,270.26 1 0
github.com/smplkit/go-sdk/internal/generated/config/gen.go:270.26,272.3 1 0
github.com/smplkit/go-sdk/internal/generated/config/gen.go:273.2,273.21 1 0
github.com/smplkit/go-sdk/internal/generated/config/gen.go:278.56,279.31 1 0
github.com/smplkit/go-sdk/internal/generated/config/gen.go:279.31,282.3 2 0
github.com/smplkit/go-sdk/internal/generated/config/gen.go:287.59,288.31 1 0
github.com/smplkit/go-sdk/internal/generated/config/gen.go:288.31,291.3 2 0
github.com/smplkit/go-sdk/internal/generated/config/gen.go:316.133,318.16 2 0
github.com/smplkit/go-sdk/internal/generated/config/gen.go:318.16,320.3 1 0
github.com/smplkit/go-sdk/internal/generated/config/gen.go:321.2,322.61 2 0
github.com/smplkit/go-sdk/internal/generated/config/gen.go:322.61,324.3 1 0
github.com/smplkit/go-sdk/internal/generated/config/gen.go:325.2,325.25 1 0
github.com/smplkit/go-sdk/internal/generated/config/gen.go:328.151,330.16 2 0
github.com/smplkit/go-sdk/internal/generated/config/gen.go:330.16,332.3 1 0
[...]
github.com/smplkit/go-sdk/internal/generated/app/gen.go:8020.2,8020.16 1 0
github.com/smplkit/go-sdk/internal/generated/app/gen.go:8020.16,8022.3 1 0
github.com/smplkit/go-sdk/internal/generated/app/gen.go:8024.2,8029.9 2 0
github.com/smplkit/go-sdk/internal/generated/app/gen.go:8030.89,8032.58 2 0
github.com/smplkit/go-sdk/internal/generated/app/gen.go:8032.58,8034.4 1 0
github.com/smplkit/go-sdk/internal/generated/app/gen.go:8035.3,8035.44 1 0
github.com/smplkit/go-sdk/internal/generated/app/gen.go:8037.89,8039.58 2 0
github.com/smplkit/go-sdk/internal/generated/app/gen.go:8039.58,8041.4 1 0
github.com/smplkit/go-sdk/internal/generated/app/gen.go:8042.3,8042.44 1 0
github.com/smplkit/go-sdk/internal/generated/app/gen.go:8044.89,8046.58 2 0
github.com/smplkit/go-sdk/internal/generated/app/gen.go:8046.58,8048.4 1 0
github.com/smplkit/go-sdk/internal/generated/app/gen.go:8049.3,8049.44 1 0
github.com/smplkit/go-sdk/internal/generated/app/gen.go:8051.89,8053.58 2 0
github.com/smplkit/go-sdk/internal/generated/app/gen.go:8053.58,8055.4 1 0
github.com/smplkit/go-sdk/internal/generated/app/gen.go:8056.3,8056.44 1 0
github.com/smplkit/go-sdk/internal/generated/app/gen.go:8058.89,8060.58 2 0
github.com/smplkit/go-sdk/internal/generated/app/gen.go:8060.58,8062.4 1 0
github.com/smplkit/go-sdk/internal/generated/app/gen.go:8063.3,8063.44 1 0
github.com/smplkit/go-sdk/internal/generated/app/gen.go:8067.2,8067.22 1 0
github.com/smplkit/go-sdk/internal/generated/app/gen.go:8071.83,8073.15 2 0
github.com/smplkit/go-sdk/internal/generated/app/gen.go:8073.15,8073.39 1 0
github.com/smplkit/go-sdk/internal/generated/app/gen.go:8074.2,8074.16 1 0
github.com/smplkit/go-sdk/internal/generated/app/gen.go:8074.16,8076.3 1 0
github.com/smplkit/go-sdk/internal/generated/app/gen.go:8078.2,8083.9 2 0
github.com/smplkit/go-sdk/internal/generated/app/gen.go:8084.89,8086.58 2 0
github.com/smplkit/go-sdk/internal/generated/app/gen.go:8086.58,8088.4 1 0
github.com/smplkit/go-sdk/internal/generated/app/gen.go:8089.3,8089.44 1 0
github.com/smplkit/go-sdk/internal/generated/app/gen.go:8091.89,8093.58 2 0
github.com/smplkit/go-sdk/internal/generated/app/gen.go:8093.58,8095.4 1 0
github.com/smplkit/go-sdk/internal/generated/app/gen.go:8096.3,8096.44 1 0
github.com/smplkit/go-sdk/internal/generated/app/gen.go:8098.89,8100.58 2 0
github.com/smplkit/go-sdk/internal/generated/app/gen.go:8100.58,8102.4 1 0
github.com/smplkit/go-sdk/internal/generated/app/gen.go:8103.3,8103.44 1 0
github.com/smplkit/go-sdk/internal/generated/app/gen.go:8105.89,8107.58 2 0
github.com/smplkit/go-sdk/internal/generated/app/gen.go:8107.58,8109.4 1 0
github.com/smplkit/go-sdk/internal/generated/app/gen.go:8110.3,8110.44 1 0
github.com/smplkit/go-sdk/internal/generated/app/gen.go:8112.89,8114.58 2 0
github.com/smplkit/go-sdk/internal/generated/app/gen.go:8114.58,8116.4 1 0
github.com/smplkit/go-sdk/internal/generated/app/gen.go:8117.3,8117.44 1 0
github.com/smplkit/go-sdk/internal/generated/app/gen.go:8121.2,8121.22 1 0
github.com/smplkit/go-sdk/internal/generated/app/gen.go:8125.83,8127.15 2 0
github.com/smplkit/go-sdk/internal/generated/app/gen.go:8127.15,8127.39 1 0
github.com/smplkit/go-sdk/internal/generated/app/gen.go:8128.2,8128.16 1 0
github.com/smplkit/go-sdk/internal/generated/app/gen.go:8128.16,8130.3 1 0
github.com/smplkit/go-sdk/internal/generated/app/gen.go:8132.2,8137.9 2 0
github.com/smplkit/go-sdk/internal/generated/app/gen.go:8138.89,8140.58 2 0
github.com/smplkit/go-sdk/internal/generated/app/gen.go:8140.58,8142.4 1 0
github.com/smplkit/go-sdk/internal/generated/app/gen.go:8143.3,8143.44 1 0
github.com/smplkit/go-sdk/internal/generated/app/gen.go:8145.89,8147.58 2 0
github.com/smplkit/go-sdk/internal/generated/app/gen.go:8147.58,8149.4 1 0
github.com/smplkit/go-sdk/internal/generated/app/gen.go:8150.3,8150.44 1 0
github.com/smplkit/go-sdk/internal/generated/app/gen.go:8152.89,8154.58 2 0
github.com/smplkit/go-sdk/internal/generated/app/gen.go:8154.58,8156.4 1 0
github.com/smplkit/go-sdk/internal/generated/app/gen.go:8157.3,8157.44 1 0
github.com/smplkit/go-sdk/internal/generated/app/gen.go:8159.89,8161.58 2 0
github.com/smplkit/go-sdk/internal/generated/app/gen.go:8161.58,8163.4 1 0
github.com/smplkit/go-sdk/internal/generated/app/gen.go:8164.3,8164.44 1 0
github.com/smplkit/go-sdk/internal/generated/app/gen.go:8166.89,8168.58 2 0
github.com/smplkit/go-sdk/internal/generated/app/gen.go:8168.58,8170.4 1 0
github.com/smplkit/go-sdk/internal/generated/app/gen.go:8171.3,8171.44 1 0
github.com/smplkit/go-sdk/internal/generated/app/gen.go:8175.2,8175.22 1 0
github.com/smplkit/go-sdk/internal/generated/app/gen.go:8179.85,8181.15 2 0
github.com/smplkit/go-sdk/internal/generated/app/gen.go:8181.15,8181.39 1 0
github.com/smplkit/go-sdk/internal/generated/app/gen.go:8182.2,8182.16 1 0
github.com/smplkit/go-sdk/internal/generated/app/gen.go:8182.16,8184.3 1 0
github.com/smplkit/go-sdk/internal/generated/app/gen.go:8186.2,8191.9 2 0
github.com/smplkit/go-sdk/internal/generated/app/gen.go:8192.89,8194.58 2 0
github.com/smplkit/go-sdk/internal/generated/app/gen.go:8194.58,8196.4 1 0
github.com/smplkit/go-sdk/internal/generated/app/gen.go:8197.3,8197.44 1 0
github.com/smplkit/go-sdk/internal/generated/app/gen.go:8199.89,8201.58 2 0
github.com/smplkit/go-sdk/internal/generated/app/gen.go:8201.58,8203.4 1 0
github.com/smplkit/go-sdk/internal/generated/app/gen.go:8204.3,8204.44 1 0
github.com/smplkit/go-sdk/internal/generated/app/gen.go:8206.89,8208.58 2 0
github.com/smplkit/go-sdk/internal/generated/app/gen.go:8208.58,8210.4 1 0
github.com/smplkit/go-sdk/internal/generated/app/gen.go:8211.3,8211.44 1 0
github.com/smplkit/go-sdk/internal/generated/app/gen.go:8213.89,8215.58 2 0
github.com/smplkit/go-sdk/internal/generated/app/gen.go:8215.58,8217.4 1 0
github.com/smplkit/go-sdk/internal/generated/app/gen.go:8218.3,8218.44 1 0
github.com/smplkit/go-sdk/internal/generated/app/gen.go:8220.89,8222.58 2 0
github.com/smplkit/go-sdk/internal/generated/app/gen.go:8222.58,8224.4 1 0
github.com/smplkit/go-sdk/internal/generated/app/gen.go:8225.3,8225.44 1 0
github.com/smplkit/go-sdk/internal/generated/app/gen.go:8229.2,8229.22 1 0
github.com/smplkit/go-sdk/internal/generated/app/gen.go:8233.85,8235.15 2 0
github.com/smplkit/go-sdk/internal/generated/app/gen.go:8235.15,8235.39 1 0
github.com/smplkit/go-sdk/internal/generated/app/gen.go:8236.2,8236.16 1 0
github.com/smplkit/go-sdk/internal/generated/app/gen.go:8236.16,8238.3 1 0
github.com/smplkit/go-sdk/internal/generated/app/gen.go:8240.2,8245.9 2 0
github.com/smplkit/go-sdk/internal/generated/app/gen.go:8246.89,8248.58 2 0
github.com/smplkit/go-sdk/internal/generated/app/gen.go:8248.58,8250.4 1 0
github.com/smplkit/go-sdk/internal/generated/app/gen.go:8251.3,8251.44 1 0
github.com/smplkit/go-sdk/internal/generated/app/gen.go:8253.89,8255.58 2 0
github.com/smplkit/go-sdk/internal/generated/app/gen.go:8255.58,8257.4 1 0
github.com/smplkit/go-sdk/internal/generated/app/gen.go:8258.3,8258.44 1 0
github.com/smplkit/go-sdk/internal/generated/app/gen.go:8260.89,8262.58 2 0
github.com/smplkit/go-sdk/internal/generated/app/gen.go:8262.58,8264.4 1 0
github.com/smplkit/go-sdk/internal/generated/app/gen.go:8265.3,8265.44 1 0
github.com/smplkit/go-sdk/internal/generated/app/gen.go:8267.89,8269.58 2 0
github.com/smplkit/go-sdk/internal/generated/app/gen.go:8269.58,8271.4 1 0
github.com/smplkit/go-sdk/internal/generated/app/gen.go:8272.3,8272.44 1 0
github.com/smplkit/go-sdk/internal/generated/app/gen.go:8276.2,8276.22 1 0
github.com/smplkit/go-sdk/internal/generated/app/gen.go:8280.79,8282.15 2 0
github.com/smplkit/go-sdk/internal/generated/app/gen.go:8282.15,8282.39 1 0
github.com/smplkit/go-sdk/internal/generated/app/gen.go:8283.2,8283.16 1 0
github.com/smplkit/go-sdk/internal/generated/app/gen.go:8283.16,8285.3 1 0
github.com/smplkit/go-sdk/internal/generated/app/gen.go:8287.2,8292.9 2 0
github.com/smplkit/go-sdk/internal/generated/app/gen.go:8293.89,8295.58 2 0
github.com/smplkit/go-sdk/internal/generated/app/gen.go:8295.58,8297.4 1 0
github.com/smplkit/go-sdk/internal/generated/app/gen.go:8298.3,8298.44 1 0
github.com/smplkit/go-sdk/internal/generated/app/gen.go:8300.89,8302.58 2 0
github.com/smplkit/go-sdk/internal/generated/app/gen.go:8302.58,8304.4 1 0
github.com/smplkit/go-sdk/internal/generated/app/gen.go:8305.3,8305.44 1 0
github.com/smplkit/go-sdk/internal/generated/app/gen.go:8307.89,8309.58 2 0
github.com/smplkit/go-sdk/internal/generated/app/gen.go:8309.58,8311.4 1 0
github.com/smplkit/go-sdk/internal/generated/app/gen.go:8312.3,8312.44 1 0
github.com/smplkit/go-sdk/internal/generated/app/gen.go:8314.89,8316.58 2 0
github.com/smplkit/go-sdk/internal/generated/app/gen.go:8316.58,8318.4 1 0
github.com/smplkit/go-sdk/internal/generated/app/gen.go:8319.3,8319.44 1 0
github.com/smplkit/go-sdk/internal/generated/app/gen.go:8321.89,8323.58 2 0
github.com/smplkit/go-sdk/internal/generated/app/gen.go:8323.58,8325.4 1 0
github.com/smplkit/go-sdk/internal/generated/app/gen.go:8326.3,8326.44 1 0
github.com/smplkit/go-sdk/internal/generated/app/gen.go:8330.2,8330.22 1 0
github.com/smplkit/go-sdk/internal/generated/app/gen.go:8334.85,8336.15 2 0
github.com/smplkit/go-sdk/internal/generated/app/gen.go:8336.15,8336.39 1 0
github.com/smplkit/go-sdk/internal/generated/app/gen.go:8337.2,8337.16 1 0
github.com/smplkit/go-sdk/internal/generated/app/gen.go:8337.16,8339.3 1 0
github.com/smplkit/go-sdk/internal/generated/app/gen.go:8341.2,8346.9 2 0
github.com/smplkit/go-sdk/internal/generated/app/gen.go:8347.89,8349.58 2 0
github.com/smplkit/go-sdk/internal/generated/app/gen.go:8349.58,8351.4 1 0
github.com/smplkit/go-sdk/internal/generated/app/gen.go:8352.3,8352.44 1 0
github.com/smplkit/go-sdk/internal/generated/app/gen.go:8354.89,8356.58 2 0
github.com/smplkit/go-sdk/internal/generated/app/gen.go:8356.58,8358.4 1 0
github.com/smplkit/go-sdk/internal/generated/app/gen.go:8359.3,8359.44 1 0
github.com/smplkit/go-sdk/internal/generated/app/gen.go:8361.89,8363.58 2 0
github.com/smplkit/go-sdk/internal/generated/app/gen.go:8363.58,8365.4 1 0
github.com/smplkit/go-sdk/internal/generated/app/gen.go:8366.3,8366.44 1 0
github.com/smplkit/go-sdk/internal/generated/app/gen.go:8368.89,8370.58 2 0
github.com/smplkit/go-sdk/internal/generated/app/gen.go:8370.58,8372.4 1 0
github.com/smplkit/go-sdk/internal/generated/app/gen.go:8373.3,8373.44 1 0
github.com/smplkit/go-sdk/internal/generated/app/gen.go:8375.89,8377.58 2 0
github.com/smplkit/go-sdk/internal/generated/app/gen.go:8377.58,8379.4 1 0
github.com/smplkit/go-sdk/internal/generated/app/gen.go:8380.3,8380.44 1 0
github.com/smplkit/go-sdk/internal/generated/app/gen.go:8384.2,8384.22 1 0
github.com/smplkit/go-sdk/internal/generated/app/gen.go:8388.77,8390.15 2 0
github.com/smplkit/go-sdk/internal/generated/app/gen.go:8390.15,8390.39 1 0
github.com/smplkit/go-sdk/internal/generated/app/gen.go:8391.2,8391.16 1 0
github.com/smplkit/go-sdk/internal/generated/app/gen.go:8391.16,8393.3 1 0
github.com/smplkit/go-sdk/internal/generated/app/gen.go:8395.2,8400.9 2 0
github.com/smplkit/go-sdk/internal/generated/app/gen.go:8401.89,8403.58 2 0
github.com/smplkit/go-sdk/internal/generated/app/gen.go:8403.58,8405.4 1 0
github.com/smplkit/go-sdk/internal/generated/app/gen.go:8406.3,8406.44 1 0
github.com/smplkit/go-sdk/internal/generated/app/gen.go:8408.89,8410.58 2 0
github.com/smplkit/go-sdk/internal/generated/app/gen.go:8410.58,8412.4 1 0
github.com/smplkit/go-sdk/internal/generated/app/gen.go:8413.3,8413.44 1 0
github.com/smplkit/go-sdk/internal/generated/app/gen.go:8415.89,8417.58 2 0
github.com/smplkit/go-sdk/internal/generated/app/gen.go:8417.58,8419.4 1 0
github.com/smplkit/go-sdk/internal/generated/app/gen.go:8420.3,8420.44 1 0
github.com/smplkit/go-sdk/internal/generated/app/gen.go:8422.89,8424.58 2 0
github.com/smplkit/go-sdk/internal/generated/app/gen.go:8424.58,8426.4 1 0
github.com/smplkit/go-sdk/internal/generated/app/gen.go:8427.3,8427.44 1 0
github.com/smplkit/go-sdk/internal/generated/app/gen.go:8429.89,8431.58 2 0
github.com/smplkit/go-sdk/internal/generated/app/gen.go:8431.58,8433.4 1 0
github.com/smplkit/go-sdk/internal/generated/app/gen.go:8434.3,8434.44 1 0
github.com/smplkit/go-sdk/internal/generated/app/gen.go:8438.2,8438.22 1 0
github.com/smplkit/go-sdk/internal/generated/app/gen.go:8442.87,8444.15 2 0
github.com/smplkit/go-sdk/internal/generated/app/gen.go:8444.15,8444.39 1 0
github.com/smplkit/go-sdk/internal/generated/app/gen.go:8445.2,8445.16 1 0
github.com/smplkit/go-sdk/internal/generated/app/gen.go:8445.16,8447.3 1 0
github.com/smplkit/go-sdk/internal/generated/app/gen.go:8449.2,8454.9 2 0
github.com/smplkit/go-sdk/internal/generated/app/gen.go:8455.89,8457.58 2 0
github.com/smplkit/go-sdk/internal/generated/app/gen.go:8457.58,8459.4 1 0
github.com/smplkit/go-sdk/internal/generated/app/gen.go:8460.3,8460.44 1 0
github.com/smplkit/go-sdk/internal/generated/app/gen.go:8462.89,8464.58 2 0
github.com/smplkit/go-sdk/internal/generated/app/gen.go:8464.58,8466.4 1 0
github.com/smplkit/go-sdk/internal/generated/app/gen.go:8467.3,8467.44 1 0
github.com/smplkit/go-sdk/internal/generated/app/gen.go:8469.89,8471.58 2 0
github.com/smplkit/go-sdk/internal/generated/app/gen.go:8471.58,8473.4 1 0
github.com/smplkit/go-sdk/internal/generated/app/gen.go:8474.3,8474.44 1 0
github.com/smplkit/go-sdk/internal/generated/app/gen.go:8476.89,8478.58 2 0
github.com/smplkit/go-sdk/internal/generated/app/gen.go:8478.58,8480.4 1 0
github.com/smplkit/go-sdk/internal/generated/app/gen.go:8481.3,8481.44 1 0
github.com/smplkit/go-sdk/internal/generated/app/gen.go:8483.89,8485.58 2 0
github.com/smplkit/go-sdk/internal/generated/app/gen.go:8485.58,8487.4 1 0
github.com/smplkit/go-sdk/internal/generated/app/gen.go:8488.3,8488.44 1 0
github.com/smplkit/go-sdk/internal/generated/app/gen.go:8492.2,8492.22 1 0
github.com/smplkit/go-sdk/internal/generated/app/gen.go:8496.93,8498.15 2 0
github.com/smplkit/go-sdk/internal/generated/app/gen.go:8498.15,8498.39 1 0
github.com/smplkit/go-sdk/internal/generated/app/gen.go:8499.2,8499.16 1 0
github.com/smplkit/go-sdk/internal/generated/app/gen.go:8499.16,8501.3 1 0
github.com/smplkit/go-sdk/internal/generated/app/gen.go:8503.2,8508.9 2 0
github.com/smplkit/go-sdk/internal/generated/app/gen.go:8509.89,8511.58 2 0
github.com/smplkit/go-sdk/internal/generated/app/gen.go:8511.58,8513.4 1 0
github.com/smplkit/go-sdk/internal/generated/app/gen.go:8514.3,8514.44 1 0
github.com/smplkit/go-sdk/internal/generated/app/gen.go:8516.89,8518.58 2 0
github.com/smplkit/go-sdk/internal/generated/app/gen.go:8518.58,8520.4 1 0
github.com/smplkit/go-sdk/internal/generated/app/gen.go:8521.3,8521.44 1 0
github.com/smplkit/go-sdk/internal/generated/app/gen.go:8523.89,8525.58 2 0
github.com/smplkit/go-sdk/internal/generated/app/gen.go:8525.58,8527.4 1 0
github.com/smplkit/go-sdk/internal/generated/app/gen.go:8528.3,8528.44 1 0
github.com/smplkit/go-sdk/internal/generated/app/gen.go:8530.89,8532.58 2 0
github.com/smplkit/go-sdk/internal/generated/app/gen.go:8532.58,8534.4 1 0
github.com/smplkit/go-sdk/internal/generated/app/gen.go:8535.3,8535.44 1 0
github.com/smplkit/go-sdk/internal/generated/app/gen.go:8537.89,8539.58 2 0
github.com/smplkit/go-sdk/internal/generated/app/gen.go:8539.58,8541.4 1 0
github.com/smplkit/go-sdk/internal/generated/app/gen.go:8542.3,8542.44 1 0
github.com/smplkit/go-sdk/internal/generated/app/gen.go:8546.2,8546.22 1 0
github.com/smplkit/go-sdk/internal/generated/app/gen.go:8550.79,8552.15 2 0
github.com/smplkit/go-sdk/internal/generated/app/gen.go:8552.15,8552.39 1 0
github.com/smplkit/go-sdk/internal/generated/app/gen.go:8553.2,8553.16 1 0
github.com/smplkit/go-sdk/internal/generated/app/gen.go:8553.16,8555.3 1 0
github.com/smplkit/go-sdk/internal/generated/app/gen.go:8557.2,8562.9 2 0
github.com/smplkit/go-sdk/internal/generated/app/gen.go:8563.89,8565.58 2 0
github.com/smplkit/go-sdk/internal/generated/app/gen.go:8565.58,8567.4 1 0
github.com/smplkit/go-sdk/internal/generated/app/gen.go:8568.3,8568.44 1 0
github.com/smplkit/go-sdk/internal/generated/app/gen.go:8570.89,8572.58 2 0
github.com/smplkit/go-sdk/internal/generated/app/gen.go:8572.58,8574.4 1 0
github.com/smplkit/go-sdk/internal/generated/app/gen.go:8575.3,8575.44 1 0
github.com/smplkit/go-sdk/internal/generated/app/gen.go:8577.89,8579.58 2 0
github.com/smplkit/go-sdk/internal/generated/app/gen.go:8579.58,8581.4 1 0
github.com/smplkit/go-sdk/internal/generated/app/gen.go:8582.3,8582.44 1 0
github.com/smplkit/go-sdk/internal/generated/app/gen.go:8584.89,8586.58 2 0
github.com/smplkit/go-sdk/internal/generated/app/gen.go:8586.58,8588.4 1 0
github.com/smplkit/go-sdk/internal/generated/app/gen.go:8589.3,8589.44 1 0
github.com/smplkit/go-sdk/internal/generated/app/gen.go:8593.2,8593.22 1 0
github.com/smplkit/go-sdk/internal/generated/app/gen.go:8597.73,8599.15 2 0
github.com/smplkit/go-sdk/internal/generated/app/gen.go:8599.15,8599.39 1 0
github.com/smplkit/go-sdk/internal/generated/app/gen.go:8600.2,8600.16 1 0
github.com/smplkit/go-sdk/internal/generated/app/gen.go:8600.16,8602.3 1 0
github.com/smplkit/go-sdk/internal/generated/app/gen.go:8604.2,8609.9 2 0
github.com/smplkit/go-sdk/internal/generated/app/gen.go:8610.89,8612.58 2 0
github.com/smplkit/go-sdk/internal/generated/app/gen.go:8612.58,8614.4 1 0
github.com/smplkit/go-sdk/internal/generated/app/gen.go:8615.3,8615.44 1 0
github.com/smplkit/go-sdk/internal/generated/app/gen.go:8617.89,8619.58 2 0
github.com/smplkit/go-sdk/internal/generated/app/gen.go:8619.58,8621.4 1 0
github.com/smplkit/go-sdk/internal/generated/app/gen.go:8622.3,8622.44 1 0
github.com/smplkit/go-sdk/internal/generated/app/gen.go:8624.89,8626.58 2 0
github.com/smplkit/go-sdk/internal/generated/app/gen.go:8626.58,8628.4 1 0
github.com/smplkit/go-sdk/internal/generated/app/gen.go:8629.3,8629.44 1 0
github.com/smplkit/go-sdk/internal/generated/app/gen.go:8631.89,8633.58 2 0
github.com/smplkit/go-sdk/internal/generated/app/gen.go:8633.58,8635.4 1 0
github.com/smplkit/go-sdk/internal/generated/app/gen.go:8636.3,8636.44 1 0
github.com/smplkit/go-sdk/internal/generated/app/gen.go:8638.89,8640.58 2 0
github.com/smplkit/go-sdk/internal/generated/app/gen.go:8640.58,8642.4 1 0
github.com/smplkit/go-sdk/internal/generated/app/gen.go:8643.3,8643.44 1 0
github.com/smplkit/go-sdk/internal/generated/app/gen.go:8647.2,8647.22 1 0
github.com/smplkit/go-sdk/internal/generated/app/gen.go:8651.87,8653.15 2 0
github.com/smplkit/go-sdk/internal/generated/app/gen.go:8653.15,8653.39 1 0
github.com/smplkit/go-sdk/internal/generated/app/gen.go:8654.2,8654.16 1 0
github.com/smplkit/go-sdk/internal/generated/app/gen.go:8654.16,8656.3 1 0
github.com/smplkit/go-sdk/internal/generated/app/gen.go:8658.2,8663.9 2 0
github.com/smplkit/go-sdk/internal/generated/app/gen.go:8664.89,8666.58 2 0
github.com/smplkit/go-sdk/internal/generated/app/gen.go:8666.58,8668.4 1 0
github.com/smplkit/go-sdk/internal/generated/app/gen.go:8669.3,8669.44 1 0
github.com/smplkit/go-sdk/internal/generated/app/gen.go:8671.89,8673.58 2 0
github.com/smplkit/go-sdk/internal/generated/app/gen.go:8673.58,8675.4 1 0
github.com/smplkit/go-sdk/internal/generated/app/gen.go:8676.3,8676.44 1 0
github.com/smplkit/go-sdk/internal/generated/app/gen.go:8678.89,8680.58 2 0
github.com/smplkit/go-sdk/internal/generated/app/gen.go:8680.58,8682.4 1 0
github.com/smplkit/go-sdk/internal/generated/app/gen.go:8683.3,8683.44 1 0
github.com/smplkit/go-sdk/internal/generated/app/gen.go:8685.89,8687.58 2 0
github.com/smplkit/go-sdk/internal/generated/app/gen.go:8687.58,8689.4 1 0
github.com/smplkit/go-sdk/internal/generated/app/gen.go:8690.3,8690.44 1 0
github.com/smplkit/go-sdk/internal/generated/app/gen.go:8692.89,8694.58 2 0
github.com/smplkit/go-sdk/internal/generated/app/gen.go:8694.58,8696.4 1 0
github.com/smplkit/go-sdk/internal/generated/app/gen.go:8697.3,8697.44 1 0
github.com/smplkit/go-sdk/internal/generated/app/gen.go:8701.2,8701.22 1 0
