mode: atomic
github.com/smplkit/go-sdk/auth.go:12.78,17.2 3 273
github.com/smplkit/go-sdk/client.go:58.106,61.23 2 193
github.com/smplkit/go-sdk/client.go:61.23,63.3 1 5
github.com/smplkit/go-sdk/client.go:64.2,64.23 1 193
github.com/smplkit/go-sdk/client.go:64.23,70.3 1 2
github.com/smplkit/go-sdk/client.go:73.2,74.27 2 191
github.com/smplkit/go-sdk/client.go:74.27,76.3 1 5
github.com/smplkit/go-sdk/client.go:77.2,77.27 1 191
github.com/smplkit/go-sdk/client.go:77.27,83.3 1 2
github.com/smplkit/go-sdk/client.go:85.2,86.27 2 189
github.com/smplkit/go-sdk/client.go:86.27,88.3 1 146
github.com/smplkit/go-sdk/client.go:91.2,92.16 2 189
github.com/smplkit/go-sdk/client.go:92.16,94.3 1 6
github.com/smplkit/go-sdk/client.go:96.2,97.27 2 183
github.com/smplkit/go-sdk/client.go:97.27,99.3 1 25
github.com/smplkit/go-sdk/client.go:99.8,103.3 1 158
github.com/smplkit/go-sdk/client.go:106.2,107.17 2 183
github.com/smplkit/go-sdk/client.go:107.17,109.3 1 159
github.com/smplkit/go-sdk/client.go:110.2,117.97 2 183
github.com/smplkit/go-sdk/client.go:117.97,121.3 3 88
github.com/smplkit/go-sdk/client.go:122.2,128.101 2 183
github.com/smplkit/go-sdk/client.go:128.101,132.3 3 3
github.com/smplkit/go-sdk/client.go:133.2,134.65 2 183
github.com/smplkit/go-sdk/client.go:134.65,136.3 1 118
github.com/smplkit/go-sdk/client.go:137.2,143.97 2 183
github.com/smplkit/go-sdk/client.go:143.97,147.3 3 1
github.com/smplkit/go-sdk/client.go:148.2,149.65 2 183
github.com/smplkit/go-sdk/client.go:149.65,151.3 1 118
github.com/smplkit/go-sdk/client.go:152.2,158.105 2 183
github.com/smplkit/go-sdk/client.go:158.105,162.3 3 89
github.com/smplkit/go-sdk/client.go:163.2,164.65 2 183
github.com/smplkit/go-sdk/client.go:164.65,166.3 1 118
github.com/smplkit/go-sdk/client.go:167.2,181.27 3 183
github.com/smplkit/go-sdk/client.go:181.27,183.3 1 182
github.com/smplkit/go-sdk/client.go:185.2,189.15 5 183
github.com/smplkit/go-sdk/client.go:193.39,193.63 1 1
github.com/smplkit/go-sdk/client.go:196.35,196.55 1 3
github.com/smplkit/go-sdk/client.go:199.41,201.2 1 83
github.com/smplkit/go-sdk/client.go:204.39,206.2 1 13
github.com/smplkit/go-sdk/client.go:209.43,211.2 1 100
github.com/smplkit/go-sdk/client.go:214.32,215.22 1 4
github.com/smplkit/go-sdk/client.go:215.22,217.3 1 4
github.com/smplkit/go-sdk/client.go:218.2,219.22 2 4
github.com/smplkit/go-sdk/client.go:219.22,221.3 1 3
github.com/smplkit/go-sdk/client.go:222.2,222.12 1 4
github.com/smplkit/go-sdk/client.go:227.62,239.16 4 8
github.com/smplkit/go-sdk/client.go:239.16,242.3 2 2
github.com/smplkit/go-sdk/client.go:243.2,243.19 1 6
github.com/smplkit/go-sdk/client.go:247.46,250.17 3 15
github.com/smplkit/go-sdk/client.go:250.17,253.3 2 14
github.com/smplkit/go-sdk/client.go:254.2,254.13 1 15
github.com/smplkit/go-sdk/client.go:258.27,262.15 4 11
github.com/smplkit/go-sdk/client.go:262.15,264.3 1 6
github.com/smplkit/go-sdk/config_client.go:54.70,62.27 2 11
github.com/smplkit/go-sdk/config_client.go:62.27,64.3 1 12
github.com/smplkit/go-sdk/config_client.go:65.2,65.12 1 11
github.com/smplkit/go-sdk/config_client.go:70.78,73.16 3 26
github.com/smplkit/go-sdk/config_client.go:73.16,75.3 1 2
github.com/smplkit/go-sdk/config_client.go:76.2,79.16 3 24
github.com/smplkit/go-sdk/config_client.go:79.16,83.3 1 2
github.com/smplkit/go-sdk/config_client.go:84.2,84.59 1 22
github.com/smplkit/go-sdk/config_client.go:84.59,86.3 1 2
github.com/smplkit/go-sdk/config_client.go:88.2,89.54 2 20
github.com/smplkit/go-sdk/config_client.go:89.54,91.3 1 1
github.com/smplkit/go-sdk/config_client.go:93.2,93.27 1 19
github.com/smplkit/go-sdk/config_client.go:93.27,100.3 1 2
github.com/smplkit/go-sdk/config_client.go:101.2,101.49 1 17
github.com/smplkit/go-sdk/config_client.go:105.81,107.16 2 23
github.com/smplkit/go-sdk/config_client.go:107.16,109.3 1 1
github.com/smplkit/go-sdk/config_client.go:111.2,112.16 2 22
github.com/smplkit/go-sdk/config_client.go:112.16,114.3 1 1
github.com/smplkit/go-sdk/config_client.go:115.2,118.16 3 21
github.com/smplkit/go-sdk/config_client.go:118.16,122.3 1 3
github.com/smplkit/go-sdk/config_client.go:123.2,123.59 1 18
github.com/smplkit/go-sdk/config_client.go:123.59,125.3 1 3
github.com/smplkit/go-sdk/config_client.go:127.2,128.54 2 15
github.com/smplkit/go-sdk/config_client.go:128.54,130.3 1 1
github.com/smplkit/go-sdk/config_client.go:131.2,131.46 1 14
github.com/smplkit/go-sdk/config_client.go:135.69,137.16 2 32
github.com/smplkit/go-sdk/config_client.go:137.16,139.3 1 8
github.com/smplkit/go-sdk/config_client.go:140.2,143.16 3 24
github.com/smplkit/go-sdk/config_client.go:143.16,147.3 1 1
github.com/smplkit/go-sdk/config_client.go:148.2,148.59 1 23
github.com/smplkit/go-sdk/config_client.go:148.59,150.3 1 4
github.com/smplkit/go-sdk/config_client.go:152.2,153.54 2 19
github.com/smplkit/go-sdk/config_client.go:153.54,155.3 1 1
github.com/smplkit/go-sdk/config_client.go:157.2,158.29 2 18
github.com/smplkit/go-sdk/config_client.go:158.29,160.3 1 16
github.com/smplkit/go-sdk/config_client.go:161.2,161.21 1 18
github.com/smplkit/go-sdk/config_client.go:166.70,168.16 2 5
github.com/smplkit/go-sdk/config_client.go:168.16,170.3 1 3
github.com/smplkit/go-sdk/config_client.go:171.2,171.34 1 2
github.com/smplkit/go-sdk/config_client.go:175.73,177.16 2 6
github.com/smplkit/go-sdk/config_client.go:177.16,179.3 1 1
github.com/smplkit/go-sdk/config_client.go:181.2,182.16 2 5
github.com/smplkit/go-sdk/config_client.go:182.16,184.3 1 1
github.com/smplkit/go-sdk/config_client.go:185.2,188.16 3 4
github.com/smplkit/go-sdk/config_client.go:188.16,192.3 1 1
github.com/smplkit/go-sdk/config_client.go:193.2,193.43 1 3
github.com/smplkit/go-sdk/config_client.go:197.77,201.16 3 8
github.com/smplkit/go-sdk/config_client.go:201.16,203.3 1 2
github.com/smplkit/go-sdk/config_client.go:204.2,207.16 3 6
github.com/smplkit/go-sdk/config_client.go:207.16,211.3 1 1
github.com/smplkit/go-sdk/config_client.go:212.2,212.59 1 5
github.com/smplkit/go-sdk/config_client.go:212.59,214.3 1 1
github.com/smplkit/go-sdk/config_client.go:216.2,217.54 2 4
github.com/smplkit/go-sdk/config_client.go:217.54,219.3 1 1
github.com/smplkit/go-sdk/config_client.go:220.2,221.12 2 3
github.com/smplkit/go-sdk/config_client.go:225.77,227.16 2 13
github.com/smplkit/go-sdk/config_client.go:227.16,229.3 1 1
github.com/smplkit/go-sdk/config_client.go:231.2,234.16 3 12
github.com/smplkit/go-sdk/config_client.go:234.16,236.3 1 2
github.com/smplkit/go-sdk/config_client.go:237.2,240.16 3 10
github.com/smplkit/go-sdk/config_client.go:240.16,244.3 1 1
github.com/smplkit/go-sdk/config_client.go:245.2,245.59 1 9
github.com/smplkit/go-sdk/config_client.go:245.59,247.3 1 1
github.com/smplkit/go-sdk/config_client.go:249.2,250.54 2 8
github.com/smplkit/go-sdk/config_client.go:250.54,252.3 1 1
github.com/smplkit/go-sdk/config_client.go:253.2,254.12 2 7
github.com/smplkit/go-sdk/config_client.go:258.97,259.42 1 8
github.com/smplkit/go-sdk/config_client.go:259.42,261.3 1 2
github.com/smplkit/go-sdk/config_client.go:262.2,262.49 1 6
github.com/smplkit/go-sdk/config_client.go:262.49,264.3 1 1
github.com/smplkit/go-sdk/config_client.go:265.2,266.9 2 6
github.com/smplkit/go-sdk/config_client.go:266.9,268.3 1 2
github.com/smplkit/go-sdk/config_client.go:270.2,271.29 2 4
github.com/smplkit/go-sdk/config_client.go:271.29,273.3 1 6
github.com/smplkit/go-sdk/config_client.go:274.2,274.16 1 4
github.com/smplkit/go-sdk/config_client.go:280.95,282.16 2 3
github.com/smplkit/go-sdk/config_client.go:282.16,284.3 1 1
github.com/smplkit/go-sdk/config_client.go:285.2,285.44 1 2
github.com/smplkit/go-sdk/config_client.go:290.88,291.42 1 2
github.com/smplkit/go-sdk/config_client.go:291.42,293.3 1 1
github.com/smplkit/go-sdk/config_client.go:294.2,294.46 1 1
github.com/smplkit/go-sdk/config_client.go:298.62,299.23 1 44
github.com/smplkit/go-sdk/config_client.go:299.23,302.17 3 14
github.com/smplkit/go-sdk/config_client.go:302.17,305.4 2 4
github.com/smplkit/go-sdk/config_client.go:307.3,308.31 2 10
github.com/smplkit/go-sdk/config_client.go:308.31,310.23 2 10
github.com/smplkit/go-sdk/config_client.go:310.23,313.5 2 1
github.com/smplkit/go-sdk/config_client.go:314.4,314.53 1 9
github.com/smplkit/go-sdk/config_client.go:316.3,316.24 1 9
github.com/smplkit/go-sdk/config_client.go:318.2,318.18 1 44
github.com/smplkit/go-sdk/config_client.go:323.59,324.42 1 7
github.com/smplkit/go-sdk/config_client.go:324.42,326.3 1 1
github.com/smplkit/go-sdk/config_client.go:327.2,328.23 2 6
github.com/smplkit/go-sdk/config_client.go:328.23,330.3 1 1
github.com/smplkit/go-sdk/config_client.go:332.2,333.16 2 5
github.com/smplkit/go-sdk/config_client.go:333.16,335.3 1 1
github.com/smplkit/go-sdk/config_client.go:337.2,338.30 2 4
github.com/smplkit/go-sdk/config_client.go:338.30,340.22 2 4
github.com/smplkit/go-sdk/config_client.go:340.22,342.4 1 1
github.com/smplkit/go-sdk/config_client.go:343.3,343.55 1 3
github.com/smplkit/go-sdk/config_client.go:345.2,348.12 4 3
github.com/smplkit/go-sdk/config_client.go:353.92,355.27 2 4
github.com/smplkit/go-sdk/config_client.go:355.27,357.3 1 2
github.com/smplkit/go-sdk/config_client.go:358.2,364.24 3 4
github.com/smplkit/go-sdk/config_client.go:376.53,377.39 1 1
github.com/smplkit/go-sdk/config_client.go:377.39,379.3 1 1
github.com/smplkit/go-sdk/config_client.go:383.51,384.39 1 1
github.com/smplkit/go-sdk/config_client.go:384.39,386.3 1 1
github.com/smplkit/go-sdk/config_client.go:390.112,391.42 1 27
github.com/smplkit/go-sdk/config_client.go:391.42,393.3 1 6
github.com/smplkit/go-sdk/config_client.go:394.2,395.9 2 21
github.com/smplkit/go-sdk/config_client.go:395.9,397.3 1 1
github.com/smplkit/go-sdk/config_client.go:398.2,398.23 1 20
github.com/smplkit/go-sdk/config_client.go:398.23,400.30 2 1
github.com/smplkit/go-sdk/config_client.go:400.30,402.4 1 2
github.com/smplkit/go-sdk/config_client.go:403.3,403.17 1 1
github.com/smplkit/go-sdk/config_client.go:405.2,406.9 2 19
github.com/smplkit/go-sdk/config_client.go:406.9,408.3 1 4
github.com/smplkit/go-sdk/config_client.go:409.2,409.17 1 15
github.com/smplkit/go-sdk/config_client.go:413.120,415.16 2 4
github.com/smplkit/go-sdk/config_client.go:415.16,417.3 1 1
github.com/smplkit/go-sdk/config_client.go:418.2,418.31 1 3
github.com/smplkit/go-sdk/config_client.go:418.31,420.3 1 1
github.com/smplkit/go-sdk/config_client.go:421.2,421.25 1 2
github.com/smplkit/go-sdk/config_client.go:421.25,423.3 1 1
github.com/smplkit/go-sdk/config_client.go:424.2,424.16 1 1
github.com/smplkit/go-sdk/config_client.go:428.111,430.16 2 12
github.com/smplkit/go-sdk/config_client.go:430.16,432.3 1 1
github.com/smplkit/go-sdk/config_client.go:433.2,433.25 1 11
github.com/smplkit/go-sdk/config_client.go:434.11,435.16 1 1
github.com/smplkit/go-sdk/config_client.go:436.15,437.21 1 7
github.com/smplkit/go-sdk/config_client.go:438.13,439.21 1 1
github.com/smplkit/go-sdk/config_client.go:441.2,441.25 1 2
github.com/smplkit/go-sdk/config_client.go:441.25,443.3 1 1
github.com/smplkit/go-sdk/config_client.go:444.2,444.15 1 1
github.com/smplkit/go-sdk/config_client.go:448.114,450.16 2 4
github.com/smplkit/go-sdk/config_client.go:450.16,452.3 1 1
github.com/smplkit/go-sdk/config_client.go:453.2,453.29 1 3
github.com/smplkit/go-sdk/config_client.go:453.29,455.3 1 1
github.com/smplkit/go-sdk/config_client.go:456.2,456.25 1 2
github.com/smplkit/go-sdk/config_client.go:456.25,458.3 1 1
github.com/smplkit/go-sdk/config_client.go:459.2,459.19 1 1
github.com/smplkit/go-sdk/config_client.go:463.105,469.25 5 12
github.com/smplkit/go-sdk/config_client.go:469.25,471.3 1 2
github.com/smplkit/go-sdk/config_client.go:473.2,474.26 2 10
github.com/smplkit/go-sdk/config_client.go:474.26,476.3 1 10
github.com/smplkit/go-sdk/config_client.go:477.2,477.26 1 10
github.com/smplkit/go-sdk/config_client.go:477.26,479.3 1 10
github.com/smplkit/go-sdk/config_client.go:481.2,481.36 1 10
github.com/smplkit/go-sdk/config_client.go:481.36,484.22 3 11
github.com/smplkit/go-sdk/config_client.go:484.22,486.4 1 1
github.com/smplkit/go-sdk/config_client.go:487.3,487.22 1 11
github.com/smplkit/go-sdk/config_client.go:487.22,489.4 1 1
github.com/smplkit/go-sdk/config_client.go:491.3,492.27 2 11
github.com/smplkit/go-sdk/config_client.go:492.27,494.4 1 13
github.com/smplkit/go-sdk/config_client.go:495.3,495.27 1 11
github.com/smplkit/go-sdk/config_client.go:495.27,497.4 1 12
github.com/smplkit/go-sdk/config_client.go:499.3,499.33 1 11
github.com/smplkit/go-sdk/config_client.go:499.33,502.42 3 14
github.com/smplkit/go-sdk/config_client.go:502.42,503.24 1 12
github.com/smplkit/go-sdk/config_client.go:503.24,504.53 1 4
github.com/smplkit/go-sdk/config_client.go:504.53,506.7 1 4
github.com/smplkit/go-sdk/config_client.go:508.5,515.33 2 12
github.com/smplkit/go-sdk/config_client.go:515.33,516.52 1 13
github.com/smplkit/go-sdk/config_client.go:516.52,517.15 1 1
github.com/smplkit/go-sdk/config_client.go:519.6,519.46 1 12
github.com/smplkit/go-sdk/config_client.go:519.46,520.15 1 2
github.com/smplkit/go-sdk/config_client.go:522.6,522.13 1 10
github.com/smplkit/go-sdk/config_client.go:522.13,523.20 1 10
github.com/smplkit/go-sdk/config_client.go:523.20,523.33 1 10
github.com/smplkit/go-sdk/config_client.go:524.7,524.16 1 10
github.com/smplkit/go-sdk/config_client.go:533.93,536.22 3 15
github.com/smplkit/go-sdk/config_client.go:536.22,538.17 2 16
github.com/smplkit/go-sdk/config_client.go:538.17,540.4 1 2
github.com/smplkit/go-sdk/config_client.go:541.3,546.25 2 14
github.com/smplkit/go-sdk/config_client.go:546.25,547.9 1 13
github.com/smplkit/go-sdk/config_client.go:549.3,549.27 1 1
github.com/smplkit/go-sdk/config_client.go:551.2,551.19 1 13
github.com/smplkit/go-sdk/config_client.go:555.76,558.17 3 57
github.com/smplkit/go-sdk/config_client.go:558.17,560.3 1 57
github.com/smplkit/go-sdk/config_client.go:561.2,562.22 2 57
github.com/smplkit/go-sdk/config_client.go:562.22,564.3 1 57
github.com/smplkit/go-sdk/config_client.go:565.2,576.3 1 57
github.com/smplkit/go-sdk/config_client.go:580.164,582.14 2 20
github.com/smplkit/go-sdk/config_client.go:582.14,584.3 1 12
github.com/smplkit/go-sdk/config_client.go:585.2,599.3 2 20
github.com/smplkit/go-sdk/config_client.go:603.83,604.21 1 9
github.com/smplkit/go-sdk/config_client.go:604.21,606.3 1 4
github.com/smplkit/go-sdk/config_client.go:607.2,609.16 3 5
github.com/smplkit/go-sdk/config_client.go:609.16,611.3 1 1
github.com/smplkit/go-sdk/config_client.go:612.2,612.37 1 4
github.com/smplkit/go-sdk/config_client.go:618.79,620.31 2 12
github.com/smplkit/go-sdk/config_client.go:620.31,623.30 3 17
github.com/smplkit/go-sdk/config_client.go:623.30,624.25 1 26
github.com/smplkit/go-sdk/config_client.go:624.25,626.5 1 17
github.com/smplkit/go-sdk/config_client.go:626.10,627.38 1 9
github.com/smplkit/go-sdk/config_client.go:627.38,628.58 1 3
github.com/smplkit/go-sdk/config_client.go:628.58,630.7 1 2
github.com/smplkit/go-sdk/config_client.go:630.12,635.7 3 1
github.com/smplkit/go-sdk/config_client.go:636.11,640.6 3 6
github.com/smplkit/go-sdk/config_client.go:644.2,644.15 1 12
github.com/smplkit/go-sdk/config_client.go:647.84,648.14 1 58
github.com/smplkit/go-sdk/config_client.go:648.14,650.3 1 1
github.com/smplkit/go-sdk/config_client.go:651.2,652.23 2 57
github.com/smplkit/go-sdk/config_client.go:652.23,654.3 1 51
github.com/smplkit/go-sdk/config_client.go:655.2,655.15 1 57
github.com/smplkit/go-sdk/config_client.go:658.82,659.14 1 21
github.com/smplkit/go-sdk/config_client.go:659.14,661.3 1 1
github.com/smplkit/go-sdk/config_client.go:662.2,663.22 2 20
github.com/smplkit/go-sdk/config_client.go:663.22,667.3 3 8
github.com/smplkit/go-sdk/config_client.go:668.2,668.16 1 20
github.com/smplkit/go-sdk/config_client.go:671.98,672.17 1 58
github.com/smplkit/go-sdk/config_client.go:672.17,674.3 1 1
github.com/smplkit/go-sdk/config_client.go:675.2,676.26 2 57
github.com/smplkit/go-sdk/config_client.go:676.26,678.22 2 15
github.com/smplkit/go-sdk/config_client.go:678.22,680.34 2 15
github.com/smplkit/go-sdk/config_client.go:680.34,682.5 1 16
github.com/smplkit/go-sdk/config_client.go:683.4,683.26 1 15
github.com/smplkit/go-sdk/config_client.go:685.3,685.20 1 15
github.com/smplkit/go-sdk/config_client.go:687.2,687.15 1 57
github.com/smplkit/go-sdk/config_client.go:690.96,691.17 1 23
github.com/smplkit/go-sdk/config_client.go:691.17,693.3 1 1
github.com/smplkit/go-sdk/config_client.go:694.2,695.38 2 22
github.com/smplkit/go-sdk/config_client.go:695.38,697.41 2 7
github.com/smplkit/go-sdk/config_client.go:697.41,698.56 1 6
github.com/smplkit/go-sdk/config_client.go:698.56,700.33 2 5
github.com/smplkit/go-sdk/config_client.go:700.33,702.6 1 7
github.com/smplkit/go-sdk/config_client.go:703.5,703.31 1 5
github.com/smplkit/go-sdk/config_client.go:706.3,706.29 1 7
github.com/smplkit/go-sdk/config_client.go:708.2,708.16 1 22
github.com/smplkit/go-sdk/config_client.go:711.77,712.18 1 61
github.com/smplkit/go-sdk/config_client.go:712.18,714.3 1 1
github.com/smplkit/go-sdk/config_client.go:715.2,716.26 2 60
github.com/smplkit/go-sdk/config_client.go:716.26,717.46 1 55
github.com/smplkit/go-sdk/config_client.go:717.46,718.41 1 53
github.com/smplkit/go-sdk/config_client.go:718.41,720.13 2 52
github.com/smplkit/go-sdk/config_client.go:723.3,723.16 1 3
github.com/smplkit/go-sdk/config_client.go:725.2,725.15 1 60
github.com/smplkit/go-sdk/config_client.go:728.100,729.17 1 63
github.com/smplkit/go-sdk/config_client.go:729.17,731.3 1 1
github.com/smplkit/go-sdk/config_client.go:732.2,733.38 2 62
github.com/smplkit/go-sdk/config_client.go:733.38,735.30 2 20
github.com/smplkit/go-sdk/config_client.go:735.30,736.21 1 21
github.com/smplkit/go-sdk/config_client.go:736.21,737.54 1 19
github.com/smplkit/go-sdk/config_client.go:737.54,739.34 2 18
github.com/smplkit/go-sdk/config_client.go:739.34,740.51 1 19
github.com/smplkit/go-sdk/config_client.go:740.51,741.45 1 18
github.com/smplkit/go-sdk/config_client.go:741.45,743.17 2 17
github.com/smplkit/go-sdk/config_client.go:746.7,746.25 1 2
github.com/smplkit/go-sdk/config_client.go:748.6,749.14 2 18
github.com/smplkit/go-sdk/config_client.go:752.4,752.20 1 3
github.com/smplkit/go-sdk/config_client.go:754.3,754.30 1 20
github.com/smplkit/go-sdk/config_client.go:756.2,756.15 1 62
github.com/smplkit/go-sdk/config_client.go:759.74,760.18 1 21
github.com/smplkit/go-sdk/config_client.go:760.18,762.3 1 1
github.com/smplkit/go-sdk/config_client.go:763.2,764.26 2 20
github.com/smplkit/go-sdk/config_client.go:764.26,769.3 1 8
github.com/smplkit/go-sdk/config_client.go:770.2,770.15 1 20
github.com/smplkit/go-sdk/config_client.go:773.97,774.17 1 24
github.com/smplkit/go-sdk/config_client.go:774.17,776.3 1 1
github.com/smplkit/go-sdk/config_client.go:777.2,778.38 2 23
github.com/smplkit/go-sdk/config_client.go:778.38,780.30 2 8
github.com/smplkit/go-sdk/config_client.go:780.30,781.21 1 9
github.com/smplkit/go-sdk/config_client.go:781.21,782.54 1 7
github.com/smplkit/go-sdk/config_client.go:782.54,784.34 2 6
github.com/smplkit/go-sdk/config_client.go:784.34,788.7 1 8
github.com/smplkit/go-sdk/config_client.go:789.6,790.14 2 6
github.com/smplkit/go-sdk/config_client.go:793.4,793.18 1 3
github.com/smplkit/go-sdk/config_client.go:795.3,795.28 1 8
github.com/smplkit/go-sdk/config_client.go:797.2,797.15 1 23
github.com/smplkit/go-sdk/config_models.go:37.47,38.25 1 8
github.com/smplkit/go-sdk/config_models.go:38.25,38.42 1 8
github.com/smplkit/go-sdk/config_models.go:42.54,43.25 1 1
github.com/smplkit/go-sdk/config_models.go:43.25,43.50 1 1
github.com/smplkit/go-sdk/config_models.go:47.53,48.25 1 1
github.com/smplkit/go-sdk/config_models.go:48.25,48.49 1 1
github.com/smplkit/go-sdk/config_models.go:52.65,53.25 1 1
github.com/smplkit/go-sdk/config_models.go:53.25,53.44 1 1
github.com/smplkit/go-sdk/config_models.go:57.82,58.25 1 1
github.com/smplkit/go-sdk/config_models.go:58.25,58.50 1 1
github.com/smplkit/go-sdk/config_models.go:63.50,64.16 1 21
github.com/smplkit/go-sdk/config_models.go:64.16,66.3 1 8
github.com/smplkit/go-sdk/config_models.go:67.2,67.38 1 13
github.com/smplkit/go-sdk/config_models.go:70.39,80.2 9 10
github.com/smplkit/go-sdk/config_models.go:90.54,91.34 1 6
github.com/smplkit/go-sdk/config_models.go:91.34,93.3 1 2
github.com/smplkit/go-sdk/config_models.go:94.2,95.9 2 4
github.com/smplkit/go-sdk/config_models.go:95.9,97.3 1 1
github.com/smplkit/go-sdk/config_models.go:99.2,100.29 2 3
github.com/smplkit/go-sdk/config_models.go:100.29,102.3 1 4
github.com/smplkit/go-sdk/config_models.go:103.2,103.11 1 3
github.com/smplkit/go-sdk/config_models.go:109.59,112.2 2 2
github.com/smplkit/go-sdk/config_runtime.go:12.78,14.25 2 17
github.com/smplkit/go-sdk/config_runtime.go:14.25,16.3 1 8
github.com/smplkit/go-sdk/config_runtime.go:17.2,17.29 1 17
github.com/smplkit/go-sdk/config_runtime.go:17.29,18.36 1 25
github.com/smplkit/go-sdk/config_runtime.go:18.36,19.66 1 5
github.com/smplkit/go-sdk/config_runtime.go:19.66,20.60 1 2
github.com/smplkit/go-sdk/config_runtime.go:20.60,22.14 2 1
github.com/smplkit/go-sdk/config_runtime.go:26.3,26.16 1 24
github.com/smplkit/go-sdk/config_runtime.go:28.2,28.15 1 17
github.com/smplkit/go-sdk/config_runtime.go:33.82,35.39 2 12
github.com/smplkit/go-sdk/config_runtime.go:35.39,40.34 3 12
github.com/smplkit/go-sdk/config_runtime.go:40.34,42.4 1 18
github.com/smplkit/go-sdk/config_runtime.go:45.3,45.24 1 12
github.com/smplkit/go-sdk/config_runtime.go:45.24,46.59 1 12
github.com/smplkit/go-sdk/config_runtime.go:46.59,47.43 1 1
github.com/smplkit/go-sdk/config_runtime.go:47.43,48.58 1 1
github.com/smplkit/go-sdk/config_runtime.go:48.58,50.7 1 1
github.com/smplkit/go-sdk/config_runtime.go:56.3,56.39 1 12
github.com/smplkit/go-sdk/config_runtime.go:58.2,58.15 1 12
github.com/smplkit/go-sdk/errors.go:33.36,34.23 1 30
github.com/smplkit/go-sdk/errors.go:34.23,37.25 3 2
github.com/smplkit/go-sdk/errors.go:37.25,41.4 3 1
github.com/smplkit/go-sdk/errors.go:41.9,43.32 2 1
github.com/smplkit/go-sdk/errors.go:43.32,46.5 2 2
github.com/smplkit/go-sdk/errors.go:48.3,48.20 1 2
github.com/smplkit/go-sdk/errors.go:50.2,50.23 1 28
github.com/smplkit/go-sdk/errors.go:50.23,52.3 1 10
github.com/smplkit/go-sdk/errors.go:53.2,53.18 1 18
github.com/smplkit/go-sdk/errors.go:62.46,62.76 1 11
github.com/smplkit/go-sdk/errors.go:65.46,65.69 1 2
github.com/smplkit/go-sdk/errors.go:73.43,73.73 1 2
github.com/smplkit/go-sdk/errors.go:76.43,76.66 1 1
github.com/smplkit/go-sdk/errors.go:84.44,84.74 1 5
github.com/smplkit/go-sdk/errors.go:87.44,87.67 1 3
github.com/smplkit/go-sdk/errors.go:95.44,95.74 1 1
github.com/smplkit/go-sdk/errors.go:98.44,98.67 1 1
github.com/smplkit/go-sdk/errors.go:106.46,106.76 1 3
github.com/smplkit/go-sdk/errors.go:109.46,109.69 1 1
github.com/smplkit/go-sdk/flags_client.go:27.95,38.27 3 7
github.com/smplkit/go-sdk/flags_client.go:38.27,40.3 1 8
github.com/smplkit/go-sdk/flags_client.go:41.2,41.10 1 7
github.com/smplkit/go-sdk/flags_client.go:45.96,54.27 2 3
github.com/smplkit/go-sdk/flags_client.go:54.27,56.3 1 3
github.com/smplkit/go-sdk/flags_client.go:57.2,57.10 1 3
github.com/smplkit/go-sdk/flags_client.go:61.97,70.27 2 4
github.com/smplkit/go-sdk/flags_client.go:70.27,72.3 1 3
github.com/smplkit/go-sdk/flags_client.go:73.2,73.10 1 4
github.com/smplkit/go-sdk/flags_client.go:77.110,86.27 2 3
github.com/smplkit/go-sdk/flags_client.go:86.27,88.3 1 1
github.com/smplkit/go-sdk/flags_client.go:89.2,89.10 1 3
github.com/smplkit/go-sdk/flags_client.go:94.75,97.16 3 15
github.com/smplkit/go-sdk/flags_client.go:97.16,99.3 1 3
github.com/smplkit/go-sdk/flags_client.go:100.2,103.16 3 12
github.com/smplkit/go-sdk/flags_client.go:103.16,107.3 1 2
github.com/smplkit/go-sdk/flags_client.go:108.2,108.59 1 10
github.com/smplkit/go-sdk/flags_client.go:108.59,110.3 1 4
github.com/smplkit/go-sdk/flags_client.go:112.2,113.54 2 6
github.com/smplkit/go-sdk/flags_client.go:113.54,115.3 1 1
github.com/smplkit/go-sdk/flags_client.go:117.2,117.27 1 5
github.com/smplkit/go-sdk/flags_client.go:117.27,124.3 1 2
github.com/smplkit/go-sdk/flags_client.go:125.2,125.47 1 3
github.com/smplkit/go-sdk/flags_client.go:129.66,131.16 2 5
github.com/smplkit/go-sdk/flags_client.go:131.16,133.3 1 1
github.com/smplkit/go-sdk/flags_client.go:134.2,137.16 3 4
github.com/smplkit/go-sdk/flags_client.go:137.16,141.3 1 1
github.com/smplkit/go-sdk/flags_client.go:142.2,142.59 1 3
github.com/smplkit/go-sdk/flags_client.go:142.59,144.3 1 1
github.com/smplkit/go-sdk/flags_client.go:146.2,147.54 2 2
github.com/smplkit/go-sdk/flags_client.go:147.54,149.3 1 1
github.com/smplkit/go-sdk/flags_client.go:151.2,152.29 2 1
github.com/smplkit/go-sdk/flags_client.go:152.29,154.3 1 1
github.com/smplkit/go-sdk/flags_client.go:155.2,155.19 1 1
github.com/smplkit/go-sdk/flags_client.go:160.69,162.16 2 6
github.com/smplkit/go-sdk/flags_client.go:162.16,164.3 1 5
github.com/smplkit/go-sdk/flags_client.go:165.2,165.35 1 1
github.com/smplkit/go-sdk/flags_client.go:169.76,171.16 2 5
github.com/smplkit/go-sdk/flags_client.go:171.16,173.3 1 1
github.com/smplkit/go-sdk/flags_client.go:175.2,176.16 2 4
github.com/smplkit/go-sdk/flags_client.go:176.16,178.3 1 1
github.com/smplkit/go-sdk/flags_client.go:179.2,182.16 3 3
github.com/smplkit/go-sdk/flags_client.go:182.16,186.3 1 1
github.com/smplkit/go-sdk/flags_client.go:187.2,187.43 1 2
github.com/smplkit/go-sdk/flags_client.go:191.73,195.16 3 7
github.com/smplkit/go-sdk/flags_client.go:195.16,197.3 1 1
github.com/smplkit/go-sdk/flags_client.go:198.2,201.16 3 6
github.com/smplkit/go-sdk/flags_client.go:201.16,205.3 1 1
github.com/smplkit/go-sdk/flags_client.go:206.2,206.59 1 5
github.com/smplkit/go-sdk/flags_client.go:206.59,208.3 1 1
github.com/smplkit/go-sdk/flags_client.go:210.2,211.54 2 4
github.com/smplkit/go-sdk/flags_client.go:211.54,213.3 1 1
github.com/smplkit/go-sdk/flags_client.go:214.2,215.12 2 3
github.com/smplkit/go-sdk/flags_client.go:219.73,221.16 2 10
github.com/smplkit/go-sdk/flags_client.go:221.16,223.3 1 1
github.com/smplkit/go-sdk/flags_client.go:225.2,228.16 3 9
github.com/smplkit/go-sdk/flags_client.go:228.16,230.3 1 1
github.com/smplkit/go-sdk/flags_client.go:231.2,234.16 3 8
github.com/smplkit/go-sdk/flags_client.go:234.16,238.3 1 1
github.com/smplkit/go-sdk/flags_client.go:239.2,239.59 1 7
github.com/smplkit/go-sdk/flags_client.go:239.59,241.3 1 3
github.com/smplkit/go-sdk/flags_client.go:243.2,244.54 2 4
github.com/smplkit/go-sdk/flags_client.go:244.54,246.3 1 1
github.com/smplkit/go-sdk/flags_client.go:247.2,248.12 2 3
github.com/smplkit/go-sdk/flags_client.go:252.109,260.16 3 4
github.com/smplkit/go-sdk/flags_client.go:260.16,262.3 1 1
github.com/smplkit/go-sdk/flags_client.go:263.2,266.16 3 3
github.com/smplkit/go-sdk/flags_client.go:266.16,270.3 1 1
github.com/smplkit/go-sdk/flags_client.go:271.2,271.59 1 2
github.com/smplkit/go-sdk/flags_client.go:271.59,273.3 1 1
github.com/smplkit/go-sdk/flags_client.go:274.2,274.31 1 1
github.com/smplkit/go-sdk/flags_client.go:278.132,280.16 2 5
github.com/smplkit/go-sdk/flags_client.go:280.16,282.3 1 1
github.com/smplkit/go-sdk/flags_client.go:283.2,290.16 3 4
github.com/smplkit/go-sdk/flags_client.go:290.16,292.3 1 1
github.com/smplkit/go-sdk/flags_client.go:293.2,296.16 3 3
github.com/smplkit/go-sdk/flags_client.go:296.16,300.3 1 1
github.com/smplkit/go-sdk/flags_client.go:301.2,301.59 1 2
github.com/smplkit/go-sdk/flags_client.go:301.59,303.3 1 1
github.com/smplkit/go-sdk/flags_client.go:304.2,304.31 1 1
github.com/smplkit/go-sdk/flags_client.go:308.85,310.16 2 5
github.com/smplkit/go-sdk/flags_client.go:310.16,312.3 1 1
github.com/smplkit/go-sdk/flags_client.go:313.2,316.16 3 4
github.com/smplkit/go-sdk/flags_client.go:316.16,320.3 1 1
github.com/smplkit/go-sdk/flags_client.go:321.2,321.59 1 3
github.com/smplkit/go-sdk/flags_client.go:321.59,323.3 1 1
github.com/smplkit/go-sdk/flags_client.go:325.2,326.54 2 2
github.com/smplkit/go-sdk/flags_client.go:326.54,328.3 1 1
github.com/smplkit/go-sdk/flags_client.go:330.2,331.32 2 1
github.com/smplkit/go-sdk/flags_client.go:331.32,336.18 2 2
github.com/smplkit/go-sdk/flags_client.go:336.18,338.4 1 2
github.com/smplkit/go-sdk/flags_client.go:339.3,339.37 1 2
github.com/smplkit/go-sdk/flags_client.go:339.37,341.4 1 2
github.com/smplkit/go-sdk/flags_client.go:342.3,342.28 1 2
github.com/smplkit/go-sdk/flags_client.go:344.2,344.19 1 1
github.com/smplkit/go-sdk/flags_client.go:348.81,350.16 2 5
github.com/smplkit/go-sdk/flags_client.go:350.16,352.3 1 1
github.com/smplkit/go-sdk/flags_client.go:353.2,354.16 2 4
github.com/smplkit/go-sdk/flags_client.go:354.16,356.3 1 1
github.com/smplkit/go-sdk/flags_client.go:357.2,360.16 3 3
github.com/smplkit/go-sdk/flags_client.go:360.16,364.3 1 1
github.com/smplkit/go-sdk/flags_client.go:365.2,365.43 1 2
github.com/smplkit/go-sdk/flags_client.go:369.114,374.16 3 5
github.com/smplkit/go-sdk/flags_client.go:374.16,376.3 1 1
github.com/smplkit/go-sdk/flags_client.go:377.2,380.16 3 4
github.com/smplkit/go-sdk/flags_client.go:380.16,384.3 1 1
github.com/smplkit/go-sdk/flags_client.go:385.2,385.59 1 3
github.com/smplkit/go-sdk/flags_client.go:385.59,387.3 1 1
github.com/smplkit/go-sdk/flags_client.go:389.2,392.54 2 2
github.com/smplkit/go-sdk/flags_client.go:392.54,394.3 1 1
github.com/smplkit/go-sdk/flags_client.go:395.2,395.25 1 1
github.com/smplkit/go-sdk/flags_client.go:399.68,402.17 3 13
github.com/smplkit/go-sdk/flags_client.go:402.17,404.3 1 12
github.com/smplkit/go-sdk/flags_client.go:406.2,407.25 2 13
github.com/smplkit/go-sdk/flags_client.go:407.25,409.35 2 10
github.com/smplkit/go-sdk/flags_client.go:409.35,411.4 1 14
github.com/smplkit/go-sdk/flags_client.go:412.3,412.14 1 10
github.com/smplkit/go-sdk/flags_client.go:415.2,429.3 2 13
github.com/smplkit/go-sdk/flags_client.go:433.96,434.17 1 26
github.com/smplkit/go-sdk/flags_client.go:434.17,436.3 1 4
github.com/smplkit/go-sdk/flags_client.go:437.2,438.34 2 22
github.com/smplkit/go-sdk/flags_client.go:438.34,440.25 2 4
github.com/smplkit/go-sdk/flags_client.go:440.25,442.4 1 4
github.com/smplkit/go-sdk/flags_client.go:443.3,443.25 1 4
github.com/smplkit/go-sdk/flags_client.go:443.25,445.4 1 2
github.com/smplkit/go-sdk/flags_client.go:446.3,446.23 1 4
github.com/smplkit/go-sdk/flags_client.go:446.23,448.33 2 3
github.com/smplkit/go-sdk/flags_client.go:448.33,453.29 2 2
github.com/smplkit/go-sdk/flags_client.go:453.29,455.6 1 1
github.com/smplkit/go-sdk/flags_client.go:456.5,456.23 1 2
github.com/smplkit/go-sdk/flags_client.go:458.4,458.26 1 3
github.com/smplkit/go-sdk/flags_client.go:459.9,461.4 1 1
github.com/smplkit/go-sdk/flags_client.go:462.3,462.26 1 4
github.com/smplkit/go-sdk/flags_client.go:464.2,464.15 1 22
github.com/smplkit/go-sdk/flags_client.go:468.159,470.14 2 19
github.com/smplkit/go-sdk/flags_client.go:470.14,472.3 1 10
github.com/smplkit/go-sdk/flags_client.go:473.2,476.19 3 19
github.com/smplkit/go-sdk/flags_client.go:476.19,478.29 2 17
github.com/smplkit/go-sdk/flags_client.go:478.29,480.4 1 20
github.com/smplkit/go-sdk/flags_client.go:483.2,499.3 2 19
github.com/smplkit/go-sdk/flags_client.go:503.97,504.17 1 25
github.com/smplkit/go-sdk/flags_client.go:504.17,506.3 1 3
github.com/smplkit/go-sdk/flags_client.go:507.2,508.37 2 22
github.com/smplkit/go-sdk/flags_client.go:508.37,510.10 2 8
github.com/smplkit/go-sdk/flags_client.go:510.10,511.12 1 1
github.com/smplkit/go-sdk/flags_client.go:514.3,516.50 2 7
github.com/smplkit/go-sdk/flags_client.go:516.50,518.4 1 4
github.com/smplkit/go-sdk/flags_client.go:519.3,519.40 1 7
github.com/smplkit/go-sdk/flags_client.go:519.40,521.4 1 2
github.com/smplkit/go-sdk/flags_client.go:522.3,522.42 1 7
github.com/smplkit/go-sdk/flags_client.go:522.42,523.54 1 6
github.com/smplkit/go-sdk/flags_client.go:523.54,525.37 2 5
github.com/smplkit/go-sdk/flags_client.go:525.37,526.55 1 4
github.com/smplkit/go-sdk/flags_client.go:526.55,530.66 2 3
github.com/smplkit/go-sdk/flags_client.go:530.66,532.8 1 2
github.com/smplkit/go-sdk/flags_client.go:532.13,534.8 1 1
github.com/smplkit/go-sdk/flags_client.go:535.7,535.55 1 3
github.com/smplkit/go-sdk/flags_client.go:535.55,537.8 1 2
github.com/smplkit/go-sdk/flags_client.go:538.7,538.34 1 3
github.com/smplkit/go-sdk/flags_client.go:541.5,541.23 1 5
github.com/smplkit/go-sdk/flags_client.go:545.3,545.24 1 7
github.com/smplkit/go-sdk/flags_client.go:547.2,547.16 1 22
github.com/smplkit/go-sdk/flags_client.go:551.58,555.54 2 5
github.com/smplkit/go-sdk/flags_client.go:555.54,557.3 1 1
github.com/smplkit/go-sdk/flags_client.go:558.2,558.41 1 4
github.com/smplkit/go-sdk/flags_client.go:562.69,571.51 2 5
github.com/smplkit/go-sdk/flags_client.go:571.51,573.3 1 1
github.com/smplkit/go-sdk/flags_client.go:574.2,575.18 2 4
github.com/smplkit/go-sdk/flags_client.go:575.18,577.3 1 1
github.com/smplkit/go-sdk/flags_client.go:578.2,583.8 1 4
github.com/smplkit/go-sdk/flags_client.go:587.101,589.16 2 14
github.com/smplkit/go-sdk/flags_client.go:589.16,591.3 1 6
github.com/smplkit/go-sdk/flags_client.go:592.2,593.26 2 8
github.com/smplkit/go-sdk/flags_client.go:593.26,596.3 2 6
github.com/smplkit/go-sdk/flags_client.go:597.2,597.19 1 8
github.com/smplkit/go-sdk/flags_client.go:601.93,603.16 2 25
github.com/smplkit/go-sdk/flags_client.go:603.16,605.3 1 2
github.com/smplkit/go-sdk/flags_client.go:606.2,609.16 3 23
github.com/smplkit/go-sdk/flags_client.go:609.16,613.3 1 1
github.com/smplkit/go-sdk/flags_client.go:614.2,614.59 1 22
github.com/smplkit/go-sdk/flags_client.go:614.59,616.3 1 8
github.com/smplkit/go-sdk/flags_client.go:618.2,619.54 2 14
github.com/smplkit/go-sdk/flags_client.go:619.54,621.3 1 1
github.com/smplkit/go-sdk/flags_client.go:623.2,624.32 2 13
github.com/smplkit/go-sdk/flags_client.go:624.32,627.26 3 9
github.com/smplkit/go-sdk/flags_client.go:627.26,629.36 2 9
github.com/smplkit/go-sdk/flags_client.go:629.36,631.5 1 6
github.com/smplkit/go-sdk/flags_client.go:632.4,632.14 1 9
github.com/smplkit/go-sdk/flags_client.go:635.3,644.27 2 9
github.com/smplkit/go-sdk/flags_client.go:646.2,646.19 1 13
github.com/smplkit/go-sdk/flags_client.go:650.85,652.2 1 3
github.com/smplkit/go-sdk/flags_client.go:655.85,657.2 1 1
github.com/smplkit/go-sdk/flags_client.go:660.86,662.2 1 1
github.com/smplkit/go-sdk/flags_client.go:665.97,667.2 1 1
github.com/smplkit/go-sdk/flags_client.go:670.82,672.2 1 1
github.com/smplkit/go-sdk/flags_client.go:675.55,677.2 1 4
github.com/smplkit/go-sdk/flags_client.go:680.58,682.2 1 2
github.com/smplkit/go-sdk/flags_client.go:685.49,687.2 1 1
github.com/smplkit/go-sdk/flags_client.go:690.41,692.2 1 1
github.com/smplkit/go-sdk/flags_client.go:695.59,697.2 1 2
github.com/smplkit/go-sdk/flags_client.go:701.74,703.2 1 1
github.com/smplkit/go-sdk/flags_client.go:706.74,708.2 1 2
github.com/smplkit/go-sdk/flags_client.go:711.58,713.2 1 1
github.com/smplkit/go-sdk/flags_client.go:716.117,718.2 1 5
github.com/smplkit/go-sdk/flags_client.go:721.90,722.21 1 11
github.com/smplkit/go-sdk/flags_client.go:722.21,724.3 1 7
github.com/smplkit/go-sdk/flags_client.go:725.2,726.30 2 4
github.com/smplkit/go-sdk/flags_client.go:726.30,730.68 4 104
github.com/smplkit/go-sdk/flags_client.go:730.68,732.4 1 102
github.com/smplkit/go-sdk/flags_client.go:733.3,733.30 1 104
github.com/smplkit/go-sdk/flags_client.go:735.2,737.31 3 4
github.com/smplkit/go-sdk/flags_client.go:737.31,739.3 1 3
github.com/smplkit/go-sdk/flags_models.go:46.43,47.23 1 10
github.com/smplkit/go-sdk/flags_models.go:47.23,47.40 1 10
github.com/smplkit/go-sdk/flags_models.go:51.50,52.23 1 2
github.com/smplkit/go-sdk/flags_models.go:52.23,52.48 1 2
github.com/smplkit/go-sdk/flags_models.go:56.52,57.23 1 3
github.com/smplkit/go-sdk/flags_models.go:57.23,57.45 1 3
github.com/smplkit/go-sdk/flags_models.go:62.48,63.16 1 10
github.com/smplkit/go-sdk/flags_models.go:63.16,65.3 1 7
github.com/smplkit/go-sdk/flags_models.go:66.2,66.36 1 3
github.com/smplkit/go-sdk/flags_models.go:72.64,74.25 2 8
github.com/smplkit/go-sdk/flags_models.go:74.25,76.3 1 3
github.com/smplkit/go-sdk/flags_models.go:78.2,80.9 3 5
github.com/smplkit/go-sdk/flags_models.go:80.9,82.3 1 3
github.com/smplkit/go-sdk/flags_models.go:82.8,84.3 1 2
github.com/smplkit/go-sdk/flags_models.go:86.2,88.30 3 5
github.com/smplkit/go-sdk/flags_models.go:88.30,89.25 1 20
github.com/smplkit/go-sdk/flags_models.go:89.25,91.4 1 15
github.com/smplkit/go-sdk/flags_models.go:93.2,97.12 5 5
github.com/smplkit/go-sdk/flags_models.go:102.67,105.9 3 3
github.com/smplkit/go-sdk/flags_models.go:105.9,107.3 1 2
github.com/smplkit/go-sdk/flags_models.go:107.8,109.3 1 1
github.com/smplkit/go-sdk/flags_models.go:110.2,112.23 3 3
github.com/smplkit/go-sdk/flags_models.go:117.77,120.9 3 3
github.com/smplkit/go-sdk/flags_models.go:120.9,122.3 1 2
github.com/smplkit/go-sdk/flags_models.go:122.8,124.3 1 1
github.com/smplkit/go-sdk/flags_models.go:125.2,127.23 3 3
github.com/smplkit/go-sdk/flags_models.go:132.42,134.62 2 2
github.com/smplkit/go-sdk/flags_models.go:134.62,139.3 4 1
github.com/smplkit/go-sdk/flags_models.go:142.35,153.2 10 7
github.com/smplkit/go-sdk/flags_models.go:167.66,168.14 1 15
github.com/smplkit/go-sdk/flags_models.go:168.14,170.3 1 1
github.com/smplkit/go-sdk/flags_models.go:171.2,172.22 2 14
github.com/smplkit/go-sdk/flags_models.go:172.22,174.3 1 6
github.com/smplkit/go-sdk/flags_models.go:175.2,175.15 1 14
github.com/smplkit/go-sdk/flags_models.go:178.63,180.22 2 10114
github.com/smplkit/go-sdk/flags_models.go:180.22,182.3 1 14
github.com/smplkit/go-sdk/flags_models.go:183.2,183.15 1 10114
github.com/smplkit/go-sdk/flags_runtime.go:45.55,46.18 1 356
github.com/smplkit/go-sdk/flags_runtime.go:46.18,48.3 1 2
github.com/smplkit/go-sdk/flags_runtime.go:49.2,53.3 1 356
github.com/smplkit/go-sdk/flags_runtime.go:56.63,59.34 3 49
github.com/smplkit/go-sdk/flags_runtime.go:59.34,63.3 3 8
github.com/smplkit/go-sdk/flags_runtime.go:64.2,65.19 2 41
github.com/smplkit/go-sdk/flags_runtime.go:68.62,71.34 3 49
github.com/smplkit/go-sdk/flags_runtime.go:71.34,75.3 3 1
github.com/smplkit/go-sdk/flags_runtime.go:76.2,79.31 4 48
github.com/smplkit/go-sdk/flags_runtime.go:79.31,81.20 2 2
github.com/smplkit/go-sdk/flags_runtime.go:81.20,84.4 2 2
github.com/smplkit/go-sdk/flags_runtime.go:88.35,93.2 4 12
github.com/smplkit/go-sdk/flags_runtime.go:95.54,99.2 3 4
github.com/smplkit/go-sdk/flags_runtime.go:112.64,116.2 1 350
github.com/smplkit/go-sdk/flags_runtime.go:118.65,121.31 3 10107
github.com/smplkit/go-sdk/flags_runtime.go:121.31,123.36 2 10110
github.com/smplkit/go-sdk/flags_runtime.go:123.36,124.12 1 2
github.com/smplkit/go-sdk/flags_runtime.go:126.3,126.48 1 10108
github.com/smplkit/go-sdk/flags_runtime.go:126.48,130.4 1 1
github.com/smplkit/go-sdk/flags_runtime.go:131.3,137.38 3 10108
github.com/smplkit/go-sdk/flags_runtime.go:141.70,147.2 5 8
github.com/smplkit/go-sdk/flags_runtime.go:149.56,153.2 3 7
github.com/smplkit/go-sdk/flags_runtime.go:156.87,162.2 5 12
github.com/smplkit/go-sdk/flags_runtime.go:165.87,171.2 5 5
github.com/smplkit/go-sdk/flags_runtime.go:174.88,180.2 5 9
github.com/smplkit/go-sdk/flags_runtime.go:183.99,189.2 5 5
github.com/smplkit/go-sdk/flags_runtime.go:201.58,205.2 3 5
github.com/smplkit/go-sdk/flags_runtime.go:213.80,215.31 2 8
github.com/smplkit/go-sdk/flags_runtime.go:215.31,217.3 1 6
github.com/smplkit/go-sdk/flags_runtime.go:218.2,218.28 1 2
github.com/smplkit/go-sdk/flags_runtime.go:227.81,229.33 2 5
github.com/smplkit/go-sdk/flags_runtime.go:229.33,231.3 1 3
github.com/smplkit/go-sdk/flags_runtime.go:232.2,232.30 1 2
github.com/smplkit/go-sdk/flags_runtime.go:241.82,243.27 2 9
github.com/smplkit/go-sdk/flags_runtime.go:244.15,245.11 1 5
github.com/smplkit/go-sdk/flags_runtime.go:246.11,247.20 1 1
github.com/smplkit/go-sdk/flags_runtime.go:248.13,249.20 1 1
github.com/smplkit/go-sdk/flags_runtime.go:251.2,251.31 1 2
github.com/smplkit/go-sdk/flags_runtime.go:260.95,262.49 2 5
github.com/smplkit/go-sdk/flags_runtime.go:262.49,264.3 1 3
github.com/smplkit/go-sdk/flags_runtime.go:265.2,265.46 1 2
github.com/smplkit/go-sdk/flags_runtime.go:296.53,305.2 1 347
github.com/smplkit/go-sdk/flags_runtime.go:308.84,312.2 3 3
github.com/smplkit/go-sdk/flags_runtime.go:315.63,316.24 1 43
github.com/smplkit/go-sdk/flags_runtime.go:316.24,317.60 1 6
github.com/smplkit/go-sdk/flags_runtime.go:317.60,320.4 2 1
github.com/smplkit/go-sdk/flags_runtime.go:322.3,330.17 6 5
github.com/smplkit/go-sdk/flags_runtime.go:330.17,333.4 2 2
github.com/smplkit/go-sdk/flags_runtime.go:335.3,345.46 8 3
github.com/smplkit/go-sdk/flags_runtime.go:347.2,347.19 1 43
github.com/smplkit/go-sdk/flags_runtime.go:351.57,352.25 1 4
github.com/smplkit/go-sdk/flags_runtime.go:352.25,356.3 3 3
github.com/smplkit/go-sdk/flags_runtime.go:358.2,370.18 9 4
github.com/smplkit/go-sdk/flags_runtime.go:375.60,377.16 2 2
github.com/smplkit/go-sdk/flags_runtime.go:377.16,379.3 1 1
github.com/smplkit/go-sdk/flags_runtime.go:381.2,387.12 6 1
github.com/smplkit/go-sdk/flags_runtime.go:391.51,392.25 1 3
github.com/smplkit/go-sdk/flags_runtime.go:392.25,394.3 1 1
github.com/smplkit/go-sdk/flags_runtime.go:395.2,395.23 1 2
github.com/smplkit/go-sdk/flags_runtime.go:399.43,402.2 2 2
github.com/smplkit/go-sdk/flags_runtime.go:405.61,409.2 3 10
github.com/smplkit/go-sdk/flags_runtime.go:413.76,417.2 3 5
github.com/smplkit/go-sdk/flags_runtime.go:420.76,422.2 1 2
github.com/smplkit/go-sdk/flags_runtime.go:425.60,428.2 2 1
github.com/smplkit/go-sdk/flags_runtime.go:431.119,435.98 2 10
github.com/smplkit/go-sdk/flags_runtime.go:435.98,436.42 1 2
github.com/smplkit/go-sdk/flags_runtime.go:436.42,438.4 1 1
github.com/smplkit/go-sdk/flags_runtime.go:441.2,445.8 4 10
github.com/smplkit/go-sdk/flags_runtime.go:445.8,447.3 1 4
github.com/smplkit/go-sdk/flags_runtime.go:450.2,451.16 2 6
github.com/smplkit/go-sdk/flags_runtime.go:451.16,453.3 1 2
github.com/smplkit/go-sdk/flags_runtime.go:454.2,454.26 1 4
github.com/smplkit/go-sdk/flags_runtime.go:454.26,455.48 1 2
github.com/smplkit/go-sdk/flags_runtime.go:455.48,457.4 1 2
github.com/smplkit/go-sdk/flags_runtime.go:459.2,459.12 1 2
github.com/smplkit/go-sdk/flags_runtime.go:462.137,463.43 1 39
github.com/smplkit/go-sdk/flags_runtime.go:463.43,466.3 2 2
github.com/smplkit/go-sdk/flags_runtime.go:468.2,473.31 5 37
github.com/smplkit/go-sdk/flags_runtime.go:473.31,475.3 1 2
github.com/smplkit/go-sdk/flags_runtime.go:475.8,480.22 4 35
github.com/smplkit/go-sdk/flags_runtime.go:480.22,484.64 4 2
github.com/smplkit/go-sdk/flags_runtime.go:484.64,486.5 1 1
github.com/smplkit/go-sdk/flags_runtime.go:487.9,489.4 1 33
github.com/smplkit/go-sdk/flags_runtime.go:493.2,493.98 1 37
github.com/smplkit/go-sdk/flags_runtime.go:493.98,494.42 1 6
github.com/smplkit/go-sdk/flags_runtime.go:494.42,496.4 1 5
github.com/smplkit/go-sdk/flags_runtime.go:499.2,503.59 4 37
github.com/smplkit/go-sdk/flags_runtime.go:503.59,505.3 1 11
github.com/smplkit/go-sdk/flags_runtime.go:507.2,507.48 1 37
github.com/smplkit/go-sdk/flags_runtime.go:507.48,508.21 1 2
github.com/smplkit/go-sdk/flags_runtime.go:508.21,511.4 2 1
github.com/smplkit/go-sdk/flags_runtime.go:512.3,512.16 1 2
github.com/smplkit/go-sdk/flags_runtime.go:515.2,515.20 1 35
github.com/smplkit/go-sdk/flags_runtime.go:515.20,517.3 1 2
github.com/smplkit/go-sdk/flags_runtime.go:519.2,523.9 4 35
github.com/smplkit/go-sdk/flags_runtime.go:523.9,525.21 2 14
github.com/smplkit/go-sdk/flags_runtime.go:525.21,527.4 1 0
github.com/smplkit/go-sdk/flags_runtime.go:528.3,528.20 1 14
github.com/smplkit/go-sdk/flags_runtime.go:531.2,532.18 2 21
github.com/smplkit/go-sdk/flags_runtime.go:532.18,534.3 1 1
github.com/smplkit/go-sdk/flags_runtime.go:536.2,537.20 2 21
github.com/smplkit/go-sdk/flags_runtime.go:537.20,539.3 1 2
github.com/smplkit/go-sdk/flags_runtime.go:540.2,540.14 1 21
github.com/smplkit/go-sdk/flags_runtime.go:545.116,549.46 3 41
github.com/smplkit/go-sdk/flags_runtime.go:549.46,551.3 1 2
github.com/smplkit/go-sdk/flags_runtime.go:553.2,554.9 2 39
github.com/smplkit/go-sdk/flags_runtime.go:554.9,556.3 1 20
github.com/smplkit/go-sdk/flags_runtime.go:557.2,558.9 2 19
github.com/smplkit/go-sdk/flags_runtime.go:558.9,560.3 1 1
github.com/smplkit/go-sdk/flags_runtime.go:562.2,564.21 3 18
github.com/smplkit/go-sdk/flags_runtime.go:564.21,566.3 1 11
github.com/smplkit/go-sdk/flags_runtime.go:568.2,569.14 2 18
github.com/smplkit/go-sdk/flags_runtime.go:569.14,571.3 1 2
github.com/smplkit/go-sdk/flags_runtime.go:573.2,574.32 2 16
github.com/smplkit/go-sdk/flags_runtime.go:574.32,576.10 2 14
github.com/smplkit/go-sdk/flags_runtime.go:576.10,577.12 1 1
github.com/smplkit/go-sdk/flags_runtime.go:579.3,580.29 2 13
github.com/smplkit/go-sdk/flags_runtime.go:580.29,581.12 1 2
github.com/smplkit/go-sdk/flags_runtime.go:584.3,585.17 2 11
github.com/smplkit/go-sdk/flags_runtime.go:585.17,587.12 2 1
github.com/smplkit/go-sdk/flags_runtime.go:590.3,590.23 1 10
github.com/smplkit/go-sdk/flags_runtime.go:590.23,592.4 1 9
github.com/smplkit/go-sdk/flags_runtime.go:595.2,595.17 1 7
github.com/smplkit/go-sdk/flags_runtime.go:599.101,601.2 1 11
github.com/smplkit/go-sdk/flags_runtime.go:604.35,605.14 1 20
github.com/smplkit/go-sdk/flags_runtime.go:605.14,607.3 1 1
github.com/smplkit/go-sdk/flags_runtime.go:608.2,608.25 1 19
github.com/smplkit/go-sdk/flags_runtime.go:609.12,610.13 1 12
github.com/smplkit/go-sdk/flags_runtime.go:611.15,612.18 1 2
github.com/smplkit/go-sdk/flags_runtime.go:613.11,614.18 1 2
github.com/smplkit/go-sdk/flags_runtime.go:615.14,616.19 1 2
github.com/smplkit/go-sdk/flags_runtime.go:618.2,618.13 1 1
github.com/smplkit/go-sdk/flags_runtime.go:621.72,624.16 3 5
github.com/smplkit/go-sdk/flags_runtime.go:624.16,626.3 1 2
github.com/smplkit/go-sdk/flags_runtime.go:628.2,633.46 5 3
github.com/smplkit/go-sdk/flags_runtime.go:636.72,638.2 1 1
github.com/smplkit/go-sdk/flags_runtime.go:640.76,641.19 1 19
github.com/smplkit/go-sdk/flags_runtime.go:641.19,643.3 1 2
github.com/smplkit/go-sdk/flags_runtime.go:644.2,653.29 8 17
github.com/smplkit/go-sdk/flags_runtime.go:653.29,654.10 1 8
github.com/smplkit/go-sdk/flags_runtime.go:654.10,655.17 1 8
github.com/smplkit/go-sdk/flags_runtime.go:655.17,656.33 1 8
github.com/smplkit/go-sdk/flags_runtime.go:656.33,658.6 1 1
github.com/smplkit/go-sdk/flags_runtime.go:660.4,660.13 1 8
github.com/smplkit/go-sdk/flags_runtime.go:664.2,664.34 1 17
github.com/smplkit/go-sdk/flags_runtime.go:664.34,665.10 1 5
github.com/smplkit/go-sdk/flags_runtime.go:665.10,666.17 1 5
github.com/smplkit/go-sdk/flags_runtime.go:666.17,667.33 1 5
github.com/smplkit/go-sdk/flags_runtime.go:667.33,669.6 1 1
github.com/smplkit/go-sdk/flags_runtime.go:671.4,671.13 1 5
github.com/smplkit/go-sdk/flags_runtime.go:675.2,679.8 4 17
github.com/smplkit/go-sdk/flags_runtime.go:679.8,685.32 5 4
github.com/smplkit/go-sdk/flags_runtime.go:685.32,686.11 1 5
github.com/smplkit/go-sdk/flags_runtime.go:686.11,687.18 1 5
github.com/smplkit/go-sdk/flags_runtime.go:687.18,688.34 1 5
github.com/smplkit/go-sdk/flags_runtime.go:688.34,690.7 1 2
github.com/smplkit/go-sdk/flags_runtime.go:692.5,692.14 1 5
github.com/smplkit/go-sdk/flags_runtime.go:698.63,701.30 3 2
github.com/smplkit/go-sdk/flags_runtime.go:701.30,703.3 1 3
github.com/smplkit/go-sdk/flags_runtime.go:704.2,706.27 2 2
github.com/smplkit/go-sdk/flags_runtime.go:706.27,708.3 1 3
github.com/smplkit/go-sdk/flags_types.go:56.103,62.26 2 6
github.com/smplkit/go-sdk/flags_types.go:62.26,64.3 1 3
github.com/smplkit/go-sdk/flags_types.go:65.2,65.27 1 6
github.com/smplkit/go-sdk/flags_types.go:65.27,67.3 1 6
github.com/smplkit/go-sdk/flags_types.go:68.2,68.10 1 6
github.com/smplkit/go-sdk/flags_types.go:75.42,76.26 1 3
github.com/smplkit/go-sdk/flags_types.go:76.26,78.3 1 3
github.com/smplkit/go-sdk/flags_types.go:82.60,83.26 1 3
github.com/smplkit/go-sdk/flags_types.go:83.26,85.3 1 3
github.com/smplkit/go-sdk/flags_types.go:102.40,104.2 1 22
github.com/smplkit/go-sdk/flags_types.go:107.49,110.2 2 7
github.com/smplkit/go-sdk/flags_types.go:114.67,116.22 2 19
github.com/smplkit/go-sdk/flags_types.go:116.22,121.3 1 2
github.com/smplkit/go-sdk/flags_types.go:121.8,125.3 1 17
github.com/smplkit/go-sdk/flags_types.go:126.2,127.10 2 19
github.com/smplkit/go-sdk/flags_types.go:131.47,134.2 2 22
github.com/smplkit/go-sdk/flags_types.go:137.47,139.27 2 22
github.com/smplkit/go-sdk/flags_types.go:140.9,141.35 1 5
github.com/smplkit/go-sdk/flags_types.go:142.9,143.26 1 15
github.com/smplkit/go-sdk/flags_types.go:144.10,146.34 2 2
github.com/smplkit/go-sdk/flags_types.go:146.34,148.4 1 4
github.com/smplkit/go-sdk/flags_types.go:149.3,149.47 1 2
github.com/smplkit/go-sdk/flags_types.go:152.2,158.25 2 22
github.com/smplkit/go-sdk/flags_types.go:158.25,160.3 1 7
github.com/smplkit/go-sdk/flags_types.go:162.2,162.15 1 22
github.com/smplkit/go-sdk/flags_types.go:166.68,168.31 2 15
github.com/smplkit/go-sdk/flags_types.go:168.31,171.36 3 8
github.com/smplkit/go-sdk/flags_types.go:171.36,173.4 1 5
github.com/smplkit/go-sdk/flags_types.go:174.3,174.27 1 8
github.com/smplkit/go-sdk/flags_types.go:176.2,176.15 1 15
github.com/smplkit/go-sdk/flags_types.go:180.58,184.2 2 41
github.com/smplkit/go-sdk/flags_types.go:188.51,189.25 1 77
github.com/smplkit/go-sdk/flags_types.go:190.30,192.22 2 57
github.com/smplkit/go-sdk/flags_types.go:192.22,194.4 1 34
github.com/smplkit/go-sdk/flags_types.go:195.3,197.26 3 57
github.com/smplkit/go-sdk/flags_types.go:197.26,201.4 3 34
github.com/smplkit/go-sdk/flags_types.go:202.3,202.55 1 57
github.com/smplkit/go-sdk/flags_types.go:203.10,204.25 1 20
github.com/smplkit/go-sdk/flags_types.go:208.41,209.21 1 60
github.com/smplkit/go-sdk/flags_types.go:209.21,211.3 1 30
github.com/smplkit/go-sdk/flags_types.go:212.2,213.30 2 30
github.com/smplkit/go-sdk/flags_types.go:213.30,215.3 1 8
github.com/smplkit/go-sdk/flags_types.go:216.2,216.15 1 30
github.com/smplkit/go-sdk/helpers.go:11.42,16.26 3 66
github.com/smplkit/go-sdk/helpers.go:16.26,17.17 1 100
github.com/smplkit/go-sdk/helpers.go:17.17,21.4 3 100
github.com/smplkit/go-sdk/helpers.go:23.2,23.33 1 66
github.com/smplkit/go-sdk/logging_client.go:46.81,55.2 1 211
github.com/smplkit/go-sdk/logging_client.go:58.33,59.37 1 8
github.com/smplkit/go-sdk/logging_client.go:59.37,61.3 1 1
github.com/smplkit/go-sdk/logging_client.go:62.2,62.24 1 8
github.com/smplkit/go-sdk/logging_client.go:62.24,65.3 2 3
github.com/smplkit/go-sdk/logging_client.go:70.71,78.27 2 15
github.com/smplkit/go-sdk/logging_client.go:78.27,80.3 1 3
github.com/smplkit/go-sdk/logging_client.go:81.2,81.10 1 15
github.com/smplkit/go-sdk/logging_client.go:85.80,92.27 2 15
github.com/smplkit/go-sdk/logging_client.go:92.27,94.3 1 3
github.com/smplkit/go-sdk/logging_client.go:95.2,95.10 1 15
github.com/smplkit/go-sdk/logging_client.go:99.79,102.16 3 21
github.com/smplkit/go-sdk/logging_client.go:102.16,104.3 1 2
github.com/smplkit/go-sdk/logging_client.go:105.2,108.16 3 19
github.com/smplkit/go-sdk/logging_client.go:108.16,112.3 1 1
github.com/smplkit/go-sdk/logging_client.go:113.2,113.59 1 18
github.com/smplkit/go-sdk/logging_client.go:113.59,115.3 1 1
github.com/smplkit/go-sdk/logging_client.go:117.2,118.54 2 17
github.com/smplkit/go-sdk/logging_client.go:118.54,120.3 1 1
github.com/smplkit/go-sdk/logging_client.go:122.2,122.27 1 16
github.com/smplkit/go-sdk/logging_client.go:122.27,129.3 1 2
github.com/smplkit/go-sdk/logging_client.go:130.2,130.49 1 14
github.com/smplkit/go-sdk/logging_client.go:134.70,136.16 2 24
github.com/smplkit/go-sdk/logging_client.go:136.16,138.3 1 1
github.com/smplkit/go-sdk/logging_client.go:139.2,142.16 3 23
github.com/smplkit/go-sdk/logging_client.go:142.16,146.3 1 1
github.com/smplkit/go-sdk/logging_client.go:147.2,147.59 1 22
github.com/smplkit/go-sdk/logging_client.go:147.59,149.3 1 4
github.com/smplkit/go-sdk/logging_client.go:151.2,152.54 2 18
github.com/smplkit/go-sdk/logging_client.go:152.54,154.3 1 1
github.com/smplkit/go-sdk/logging_client.go:156.2,157.29 2 17
github.com/smplkit/go-sdk/logging_client.go:157.29,159.3 1 8
github.com/smplkit/go-sdk/logging_client.go:160.2,160.21 1 17
github.com/smplkit/go-sdk/logging_client.go:164.71,166.16 2 5
github.com/smplkit/go-sdk/logging_client.go:166.16,168.3 1 2
github.com/smplkit/go-sdk/logging_client.go:169.2,169.43 1 3
github.com/smplkit/go-sdk/logging_client.go:173.86,177.16 2 13
github.com/smplkit/go-sdk/logging_client.go:177.16,179.3 1 1
github.com/smplkit/go-sdk/logging_client.go:180.2,180.27 1 12
github.com/smplkit/go-sdk/logging_client.go:180.27,181.19 1 10
github.com/smplkit/go-sdk/logging_client.go:181.19,183.4 1 10
github.com/smplkit/go-sdk/logging_client.go:185.2,190.3 1 2
github.com/smplkit/go-sdk/logging_client.go:194.78,196.16 2 31
github.com/smplkit/go-sdk/logging_client.go:196.16,198.3 1 1
github.com/smplkit/go-sdk/logging_client.go:199.2,202.16 3 30
github.com/smplkit/go-sdk/logging_client.go:202.16,206.3 1 1
github.com/smplkit/go-sdk/logging_client.go:207.2,207.59 1 29
github.com/smplkit/go-sdk/logging_client.go:207.59,209.3 1 2
github.com/smplkit/go-sdk/logging_client.go:211.2,212.54 2 27
github.com/smplkit/go-sdk/logging_client.go:212.54,214.3 1 1
github.com/smplkit/go-sdk/logging_client.go:216.2,217.29 2 26
github.com/smplkit/go-sdk/logging_client.go:217.29,219.3 1 14
github.com/smplkit/go-sdk/logging_client.go:220.2,220.20 1 26
github.com/smplkit/go-sdk/logging_client.go:224.76,226.16 2 4
github.com/smplkit/go-sdk/logging_client.go:226.16,228.3 1 1
github.com/smplkit/go-sdk/logging_client.go:229.2,229.41 1 3
github.com/smplkit/go-sdk/logging_client.go:234.74,235.15 1 9
github.com/smplkit/go-sdk/logging_client.go:235.15,236.59 1 1
github.com/smplkit/go-sdk/logging_client.go:238.2,238.42 1 8
github.com/smplkit/go-sdk/logging_client.go:243.58,245.24 2 12
github.com/smplkit/go-sdk/logging_client.go:245.24,247.27 1 11
github.com/smplkit/go-sdk/logging_client.go:247.27,249.4 1 5
github.com/smplkit/go-sdk/logging_client.go:252.3,252.38 1 11
github.com/smplkit/go-sdk/logging_client.go:252.38,254.34 2 7
github.com/smplkit/go-sdk/logging_client.go:254.34,256.25 2 6
github.com/smplkit/go-sdk/logging_client.go:256.25,257.14 1 1
github.com/smplkit/go-sdk/logging_client.go:259.5,259.57 1 5
github.com/smplkit/go-sdk/logging_client.go:264.3,264.38 1 11
github.com/smplkit/go-sdk/logging_client.go:264.38,266.4 1 7
github.com/smplkit/go-sdk/logging_client.go:269.3,272.46 2 11
github.com/smplkit/go-sdk/logging_client.go:272.46,275.4 2 1
github.com/smplkit/go-sdk/logging_client.go:278.3,289.19 7 10
github.com/smplkit/go-sdk/logging_client.go:291.2,291.17 1 12
github.com/smplkit/go-sdk/logging_client.go:296.69,299.2 2 2
github.com/smplkit/go-sdk/logging_client.go:302.63,306.2 3 3
github.com/smplkit/go-sdk/logging_client.go:309.78,313.2 3 1
github.com/smplkit/go-sdk/logging_client.go:316.39,317.26 1 11
github.com/smplkit/go-sdk/logging_client.go:317.26,319.3 1 5
github.com/smplkit/go-sdk/logging_client.go:322.2,327.37 3 6
github.com/smplkit/go-sdk/logging_client.go:327.37,328.41 1 7
github.com/smplkit/go-sdk/logging_client.go:328.41,329.21 1 6
github.com/smplkit/go-sdk/logging_client.go:329.21,331.5 1 5
github.com/smplkit/go-sdk/logging_client.go:335.2,335.28 1 6
github.com/smplkit/go-sdk/logging_client.go:335.28,339.50 4 5
github.com/smplkit/go-sdk/logging_client.go:339.50,341.4 1 5
github.com/smplkit/go-sdk/logging_client.go:346.64,348.22 2 2
github.com/smplkit/go-sdk/logging_client.go:348.22,350.3 1 1
github.com/smplkit/go-sdk/logging_client.go:351.2,354.15 2 1
github.com/smplkit/go-sdk/logging_client.go:354.15,356.38 2 1
github.com/smplkit/go-sdk/logging_client.go:356.38,358.4 1 1
github.com/smplkit/go-sdk/logging_client.go:359.3,359.50 1 1
github.com/smplkit/go-sdk/logging_client.go:359.50,361.4 1 1
github.com/smplkit/go-sdk/logging_client.go:365.76,375.16 4 5
github.com/smplkit/go-sdk/logging_client.go:375.16,377.3 1 1
github.com/smplkit/go-sdk/logging_client.go:378.2,381.16 3 4
github.com/smplkit/go-sdk/logging_client.go:381.16,385.3 1 1
github.com/smplkit/go-sdk/logging_client.go:386.2,386.59 1 3
github.com/smplkit/go-sdk/logging_client.go:386.59,388.3 1 1
github.com/smplkit/go-sdk/logging_client.go:390.2,391.54 2 2
github.com/smplkit/go-sdk/logging_client.go:391.54,393.3 1 1
github.com/smplkit/go-sdk/logging_client.go:394.2,395.12 2 1
github.com/smplkit/go-sdk/logging_client.go:398.76,400.16 2 6
github.com/smplkit/go-sdk/logging_client.go:400.16,402.3 1 1
github.com/smplkit/go-sdk/logging_client.go:404.2,414.16 4 5
github.com/smplkit/go-sdk/logging_client.go:414.16,416.3 1 1
github.com/smplkit/go-sdk/logging_client.go:417.2,420.16 3 4
github.com/smplkit/go-sdk/logging_client.go:420.16,424.3 1 1
github.com/smplkit/go-sdk/logging_client.go:425.2,425.59 1 3
github.com/smplkit/go-sdk/logging_client.go:425.59,427.3 1 1
github.com/smplkit/go-sdk/logging_client.go:429.2,430.54 2 2
github.com/smplkit/go-sdk/logging_client.go:430.54,432.3 1 1
github.com/smplkit/go-sdk/logging_client.go:433.2,434.12 2 1
github.com/smplkit/go-sdk/logging_client.go:437.80,439.16 2 7
github.com/smplkit/go-sdk/logging_client.go:439.16,441.3 1 2
github.com/smplkit/go-sdk/logging_client.go:442.2,443.16 2 5
github.com/smplkit/go-sdk/logging_client.go:443.16,445.3 1 1
github.com/smplkit/go-sdk/logging_client.go:446.2,448.16 3 4
github.com/smplkit/go-sdk/logging_client.go:448.16,452.3 1 1
github.com/smplkit/go-sdk/logging_client.go:453.2,453.43 1 3
github.com/smplkit/go-sdk/logging_client.go:456.77,466.16 4 5
github.com/smplkit/go-sdk/logging_client.go:466.16,468.3 1 1
github.com/smplkit/go-sdk/logging_client.go:469.2,472.16 3 4
github.com/smplkit/go-sdk/logging_client.go:472.16,476.3 1 1
github.com/smplkit/go-sdk/logging_client.go:477.2,477.59 1 3
github.com/smplkit/go-sdk/logging_client.go:477.59,479.3 1 1
github.com/smplkit/go-sdk/logging_client.go:481.2,482.54 2 2
github.com/smplkit/go-sdk/logging_client.go:482.54,484.3 1 1
github.com/smplkit/go-sdk/logging_client.go:485.2,486.12 2 1
github.com/smplkit/go-sdk/logging_client.go:489.77,491.16 2 6
github.com/smplkit/go-sdk/logging_client.go:491.16,493.3 1 1
github.com/smplkit/go-sdk/logging_client.go:495.2,505.16 4 5
github.com/smplkit/go-sdk/logging_client.go:505.16,507.3 1 1
github.com/smplkit/go-sdk/logging_client.go:508.2,511.16 3 4
github.com/smplkit/go-sdk/logging_client.go:511.16,515.3 1 1
github.com/smplkit/go-sdk/logging_client.go:516.2,516.59 1 3
github.com/smplkit/go-sdk/logging_client.go:516.59,518.3 1 1
github.com/smplkit/go-sdk/logging_client.go:520.2,521.54 2 2
github.com/smplkit/go-sdk/logging_client.go:521.54,523.3 1 1
github.com/smplkit/go-sdk/logging_client.go:524.2,525.12 2 1
github.com/smplkit/go-sdk/logging_client.go:528.79,530.16 2 7
github.com/smplkit/go-sdk/logging_client.go:530.16,532.3 1 2
github.com/smplkit/go-sdk/logging_client.go:533.2,534.16 2 5
github.com/smplkit/go-sdk/logging_client.go:534.16,536.3 1 1
github.com/smplkit/go-sdk/logging_client.go:537.2,539.16 3 4
github.com/smplkit/go-sdk/logging_client.go:539.16,543.3 1 1
github.com/smplkit/go-sdk/logging_client.go:544.2,544.43 1 3
github.com/smplkit/go-sdk/logging_client.go:547.78,550.17 3 27
github.com/smplkit/go-sdk/logging_client.go:550.17,552.3 1 24
github.com/smplkit/go-sdk/logging_client.go:553.2,554.22 2 27
github.com/smplkit/go-sdk/logging_client.go:554.22,556.3 1 24
github.com/smplkit/go-sdk/logging_client.go:557.2,558.46 2 27
github.com/smplkit/go-sdk/logging_client.go:558.46,561.3 2 17
github.com/smplkit/go-sdk/logging_client.go:562.2,563.26 2 27
github.com/smplkit/go-sdk/logging_client.go:563.26,565.3 1 25
github.com/smplkit/go-sdk/logging_client.go:566.2,567.26 2 27
github.com/smplkit/go-sdk/logging_client.go:567.26,569.3 1 13
github.com/smplkit/go-sdk/logging_client.go:570.2,571.31 2 27
github.com/smplkit/go-sdk/logging_client.go:571.31,573.3 1 24
github.com/smplkit/go-sdk/logging_client.go:573.8,575.3 1 3
github.com/smplkit/go-sdk/logging_client.go:577.2,589.3 1 27
github.com/smplkit/go-sdk/logging_client.go:592.84,595.17 3 18
github.com/smplkit/go-sdk/logging_client.go:595.17,597.3 1 16
github.com/smplkit/go-sdk/logging_client.go:598.2,599.22 2 18
github.com/smplkit/go-sdk/logging_client.go:599.22,601.3 1 16
github.com/smplkit/go-sdk/logging_client.go:602.2,603.46 2 18
github.com/smplkit/go-sdk/logging_client.go:603.46,606.3 2 12
github.com/smplkit/go-sdk/logging_client.go:607.2,608.31 2 18
github.com/smplkit/go-sdk/logging_client.go:608.31,610.3 1 16
github.com/smplkit/go-sdk/logging_client.go:610.8,612.3 1 2
github.com/smplkit/go-sdk/logging_client.go:614.2,624.3 1 18
github.com/smplkit/go-sdk/logging_client.go:627.57,630.20 3 14
github.com/smplkit/go-sdk/logging_client.go:630.20,633.3 2 6
github.com/smplkit/go-sdk/logging_client.go:634.2,635.27 2 14
github.com/smplkit/go-sdk/logging_client.go:635.27,637.3 1 11
github.com/smplkit/go-sdk/logging_client.go:638.2,639.22 2 14
github.com/smplkit/go-sdk/logging_client.go:639.22,641.3 1 6
github.com/smplkit/go-sdk/logging_client.go:642.2,650.3 1 14
github.com/smplkit/go-sdk/logging_client.go:653.63,656.20 3 13
github.com/smplkit/go-sdk/logging_client.go:656.20,659.3 2 6
github.com/smplkit/go-sdk/logging_client.go:660.2,661.27 2 13
github.com/smplkit/go-sdk/logging_client.go:661.27,663.3 1 11
github.com/smplkit/go-sdk/logging_client.go:664.2,670.3 1 13
github.com/smplkit/go-sdk/logging_client.go:673.66,675.16 2 17
github.com/smplkit/go-sdk/logging_client.go:675.16,677.3 1 3
github.com/smplkit/go-sdk/logging_client.go:678.2,679.16 2 14
github.com/smplkit/go-sdk/logging_client.go:679.16,681.3 1 1
github.com/smplkit/go-sdk/logging_client.go:683.2,684.28 2 13
github.com/smplkit/go-sdk/logging_client.go:684.28,691.21 2 6
github.com/smplkit/go-sdk/logging_client.go:691.21,693.4 1 4
github.com/smplkit/go-sdk/logging_client.go:694.3,694.21 1 6
github.com/smplkit/go-sdk/logging_client.go:694.21,696.4 1 1
github.com/smplkit/go-sdk/logging_client.go:697.3,697.30 1 6
github.com/smplkit/go-sdk/logging_client.go:700.2,701.27 2 13
github.com/smplkit/go-sdk/logging_client.go:701.27,707.21 2 2
github.com/smplkit/go-sdk/logging_client.go:707.21,709.4 1 1
github.com/smplkit/go-sdk/logging_client.go:710.3,710.21 1 2
github.com/smplkit/go-sdk/logging_client.go:710.21,712.4 1 1
github.com/smplkit/go-sdk/logging_client.go:713.3,713.28 1 2
github.com/smplkit/go-sdk/logging_client.go:716.2,718.12 3 13
github.com/smplkit/go-sdk/logging_client.go:721.58,723.21 2 15
github.com/smplkit/go-sdk/logging_client.go:723.21,725.3 1 8
github.com/smplkit/go-sdk/logging_client.go:726.2,726.67 1 7
github.com/smplkit/go-sdk/logging_client.go:726.67,728.3 1 4
github.com/smplkit/go-sdk/logging_client.go:729.2,730.30 2 7
github.com/smplkit/go-sdk/logging_client.go:730.30,735.26 2 9
github.com/smplkit/go-sdk/logging_client.go:735.26,737.4 1 8
github.com/smplkit/go-sdk/logging_client.go:738.3,738.30 1 9
github.com/smplkit/go-sdk/logging_client.go:740.2,742.31 3 7
github.com/smplkit/go-sdk/logging_client.go:742.31,744.3 1 7
github.com/smplkit/go-sdk/logging_client.go:747.59,750.6 3 12
github.com/smplkit/go-sdk/logging_client.go:750.6,751.10 1 13
github.com/smplkit/go-sdk/logging_client.go:752.15,753.10 1 4
github.com/smplkit/go-sdk/logging_client.go:754.19,755.39 1 1
github.com/smplkit/go-sdk/logging_client.go:760.74,762.62 2 2
github.com/smplkit/go-sdk/logging_client.go:762.62,764.3 1 1
github.com/smplkit/go-sdk/logging_client.go:765.2,766.47 2 1
github.com/smplkit/go-sdk/logging_client.go:769.78,770.21 1 6
github.com/smplkit/go-sdk/logging_client.go:770.21,772.3 1 1
github.com/smplkit/go-sdk/logging_client.go:774.2,775.49 2 5
github.com/smplkit/go-sdk/logging_client.go:775.49,779.3 3 4
github.com/smplkit/go-sdk/logging_client.go:781.2,790.29 8 5
github.com/smplkit/go-sdk/logging_client.go:790.29,791.10 1 5
github.com/smplkit/go-sdk/logging_client.go:791.10,792.17 1 5
github.com/smplkit/go-sdk/logging_client.go:792.17,793.33 1 5
github.com/smplkit/go-sdk/logging_client.go:793.33,795.6 1 1
github.com/smplkit/go-sdk/logging_client.go:797.4,797.13 1 5
github.com/smplkit/go-sdk/logging_client.go:801.2,801.34 1 5
github.com/smplkit/go-sdk/logging_client.go:801.34,802.10 1 3
github.com/smplkit/go-sdk/logging_client.go:802.10,803.17 1 3
github.com/smplkit/go-sdk/logging_client.go:803.17,804.33 1 3
github.com/smplkit/go-sdk/logging_client.go:804.33,806.6 1 1
github.com/smplkit/go-sdk/logging_client.go:808.4,808.13 1 3
github.com/smplkit/go-sdk/logging_client.go:825.62,829.2 1 215
github.com/smplkit/go-sdk/logging_client.go:831.68,834.30 3 15
github.com/smplkit/go-sdk/logging_client.go:834.30,836.3 1 2
github.com/smplkit/go-sdk/logging_client.go:837.2,842.4 2 13
github.com/smplkit/go-sdk/logging_client.go:845.70,851.2 5 18
github.com/smplkit/go-sdk/logging_models.go:51.47,52.25 1 2
github.com/smplkit/go-sdk/logging_models.go:52.25,52.42 1 2
github.com/smplkit/go-sdk/logging_models.go:56.51,57.25 1 1
github.com/smplkit/go-sdk/logging_models.go:57.25,57.48 1 1
github.com/smplkit/go-sdk/logging_models.go:62.50,63.16 1 11
github.com/smplkit/go-sdk/logging_models.go:63.16,65.3 1 5
github.com/smplkit/go-sdk/logging_models.go:66.2,66.38 1 6
github.com/smplkit/go-sdk/logging_models.go:70.43,72.2 1 2
github.com/smplkit/go-sdk/logging_models.go:75.31,77.2 1 1
github.com/smplkit/go-sdk/logging_models.go:81.66,82.27 1 5
github.com/smplkit/go-sdk/logging_models.go:82.27,84.3 1 1
github.com/smplkit/go-sdk/logging_models.go:85.2,86.9 2 5
github.com/smplkit/go-sdk/logging_models.go:86.9,88.3 1 5
github.com/smplkit/go-sdk/logging_models.go:89.2,90.31 2 5
github.com/smplkit/go-sdk/logging_models.go:95.52,96.27 1 4
github.com/smplkit/go-sdk/logging_models.go:96.27,98.3 1 1
github.com/smplkit/go-sdk/logging_models.go:99.2,100.9 2 3
github.com/smplkit/go-sdk/logging_models.go:100.9,102.3 1 1
github.com/smplkit/go-sdk/logging_models.go:103.2,104.23 2 2
github.com/smplkit/go-sdk/logging_models.go:104.23,106.3 1 1
github.com/smplkit/go-sdk/logging_models.go:106.8,108.3 1 1
github.com/smplkit/go-sdk/logging_models.go:113.46,115.2 1 1
github.com/smplkit/go-sdk/logging_models.go:117.39,128.2 10 3
github.com/smplkit/go-sdk/logging_models.go:156.51,157.27 1 2
github.com/smplkit/go-sdk/logging_models.go:157.27,157.44 1 2
github.com/smplkit/go-sdk/logging_models.go:161.56,162.27 1 1
github.com/smplkit/go-sdk/logging_models.go:162.27,162.49 1 1
github.com/smplkit/go-sdk/logging_models.go:167.52,168.16 1 11
github.com/smplkit/go-sdk/logging_models.go:168.16,170.3 1 5
github.com/smplkit/go-sdk/logging_models.go:171.2,171.37 1 6
github.com/smplkit/go-sdk/logging_models.go:175.45,177.2 1 2
github.com/smplkit/go-sdk/logging_models.go:180.33,182.2 1 1
github.com/smplkit/go-sdk/logging_models.go:186.68,187.27 1 5
github.com/smplkit/go-sdk/logging_models.go:187.27,189.3 1 1
github.com/smplkit/go-sdk/logging_models.go:190.2,191.9 2 5
github.com/smplkit/go-sdk/logging_models.go:191.9,193.3 1 5
github.com/smplkit/go-sdk/logging_models.go:194.2,195.31 2 5
github.com/smplkit/go-sdk/logging_models.go:200.54,201.27 1 4
github.com/smplkit/go-sdk/logging_models.go:201.27,203.3 1 1
github.com/smplkit/go-sdk/logging_models.go:204.2,205.9 2 3
github.com/smplkit/go-sdk/logging_models.go:205.9,207.3 1 1
github.com/smplkit/go-sdk/logging_models.go:208.2,209.23 2 2
github.com/smplkit/go-sdk/logging_models.go:209.23,211.3 1 1
github.com/smplkit/go-sdk/logging_models.go:211.8,213.3 1 1
github.com/smplkit/go-sdk/logging_models.go:218.48,220.2 1 1
github.com/smplkit/go-sdk/logging_models.go:222.43,231.2 8 3
github.com/smplkit/go-sdk/logging_normalize.go:7.46,10.2 2 24
github.com/smplkit/go-sdk/logging_resolution.go:13.12,14.95 1 27
github.com/smplkit/go-sdk/logging_resolution.go:14.95,16.3 1 15
github.com/smplkit/go-sdk/logging_resolution.go:19.2,20.38 2 12
github.com/smplkit/go-sdk/logging_resolution.go:20.38,22.95 2 18
github.com/smplkit/go-sdk/logging_resolution.go:22.95,24.4 1 2
github.com/smplkit/go-sdk/logging_resolution.go:27.2,27.21 1 10
github.com/smplkit/go-sdk/logging_resolution.go:37.12,39.9 2 45
github.com/smplkit/go-sdk/logging_resolution.go:39.9,41.3 1 22
github.com/smplkit/go-sdk/logging_resolution.go:44.2,44.23 1 23
github.com/smplkit/go-sdk/logging_resolution.go:44.23,45.70 1 22
github.com/smplkit/go-sdk/logging_resolution.go:45.70,46.69 1 22
github.com/smplkit/go-sdk/logging_resolution.go:46.69,47.66 1 3
github.com/smplkit/go-sdk/logging_resolution.go:47.66,49.6 1 2
github.com/smplkit/go-sdk/logging_resolution.go:55.2,55.62 1 21
github.com/smplkit/go-sdk/logging_resolution.go:55.62,57.3 1 11
github.com/smplkit/go-sdk/logging_resolution.go:60.2,60.66 1 10
github.com/smplkit/go-sdk/logging_resolution.go:60.66,61.99 1 7
github.com/smplkit/go-sdk/logging_resolution.go:61.99,63.4 1 4
github.com/smplkit/go-sdk/logging_resolution.go:66.2,66.11 1 6
github.com/smplkit/go-sdk/logging_resolution.go:75.12,76.22 1 10
github.com/smplkit/go-sdk/logging_resolution.go:76.22,78.3 1 1
github.com/smplkit/go-sdk/logging_resolution.go:79.2,82.9 3 9
github.com/smplkit/go-sdk/logging_resolution.go:82.9,84.3 1 1
github.com/smplkit/go-sdk/logging_resolution.go:87.2,87.23 1 8
github.com/smplkit/go-sdk/logging_resolution.go:87.23,88.69 1 8
github.com/smplkit/go-sdk/logging_resolution.go:88.69,89.69 1 8
github.com/smplkit/go-sdk/logging_resolution.go:89.69,90.66 1 2
github.com/smplkit/go-sdk/logging_resolution.go:90.66,92.6 1 1
github.com/smplkit/go-sdk/logging_resolution.go:98.2,98.61 1 7
github.com/smplkit/go-sdk/logging_resolution.go:98.61,100.3 1 3
github.com/smplkit/go-sdk/logging_resolution.go:103.2,103.67 1 4
github.com/smplkit/go-sdk/logging_resolution.go:103.67,105.3 1 3
github.com/smplkit/go-sdk/logging_resolution.go:107.2,107.11 1 1
github.com/smplkit/go-sdk/metrics.go:46.137,47.24 1 222
github.com/smplkit/go-sdk/metrics.go:47.24,49.3 1 183
github.com/smplkit/go-sdk/metrics.go:50.2,58.3 1 222
github.com/smplkit/go-sdk/metrics.go:62.85,67.31 2 1065
github.com/smplkit/go-sdk/metrics.go:67.31,69.3 1 26
github.com/smplkit/go-sdk/metrics.go:72.2,73.27 2 1065
github.com/smplkit/go-sdk/metrics.go:73.27,75.3 1 2156
github.com/smplkit/go-sdk/metrics.go:76.2,77.52 2 1065
github.com/smplkit/go-sdk/metrics.go:81.62,85.30 4 49
github.com/smplkit/go-sdk/metrics.go:85.30,86.14 1 114
github.com/smplkit/go-sdk/metrics.go:86.14,87.12 1 0
github.com/smplkit/go-sdk/metrics.go:89.3,90.15 2 114
github.com/smplkit/go-sdk/metrics.go:90.15,92.4 1 114
github.com/smplkit/go-sdk/metrics.go:94.2,94.19 1 49
github.com/smplkit/go-sdk/metrics.go:98.101,99.16 1 1051
github.com/smplkit/go-sdk/metrics.go:99.16,101.3 1 0
github.com/smplkit/go-sdk/metrics.go:102.2,106.9 5 1051
github.com/smplkit/go-sdk/metrics.go:106.9,109.3 2 45
github.com/smplkit/go-sdk/metrics.go:110.2,111.32 2 1051
github.com/smplkit/go-sdk/metrics.go:111.32,113.3 1 1
github.com/smplkit/go-sdk/metrics.go:114.2,114.22 1 1051
github.com/smplkit/go-sdk/metrics.go:118.106,123.9 5 11
github.com/smplkit/go-sdk/metrics.go:123.9,126.3 2 8
github.com/smplkit/go-sdk/metrics.go:127.2,128.32 2 11
github.com/smplkit/go-sdk/metrics.go:128.32,130.3 1 1
github.com/smplkit/go-sdk/metrics.go:131.2,131.22 1 11
github.com/smplkit/go-sdk/metrics.go:135.35,137.2 1 1
github.com/smplkit/go-sdk/metrics.go:140.35,142.14 2 44
github.com/smplkit/go-sdk/metrics.go:142.14,145.3 2 1
github.com/smplkit/go-sdk/metrics.go:146.2,147.21 2 43
github.com/smplkit/go-sdk/metrics.go:147.21,151.3 3 32
github.com/smplkit/go-sdk/metrics.go:152.2,153.11 2 43
github.com/smplkit/go-sdk/metrics.go:158.46,159.34 1 1062
github.com/smplkit/go-sdk/metrics.go:159.34,163.3 3 39
github.com/smplkit/go-sdk/metrics.go:166.77,167.6 1 39
github.com/smplkit/go-sdk/metrics.go:167.6,168.10 1 41
github.com/smplkit/go-sdk/metrics.go:169.15,170.10 1 32
github.com/smplkit/go-sdk/metrics.go:171.19,172.13 1 2
github.com/smplkit/go-sdk/metrics.go:177.35,185.44 7 56
github.com/smplkit/go-sdk/metrics.go:185.44,187.3 1 24
github.com/smplkit/go-sdk/metrics.go:189.2,191.9 2 32
github.com/smplkit/go-sdk/metrics.go:191.9,192.16 1 32
github.com/smplkit/go-sdk/metrics.go:192.16,193.36 1 32
github.com/smplkit/go-sdk/metrics.go:193.36,195.5 1 0
github.com/smplkit/go-sdk/metrics.go:198.3,199.17 2 32
github.com/smplkit/go-sdk/metrics.go:199.17,202.4 2 0
github.com/smplkit/go-sdk/metrics.go:204.3,206.17 3 32
github.com/smplkit/go-sdk/metrics.go:206.17,209.4 2 0
github.com/smplkit/go-sdk/metrics.go:210.3,214.17 4 32
github.com/smplkit/go-sdk/metrics.go:214.17,217.4 2 0
github.com/smplkit/go-sdk/metrics.go:218.3,218.20 1 32
github.com/smplkit/go-sdk/metrics.go:222.101,224.31 2 32
github.com/smplkit/go-sdk/metrics.go:224.31,226.3 1 32
github.com/smplkit/go-sdk/metrics.go:227.2,227.29 1 32
github.com/smplkit/go-sdk/metrics.go:227.29,229.3 1 8
github.com/smplkit/go-sdk/metrics.go:230.2,230.45 1 32
github.com/smplkit/go-sdk/metrics.go:233.80,242.18 3 40
github.com/smplkit/go-sdk/metrics.go:242.18,244.3 1 21
github.com/smplkit/go-sdk/metrics.go:244.8,246.3 1 19
github.com/smplkit/go-sdk/metrics.go:247.2,250.3 1 40
github.com/smplkit/go-sdk/option.go:17.35,22.2 1 739
github.com/smplkit/go-sdk/option.go:28.43,29.31 1 118
github.com/smplkit/go-sdk/option.go:29.31,31.3 1 118
github.com/smplkit/go-sdk/option.go:35.48,36.31 1 2
github.com/smplkit/go-sdk/option.go:36.31,38.3 1 2
github.com/smplkit/go-sdk/option.go:43.50,44.33 1 25
github.com/smplkit/go-sdk/option.go:44.33,46.3 1 25
github.com/smplkit/go-sdk/option.go:51.38,52.33 1 2
github.com/smplkit/go-sdk/option.go:52.33,54.3 1 2
github.com/smplkit/go-sdk/resolve.go:13.73,14.20 1 189
github.com/smplkit/go-sdk/resolve.go:14.20,16.3 1 173
github.com/smplkit/go-sdk/resolve.go:18.2,18.58 1 16
github.com/smplkit/go-sdk/resolve.go:18.58,20.3 1 4
github.com/smplkit/go-sdk/resolve.go:22.2,23.16 2 12
github.com/smplkit/go-sdk/resolve.go:23.16,26.17 3 12
github.com/smplkit/go-sdk/resolve.go:26.17,27.80 1 10
github.com/smplkit/go-sdk/resolve.go:27.80,29.5 1 6
github.com/smplkit/go-sdk/resolve.go:33.2,40.3 1 6
github.com/smplkit/go-sdk/resolve.go:45.71,47.78 1 10
github.com/smplkit/go-sdk/resolve.go:47.78,49.3 1 2
github.com/smplkit/go-sdk/resolve.go:50.2,50.55 1 8
github.com/smplkit/go-sdk/resolve.go:54.70,56.52 2 18
github.com/smplkit/go-sdk/resolve.go:56.52,58.55 2 48
github.com/smplkit/go-sdk/resolve.go:58.55,59.12 1 14
github.com/smplkit/go-sdk/resolve.go:61.3,61.38 1 34
github.com/smplkit/go-sdk/resolve.go:61.38,63.12 2 16
github.com/smplkit/go-sdk/resolve.go:65.3,65.57 1 18
github.com/smplkit/go-sdk/resolve.go:65.57,66.57 1 6
github.com/smplkit/go-sdk/resolve.go:66.57,68.20 2 6
github.com/smplkit/go-sdk/resolve.go:68.20,70.6 1 6
github.com/smplkit/go-sdk/resolve.go:74.2,74.11 1 12
github.com/smplkit/go-sdk/transport.go:15.62,19.85 2 60
github.com/smplkit/go-sdk/transport.go:19.85,21.3 1 9
github.com/smplkit/go-sdk/transport.go:23.2,25.15 3 51
github.com/smplkit/go-sdk/transport.go:25.15,27.3 1 6
github.com/smplkit/go-sdk/transport.go:28.2,28.15 1 51
github.com/smplkit/go-sdk/transport.go:28.15,30.3 1 2
github.com/smplkit/go-sdk/transport.go:31.2,31.15 1 51
github.com/smplkit/go-sdk/transport.go:31.15,33.3 1 1
github.com/smplkit/go-sdk/transport.go:34.2,34.30 1 51
github.com/smplkit/go-sdk/transport.go:34.30,36.33 2 2
github.com/smplkit/go-sdk/transport.go:36.33,38.4 1 1
github.com/smplkit/go-sdk/transport.go:39.3,39.13 1 2
github.com/smplkit/go-sdk/transport.go:41.2,41.29 1 51
github.com/smplkit/go-sdk/transport.go:45.47,46.16 1 237
github.com/smplkit/go-sdk/transport.go:46.16,48.3 1 177
github.com/smplkit/go-sdk/transport.go:50.2,52.15 3 60
github.com/smplkit/go-sdk/transport.go:52.15,54.3 1 9
github.com/smplkit/go-sdk/transport.go:56.2,63.14 2 60
github.com/smplkit/go-sdk/transport.go:64.61,65.47 1 11
github.com/smplkit/go-sdk/transport.go:66.27,67.45 1 5
github.com/smplkit/go-sdk/transport.go:68.27,69.45 1 2
github.com/smplkit/go-sdk/transport.go:70.10,71.15 1 42
github.com/smplkit/go-sdk/transport.go:76.37,77.46 1 40
github.com/smplkit/go-sdk/transport.go:77.46,81.3 1 1
github.com/smplkit/go-sdk/transport.go:82.2,82.38 1 39
github.com/smplkit/go-sdk/transport.go:82.38,86.3 1 1
github.com/smplkit/go-sdk/transport.go:89.2,90.49 2 38
github.com/smplkit/go-sdk/transport.go:90.49,94.3 1 1
github.com/smplkit/go-sdk/transport.go:97.2,99.3 1 37
github.com/smplkit/go-sdk/ws.go:46.31,51.2 4 19
github.com/smplkit/go-sdk/ws.go:53.95,64.2 1 41
github.com/smplkit/go-sdk/ws.go:67.88,72.2 4 19
github.com/smplkit/go-sdk/ws.go:75.82,85.18 4 8
github.com/smplkit/go-sdk/ws.go:85.18,87.3 1 7
github.com/smplkit/go-sdk/ws.go:90.84,96.25 5 5
github.com/smplkit/go-sdk/ws.go:96.25,97.10 1 3
github.com/smplkit/go-sdk/ws.go:97.10,98.17 1 3
github.com/smplkit/go-sdk/ws.go:98.17,99.33 1 3
github.com/smplkit/go-sdk/ws.go:99.33,101.6 1 1
github.com/smplkit/go-sdk/ws.go:103.4,103.15 1 3
github.com/smplkit/go-sdk/ws.go:108.54,112.2 3 9
github.com/smplkit/go-sdk/ws.go:114.48,118.2 3 76
github.com/smplkit/go-sdk/ws.go:120.59,123.2 2 22
github.com/smplkit/go-sdk/ws.go:126.36,128.2 1 15
github.com/smplkit/go-sdk/ws.go:131.35,132.25 1 7
github.com/smplkit/go-sdk/ws.go:132.25,134.3 1 7
github.com/smplkit/go-sdk/ws.go:135.2,136.30 2 7
github.com/smplkit/go-sdk/ws.go:139.48,141.38 2 40
github.com/smplkit/go-sdk/ws.go:141.38,143.3 1 29
github.com/smplkit/go-sdk/ws.go:143.8,143.44 1 11
github.com/smplkit/go-sdk/ws.go:143.44,145.3 1 10
github.com/smplkit/go-sdk/ws.go:145.8,147.3 1 1
github.com/smplkit/go-sdk/ws.go:148.2,149.79 2 40
github.com/smplkit/go-sdk/ws.go:152.34,153.15 1 21
github.com/smplkit/go-sdk/ws.go:153.15,156.3 2 13
github.com/smplkit/go-sdk/ws.go:158.2,159.18 2 21
github.com/smplkit/go-sdk/ws.go:159.18,161.3 1 18
github.com/smplkit/go-sdk/ws.go:162.2,163.21 2 21
github.com/smplkit/go-sdk/ws.go:163.21,165.3 1 18
github.com/smplkit/go-sdk/ws.go:167.2,167.6 1 21
github.com/smplkit/go-sdk/ws.go:167.6,168.10 1 30
github.com/smplkit/go-sdk/ws.go:169.21,170.10 1 4
github.com/smplkit/go-sdk/ws.go:171.11,171.11 0 26
github.com/smplkit/go-sdk/ws.go:174.3,175.13 2 26
github.com/smplkit/go-sdk/ws.go:175.13,177.4 1 4
github.com/smplkit/go-sdk/ws.go:180.3,181.10 2 14
github.com/smplkit/go-sdk/ws.go:182.21,183.10 1 5
github.com/smplkit/go-sdk/ws.go:184.30,184.30 0 9
github.com/smplkit/go-sdk/ws.go:186.3,186.27 1 9
github.com/smplkit/go-sdk/ws.go:186.27,188.28 2 4
github.com/smplkit/go-sdk/ws.go:188.28,190.5 1 1
github.com/smplkit/go-sdk/ws.go:195.52,200.17 4 36
github.com/smplkit/go-sdk/ws.go:200.17,202.3 1 1
github.com/smplkit/go-sdk/ws.go:204.2,205.20 2 36
github.com/smplkit/go-sdk/ws.go:205.20,206.10 1 19
github.com/smplkit/go-sdk/ws.go:207.21,208.15 1 5
github.com/smplkit/go-sdk/ws.go:209.11,209.11 0 14
github.com/smplkit/go-sdk/ws.go:211.3,211.15 1 14
github.com/smplkit/go-sdk/ws.go:213.2,217.44 3 9
github.com/smplkit/go-sdk/ws.go:217.44,218.10 1 4
github.com/smplkit/go-sdk/ws.go:219.21,220.15 1 1
github.com/smplkit/go-sdk/ws.go:221.11,221.11 0 3
github.com/smplkit/go-sdk/ws.go:223.3,223.15 1 3
github.com/smplkit/go-sdk/ws.go:226.2,226.60 1 5
github.com/smplkit/go-sdk/ws.go:226.60,229.3 2 1
github.com/smplkit/go-sdk/ws.go:231.2,232.23 2 4
github.com/smplkit/go-sdk/ws.go:232.23,234.3 1 0
github.com/smplkit/go-sdk/ws.go:237.2,239.12 3 4
github.com/smplkit/go-sdk/ws.go:239.12,240.10 1 4
github.com/smplkit/go-sdk/ws.go:241.21,242.16 1 1
github.com/smplkit/go-sdk/ws.go:243.22,243.22 0 3
github.com/smplkit/go-sdk/ws.go:248.2,248.6 1 4
github.com/smplkit/go-sdk/ws.go:248.6,250.21 2 8
github.com/smplkit/go-sdk/ws.go:250.21,251.25 1 4
github.com/smplkit/go-sdk/ws.go:251.25,253.5 1 0
github.com/smplkit/go-sdk/ws.go:254.4,254.11 1 4
github.com/smplkit/go-sdk/ws.go:255.22,256.16 1 1
github.com/smplkit/go-sdk/ws.go:257.12,257.12 0 3
github.com/smplkit/go-sdk/ws.go:259.4,259.16 1 3
github.com/smplkit/go-sdk/ws.go:263.3,263.32 1 4
github.com/smplkit/go-sdk/ws.go:263.32,265.12 2 1
github.com/smplkit/go-sdk/ws.go:268.3,269.56 2 3
github.com/smplkit/go-sdk/ws.go:269.56,270.12 1 1
github.com/smplkit/go-sdk/ws.go:273.3,274.18 2 2
github.com/smplkit/go-sdk/ws.go:274.18,276.4 1 1
